<?xml version='1.0' encoding='utf-8'?>
<testsuites><testsuite name="Booking\ExtraSeat.spec.ts" timestamp="2025-03-10T08:04:07.748Z" hostname="chromium" tests="5" failures="4" skipped="1" time="1447.282" errors="0"><testcase name="1. Compra 1 adulto - Economy Light - con asiento - sin extras" classname="Booking\ExtraSeat.spec.ts" time="360.581"><failure message="ExtraSeat.spec.ts:34:5 1. Compra 1 adulto - Economy Light - con asiento - sin extras" type="FAILURE">
  [chromium] › Booking\ExtraSeat.spec.ts:34:5 › 1. Compra 1 adulto - Economy Light - con asiento - sin extras 

    Test timeout of 360000ms exceeded.

    Error: browserContext.close: Target page, context or browser has been closed

       at ..\utils\test-framework.ts:825

      823 |     } finally {
      824 |       await page.close();
    &gt; 825 |       await context.close();
          |       ^
      826 |     }
      827 |     
      828 |     if (success) {
        at runSingleTest (C:\playwright-project\src\utils\test-framework.ts:825:7)
        at C:\playwright-project\src\tests\Booking\ExtraSeat.spec.ts:37:5

    attachment #1: screenshot (image/png) ──────────────────────────────────────────────────────────
    test-results\Booking-ExtraSeat-1-Compra-1c9aa----con-asiento---sin-extras-chromium\test-failed-1.png
    ────────────────────────────────────────────────────────────────────────────────────────────────

</failure>
<system-out>
[INFO] Ejecutando prueba: 1. Compra 1 adulto - Economy Light - con asiento - sin extras
[INFO] Intento 1/5
[INFO] Iniciando prueba: 1. Compra 1 adulto - Economy Light - con asiento - sin extras
[INFO] Inicializando test
[INFO] Cookies aceptadas
[INFO] Configurando idioma y moneda
[INFO] Ejecutando setLanguageAndCurrency (intento 1/3)
[INFO] Idioma configurado a EN, Moneda configurada a USD
[INFO] Test inicializado correctamente
[INFO] Seleccionando origen: SCL, destino: BCN
[INFO] Origen y destino seleccionados correctamente
[INFO] Tipo de viaje se mantiene como ida y vuelta (por defecto)
[INFO] Seleccionando fechas de vuelo
[INFO] Ejecutando selectFlightDates (intento 1/3)
[INFO] Esperando 1000ms antes del siguiente intento...
[INFO] Estabilizando página antes del reintento 2...
[INFO] Ejecutando selectFlightDates (intento 2/3)
[INFO] Esperando 2000ms antes del siguiente intento...
[INFO] Estabilizando página antes del reintento 3...

</system-out>
<system-err>
Error managing round trip flow: Cannot read properties of undefined (reading 'click')
[WARN] Error en selectFlightDates (intento 1/3): Cannot read properties of undefined (reading 'click') [90mundefined[39m
Error al seleccionar país y fecha: locator.click: Test ended.
Call log:
[2m  - waiting for getByRole('button', { name: 'Next Month' })[22m
[2m    - locator resolved to &lt;button aria-label="Next Month" class="react-datepicker__navigation react-datepicker__navigation--next"&gt;…&lt;/button&gt;[22m
[2m  - attempting click action[22m
[2m    - waiting for element to be visible, enabled and stable[22m
[2m  - element was detached from the DOM, retrying[22m
[2m    - locator resolved to &lt;button aria-label="Next Month" class="react-datepicker__navigation react-datepicker__navigation--next"&gt;…&lt;/button&gt;[22m
[2m  - attempting click action[22m
[2m    - waiting for element to be visible, enabled and stable[22m
[2m    - element is visible, enabled and stable[22m
[2m    - scrolling into view if needed[22m
[2m    - done scrolling[22m
[2m    - performing click action[22m

Error managing round trip flow: locator.click: Test ended.
Call log:
[2m  - waiting for getByRole('button', { name: 'Next Month' })[22m
[2m    - locator resolved to &lt;button aria-label="Next Month" class="react-datepicker__navigation react-datepicker__navigation--next"&gt;…&lt;/button&gt;[22m
[2m  - attempting click action[22m
[2m    - waiting for element to be visible, enabled and stable[22m
[2m  - element was detached from the DOM, retrying[22m
[2m    - locator resolved to &lt;button aria-label="Next Month" class="react-datepicker__navigation react-datepicker__navigation--next"&gt;…&lt;/button&gt;[22m
[2m  - attempting click action[22m
[2m    - waiting for element to be visible, enabled and stable[22m
[2m    - element is visible, enabled and stable[22m
[2m    - scrolling into view if needed[22m
[2m    - done scrolling[22m
[2m    - performing click action[22m

[WARN] Error en selectFlightDates (intento 2/3): locator.click: Test ended.
Call log:
[2m  - waiting for getByRole('button', { name: 'Next Month' })[22m
[2m    - locator resolved to &lt;button aria-label="Next Month" class="react-datepicker__navigation react-datepicker__navigation--next"&gt;…&lt;/button&gt;[22m
[2m  - attempting click action[22m
[2m    - waiting for element to be visible, enabled and stable[22m
[2m  - element was detached from the DOM, retrying[22m
[2m    - locator resolved to &lt;button aria-label="Next Month" class="react-datepicker__navigation react-datepicker__navigation--next"&gt;…&lt;/button&gt;[22m
[2m  - attempting click action[22m
[2m    - waiting for element to be visible, enabled and stable[22m
[2m    - element is visible, enabled and stable[22m
[2m    - scrolling into view if needed[22m
[2m    - done scrolling[22m
[2m    - performing click action[22m
 [90mundefined[39m
[WARN] Error al estabilizar página: page.waitForTimeout: Target page, context or browser has been closed [90mundefined[39m
[ERROR] Error al seleccionar fechas de vuelo page.waitForTimeout: Target page, context or browser has been closed
    at LevelTestRunner.executeWithRetry [90m(C:\playwright-project\[39msrc\utils\test-framework.ts:718:23[90m)[39m
    at LevelTestRunner.selectFlightDates [90m(C:\playwright-project\[39msrc\utils\test-framework.ts:215:7[90m)[39m
    at LevelTestRunner.runCompleteTest [90m(C:\playwright-project\[39msrc\utils\test-framework.ts:754:7[90m)[39m
    at runSingleTest [90m(C:\playwright-project\[39msrc\utils\test-framework.ts:820:17[90m)[39m
    at [90mC:\playwright-project\[39msrc\tests\Booking\ExtraSeat.spec.ts:37:5
[ERROR] Error durante la ejecución de la prueba 1. Compra 1 adulto - Economy Light - con asiento - sin extras: page.waitForTimeout: Target page, context or browser has been closed
    at LevelTestRunner.executeWithRetry [90m(C:\playwright-project\[39msrc\utils\test-framework.ts:718:23[90m)[39m
    at LevelTestRunner.selectFlightDates [90m(C:\playwright-project\[39msrc\utils\test-framework.ts:215:7[90m)[39m
    at LevelTestRunner.runCompleteTest [90m(C:\playwright-project\[39msrc\utils\test-framework.ts:754:7[90m)[39m
    at runSingleTest [90m(C:\playwright-project\[39msrc\utils\test-framework.ts:820:17[90m)[39m
    at [90mC:\playwright-project\[39msrc\tests\Booking\ExtraSeat.spec.ts:37:5

Warning: attachment Booking-ExtraSeat-1-Compra-1c9aa----con-asiento---sin-extras-chromium\test-failed-1.png is missing
</system-err>
</testcase><testcase name="2. Compra 2 adultos (Diferentes) - Economy Light - Economy Light - sin asistencia - con asiento - sin extras" classname="Booking\ExtraSeat.spec.ts" time="362.683"><failure message="ExtraSeat.spec.ts:44:5 2. Compra 2 adultos (Diferentes) - Economy Light - Economy Light - sin asistencia - con asiento - sin extras" type="FAILURE">
  [chromium] › Booking\ExtraSeat.spec.ts:44:5 › 2. Compra 2 adultos (Diferentes) - Economy Light - Economy Light - sin asistencia - con asiento - sin extras 

    Test timeout of 360000ms exceeded.

    Error: browserContext.close: Target page, context or browser has been closed

       at ..\utils\test-framework.ts:825

      823 |     } finally {
      824 |       await page.close();
    &gt; 825 |       await context.close();
          |       ^
      826 |     }
      827 |     
      828 |     if (success) {
        at runSingleTest (C:\playwright-project\src\utils\test-framework.ts:825:7)
        at C:\playwright-project\src\tests\Booking\ExtraSeat.spec.ts:47:5

    attachment #1: screenshot (image/png) ──────────────────────────────────────────────────────────
    test-results\Booking-ExtraSeat-2-Compra-47d28----con-asiento---sin-extras-chromium\test-failed-1.png
    ────────────────────────────────────────────────────────────────────────────────────────────────

</failure>
<system-out>
[INFO] Ejecutando prueba: 2. Compra 2 adultos (Diferentes) - Economy Light - sin asistencia - con asiento - sin extras
[INFO] Intento 1/5
[INFO] Iniciando prueba: 2. Compra 2 adultos (Diferentes) - Economy Light - sin asistencia - con asiento - sin extras
[INFO] Inicializando test
[INFO] Cookies aceptadas
[INFO] Configurando idioma y moneda
[INFO] Ejecutando setLanguageAndCurrency (intento 1/3)
[INFO] Idioma configurado a EN, Moneda configurada a USD
[INFO] Test inicializado correctamente
[INFO] Seleccionando origen: SCL, destino: BCN
[INFO] Origen y destino seleccionados correctamente
[INFO] Tipo de viaje se mantiene como ida y vuelta (por defecto)
[INFO] Seleccionando fechas de vuelo
[INFO] Ejecutando selectFlightDates (intento 1/3)
[INFO] Esperando 1000ms antes del siguiente intento...
[INFO] Estabilizando página antes del reintento 2...
[INFO] Ejecutando selectFlightDates (intento 2/3)
[INFO] Esperando 2000ms antes del siguiente intento...
[INFO] Estabilizando página antes del reintento 3...

</system-out>
<system-err>
Error managing round trip flow: Cannot read properties of undefined (reading 'click')
[WARN] Error en selectFlightDates (intento 1/3): Cannot read properties of undefined (reading 'click') [90mundefined[39m
Error al seleccionar país y fecha: locator.click: Test ended.
Call log:
[2m  - waiting for getByRole('button', { name: 'Next Month' })[22m
[2m    - locator resolved to &lt;button aria-label="Next Month" class="react-datepicker__navigation react-datepicker__navigation--next"&gt;…&lt;/button&gt;[22m
[2m  - attempting click action[22m
[2m    - waiting for element to be visible, enabled and stable[22m
[2m  - element was detached from the DOM, retrying[22m
[2m    - locator resolved to &lt;button aria-label="Next Month" class="react-datepicker__navigation react-datepicker__navigation--next"&gt;…&lt;/button&gt;[22m
[2m  - attempting click action[22m
[2m    - waiting for element to be visible, enabled and stable[22m

Error managing round trip flow: locator.click: Test ended.
Call log:
[2m  - waiting for getByRole('button', { name: 'Next Month' })[22m
[2m    - locator resolved to &lt;button aria-label="Next Month" class="react-datepicker__navigation react-datepicker__navigation--next"&gt;…&lt;/button&gt;[22m
[2m  - attempting click action[22m
[2m    - waiting for element to be visible, enabled and stable[22m
[2m  - element was detached from the DOM, retrying[22m
[2m    - locator resolved to &lt;button aria-label="Next Month" class="react-datepicker__navigation react-datepicker__navigation--next"&gt;…&lt;/button&gt;[22m
[2m  - attempting click action[22m
[2m    - waiting for element to be visible, enabled and stable[22m

[WARN] Error en selectFlightDates (intento 2/3): locator.click: Test ended.
Call log:
[2m  - waiting for getByRole('button', { name: 'Next Month' })[22m
[2m    - locator resolved to &lt;button aria-label="Next Month" class="react-datepicker__navigation react-datepicker__navigation--next"&gt;…&lt;/button&gt;[22m
[2m  - attempting click action[22m
[2m    - waiting for element to be visible, enabled and stable[22m
[2m  - element was detached from the DOM, retrying[22m
[2m    - locator resolved to &lt;button aria-label="Next Month" class="react-datepicker__navigation react-datepicker__navigation--next"&gt;…&lt;/button&gt;[22m
[2m  - attempting click action[22m
[2m    - waiting for element to be visible, enabled and stable[22m
 [90mundefined[39m
[WARN] Error al estabilizar página: page.waitForTimeout: Target page, context or browser has been closed [90mundefined[39m
[ERROR] Error al seleccionar fechas de vuelo page.waitForTimeout: Target page, context or browser has been closed
    at LevelTestRunner.executeWithRetry [90m(C:\playwright-project\[39msrc\utils\test-framework.ts:718:23[90m)[39m
    at LevelTestRunner.selectFlightDates [90m(C:\playwright-project\[39msrc\utils\test-framework.ts:215:7[90m)[39m
    at LevelTestRunner.runCompleteTest [90m(C:\playwright-project\[39msrc\utils\test-framework.ts:754:7[90m)[39m
    at runSingleTest [90m(C:\playwright-project\[39msrc\utils\test-framework.ts:820:17[90m)[39m
    at [90mC:\playwright-project\[39msrc\tests\Booking\ExtraSeat.spec.ts:47:5
[ERROR] Error durante la ejecución de la prueba 2. Compra 2 adultos (Diferentes) - Economy Light - sin asistencia - con asiento - sin extras: page.waitForTimeout: Target page, context or browser has been closed
    at LevelTestRunner.executeWithRetry [90m(C:\playwright-project\[39msrc\utils\test-framework.ts:718:23[90m)[39m
    at LevelTestRunner.selectFlightDates [90m(C:\playwright-project\[39msrc\utils\test-framework.ts:215:7[90m)[39m
    at LevelTestRunner.runCompleteTest [90m(C:\playwright-project\[39msrc\utils\test-framework.ts:754:7[90m)[39m
    at runSingleTest [90m(C:\playwright-project\[39msrc\utils\test-framework.ts:820:17[90m)[39m
    at [90mC:\playwright-project\[39msrc\tests\Booking\ExtraSeat.spec.ts:47:5

Warning: attachment Booking-ExtraSeat-2-Compra-47d28----con-asiento---sin-extras-chromium\test-failed-1.png is missing
</system-err>
</testcase><testcase name="3. Compra 2 adultos (Diferentes) - Economy Light - Economy Light - Con asistencia TODAS - con asiento - sin extras" classname="Booking\ExtraSeat.spec.ts" time="363.563"><failure message="ExtraSeat.spec.ts:54:5 3. Compra 2 adultos (Diferentes) - Economy Light - Economy Light - Con asistencia TODAS - con asiento - sin extras" type="FAILURE">
  [chromium] › Booking\ExtraSeat.spec.ts:54:5 › 3. Compra 2 adultos (Diferentes) - Economy Light - Economy Light - Con asistencia TODAS - con asiento - sin extras 

    Test timeout of 360000ms exceeded.

    Error: browserContext.close: Target page, context or browser has been closed

       at ..\utils\test-framework.ts:825

      823 |     } finally {
      824 |       await page.close();
    &gt; 825 |       await context.close();
          |       ^
      826 |     }
      827 |     
      828 |     if (success) {
        at runSingleTest (C:\playwright-project\src\utils\test-framework.ts:825:7)
        at C:\playwright-project\src\tests\Booking\ExtraSeat.spec.ts:57:5

    attachment #1: screenshot (image/png) ──────────────────────────────────────────────────────────
    test-results\Booking-ExtraSeat-3-Compra-79c44----con-asiento---sin-extras-chromium\test-failed-1.png
    ────────────────────────────────────────────────────────────────────────────────────────────────

</failure>
<system-out>
[INFO] Ejecutando prueba: 3. Compra 2 adultos (Diferentes) - Economy Light - Con asistencia TODAS - con asiento - sin extras
[INFO] Intento 1/5
[INFO] Iniciando prueba: 3. Compra 2 adultos (Diferentes) - Economy Light - Con asistencia TODAS - con asiento - sin extras
[INFO] Inicializando test
[INFO] Cookies aceptadas
[INFO] Configurando idioma y moneda
[INFO] Ejecutando setLanguageAndCurrency (intento 1/3)
[INFO] Idioma configurado a EN, Moneda configurada a USD
[INFO] Test inicializado correctamente
[INFO] Seleccionando origen: SCL, destino: BCN
[INFO] Origen y destino seleccionados correctamente
[INFO] Tipo de viaje se mantiene como ida y vuelta (por defecto)
[INFO] Seleccionando fechas de vuelo
[INFO] Ejecutando selectFlightDates (intento 1/3)
[INFO] Esperando 1000ms antes del siguiente intento...
[INFO] Estabilizando página antes del reintento 2...
[INFO] Ejecutando selectFlightDates (intento 2/3)
[INFO] Esperando 2000ms antes del siguiente intento...
[INFO] Estabilizando página antes del reintento 3...
[INFO] Ejecutando selectFlightDates (intento 3/3)

</system-out>
<system-err>
Error managing round trip flow: Cannot read properties of undefined (reading 'click')
[WARN] Error en selectFlightDates (intento 1/3): Cannot read properties of undefined (reading 'click') [90mundefined[39m
Error managing round trip flow: Cannot read properties of undefined (reading 'click')
[WARN] Error en selectFlightDates (intento 2/3): Cannot read properties of undefined (reading 'click') [90mundefined[39m
Error al seleccionar país y fecha: locator.click: Test ended.
Call log:
[2m  - waiting for getByRole('button', { name: 'Next Month' })[22m
[2m    - locator resolved to &lt;button aria-label="Next Month" class="react-datepicker__navigation react-datepicker__navigation--next"&gt;…&lt;/button&gt;[22m
[2m  - attempting click action[22m
[2m    - waiting for element to be visible, enabled and stable[22m
[2m  - element was detached from the DOM, retrying[22m

Error managing round trip flow: locator.click: Test ended.
Call log:
[2m  - waiting for getByRole('button', { name: 'Next Month' })[22m
[2m    - locator resolved to &lt;button aria-label="Next Month" class="react-datepicker__navigation react-datepicker__navigation--next"&gt;…&lt;/button&gt;[22m
[2m  - attempting click action[22m
[2m    - waiting for element to be visible, enabled and stable[22m
[2m  - element was detached from the DOM, retrying[22m

[ERROR] Falló selectFlightDates después de 3 intentos: locator.click: Test ended.
Call log:
[2m  - waiting for getByRole('button', { name: 'Next Month' })[22m
[2m    - locator resolved to &lt;button aria-label="Next Month" class="react-datepicker__navigation react-datepicker__navigation--next"&gt;…&lt;/button&gt;[22m
[2m  - attempting click action[22m
[2m    - waiting for element to be visible, enabled and stable[22m
[2m  - element was detached from the DOM, retrying[22m
 [90mundefined[39m
[ERROR] Error al tomar captura de pantalla para selectFlightDates page.screenshot: Target page, context or browser has been closed
    at LevelTestRunner.takeErrorScreenshot [90m(C:\playwright-project\[39msrc\utils\test-framework.ts:731:23[90m)[39m
    at LevelTestRunner.executeWithRetry [90m(C:\playwright-project\[39msrc\utils\test-framework.ts:686:20[90m)[39m
    at LevelTestRunner.selectFlightDates [90m(C:\playwright-project\[39msrc\utils\test-framework.ts:215:7[90m)[39m
    at LevelTestRunner.runCompleteTest [90m(C:\playwright-project\[39msrc\utils\test-framework.ts:754:7[90m)[39m
    at runSingleTest [90m(C:\playwright-project\[39msrc\utils\test-framework.ts:820:17[90m)[39m
    at [90mC:\playwright-project\[39msrc\tests\Booking\ExtraSeat.spec.ts:57:5
[ERROR] Error al seleccionar fechas de vuelo locator.click: Test ended.
Call log:
[2m  - waiting for getByRole('button', { name: 'Next Month' })[22m
[2m    - locator resolved to &lt;button aria-label="Next Month" class="react-datepicker__navigation react-datepicker__navigation--next"&gt;…&lt;/button&gt;[22m
[2m  - attempting click action[22m
[2m    - waiting for element to be visible, enabled and stable[22m
[2m  - element was detached from the DOM, retrying[22m

    at selectCountryAndDate [90m(C:\playwright-project\[39msrc\page-objects\searchPage.ts:40:68[90m)[39m
    at selectRoundTripDates [90m(C:\playwright-project\[39msrc\page-objects\searchPage.ts:73:33[90m)[39m
    at [90mC:\playwright-project\[39msrc\utils\test-framework.ts:218:11
    at LevelTestRunner.executeWithRetry [90m(C:\playwright-project\[39msrc\utils\test-framework.ts:680:14[90m)[39m
    at LevelTestRunner.selectFlightDates [90m(C:\playwright-project\[39msrc\utils\test-framework.ts:215:7[90m)[39m
    at LevelTestRunner.runCompleteTest [90m(C:\playwright-project\[39msrc\utils\test-framework.ts:754:7[90m)[39m
    at runSingleTest [90m(C:\playwright-project\[39msrc\utils\test-framework.ts:820:17[90m)[39m
    at [90mC:\playwright-project\[39msrc\tests\Booking\ExtraSeat.spec.ts:57:5
[ERROR] Error durante la ejecución de la prueba 3. Compra 2 adultos (Diferentes) - Economy Light - Con asistencia TODAS - con asiento - sin extras: locator.click: Test ended.
Call log:
[2m  - waiting for getByRole('button', { name: 'Next Month' })[22m
[2m    - locator resolved to &lt;button aria-label="Next Month" class="react-datepicker__navigation react-datepicker__navigation--next"&gt;…&lt;/button&gt;[22m
[2m  - attempting click action[22m
[2m    - waiting for element to be visible, enabled and stable[22m
[2m  - element was detached from the DOM, retrying[22m

    at selectCountryAndDate [90m(C:\playwright-project\[39msrc\page-objects\searchPage.ts:40:68[90m)[39m
    at selectRoundTripDates [90m(C:\playwright-project\[39msrc\page-objects\searchPage.ts:73:33[90m)[39m
    at [90mC:\playwright-project\[39msrc\utils\test-framework.ts:218:11
    at LevelTestRunner.executeWithRetry [90m(C:\playwright-project\[39msrc\utils\test-framework.ts:680:14[90m)[39m
    at LevelTestRunner.selectFlightDates [90m(C:\playwright-project\[39msrc\utils\test-framework.ts:215:7[90m)[39m
    at LevelTestRunner.runCompleteTest [90m(C:\playwright-project\[39msrc\utils\test-framework.ts:754:7[90m)[39m
    at runSingleTest [90m(C:\playwright-project\[39msrc\utils\test-framework.ts:820:17[90m)[39m
    at [90mC:\playwright-project\[39msrc\tests\Booking\ExtraSeat.spec.ts:57:5

Warning: attachment Booking-ExtraSeat-3-Compra-79c44----con-asiento---sin-extras-chromium\test-failed-1.png is missing
</system-err>
</testcase><testcase name="Pruebas de cabinas con selección de asiento › Combinación Economy Comfort con asiento" classname="Booking\ExtraSeat.spec.ts" time="360.455"><failure message="ExtraSeat.spec.ts:72:7 Combinación Economy Comfort con asiento" type="FAILURE">
  [chromium] › Booking\ExtraSeat.spec.ts:72:7 › Pruebas de cabinas con selección de asiento › Combinación Economy Comfort con asiento 

    Test timeout of 360000ms exceeded.

    Error: browserContext.close: Target page, context or browser has been closed

       at ..\utils\test-framework.ts:825

      823 |     } finally {
      824 |       await page.close();
    &gt; 825 |       await context.close();
          |       ^
      826 |     }
      827 |     
      828 |     if (success) {
        at runSingleTest (C:\playwright-project\src\utils\test-framework.ts:825:7)
        at C:\playwright-project\src\tests\Booking\ExtraSeat.spec.ts:87:7

    attachment #1: screenshot (image/png) ──────────────────────────────────────────────────────────
    test-results\Booking-ExtraSeat-Pruebas--7426d-Economy-Comfort-con-asiento-chromium\test-failed-1.png
    ────────────────────────────────────────────────────────────────────────────────────────────────

</failure>
<system-out>
[INFO] Ejecutando prueba: Prueba personalizada - Economy Comfort - con asiento
[INFO] Intento 1/5
[INFO] Iniciando prueba: Prueba personalizada - Economy Comfort - con asiento
[INFO] Inicializando test
[INFO] Cookies aceptadas
[INFO] Configurando idioma y moneda
[INFO] Ejecutando setLanguageAndCurrency (intento 1/3)
[INFO] Idioma configurado a EN, Moneda configurada a USD
[INFO] Test inicializado correctamente
[INFO] Seleccionando origen: SCL, destino: BCN
[INFO] Origen y destino seleccionados correctamente
[INFO] Tipo de viaje se mantiene como ida y vuelta (por defecto)
[INFO] Seleccionando fechas de vuelo
[INFO] Ejecutando selectFlightDates (intento 1/3)
[INFO] Esperando 1000ms antes del siguiente intento...
[INFO] Estabilizando página antes del reintento 2...
[INFO] Ejecutando selectFlightDates (intento 2/3)
[INFO] Esperando 2000ms antes del siguiente intento...
[INFO] Estabilizando página antes del reintento 3...

</system-out>
<system-err>
Error managing round trip flow: Cannot read properties of undefined (reading 'click')
[WARN] Error en selectFlightDates (intento 1/3): Cannot read properties of undefined (reading 'click') [90mundefined[39m
Error managing round trip flow: locator.click: Test ended.
Call log:
[2m  - waiting for getByLabel('Choose Saturday, August 30th,').nth(1)[22m
[2m    - locator resolved to &lt;div title="" tabindex="-1" role="option" aria-disabled="false" aria-selected="false" aria-label="Choose Saturday, August 30th, 2025" class="react-datepicker__day react-datepicker__day react-datepicker__day--030 react-datepicker__day--weekend"&gt;…&lt;/div&gt;[22m
[2m  - attempting click action[22m
[2m    2 × waiting for element to be visible, enabled and stable[22m
[2m      - element is not visible[22m
[2m    - retrying click action[22m
[2m    - waiting 20ms[22m
[2m    2 × waiting for element to be visible, enabled and stable[22m
[2m      - element is not visible[22m
[2m    - retrying click action[22m
[2m      - waiting 100ms[22m
[2m    446 × waiting for element to be visible, enabled and stable[22m
[2m        - element is not visible[22m
[2m      - retrying click action[22m
[2m        - waiting 500ms[22m
[2m    - waiting for element to be visible, enabled and stable[22m

[WARN] Error en selectFlightDates (intento 2/3): locator.click: Test ended.
Call log:
[2m  - waiting for getByLabel('Choose Saturday, August 30th,').nth(1)[22m
[2m    - locator resolved to &lt;div title="" tabindex="-1" role="option" aria-disabled="false" aria-selected="false" aria-label="Choose Saturday, August 30th, 2025" class="react-datepicker__day react-datepicker__day react-datepicker__day--030 react-datepicker__day--weekend"&gt;…&lt;/div&gt;[22m
[2m  - attempting click action[22m
[2m    2 × waiting for element to be visible, enabled and stable[22m
[2m      - element is not visible[22m
[2m    - retrying click action[22m
[2m    - waiting 20ms[22m
[2m    2 × waiting for element to be visible, enabled and stable[22m
[2m      - element is not visible[22m
[2m    - retrying click action[22m
[2m      - waiting 100ms[22m
[2m    446 × waiting for element to be visible, enabled and stable[22m
[2m        - element is not visible[22m
[2m      - retrying click action[22m
[2m        - waiting 500ms[22m
[2m    - waiting for element to be visible, enabled and stable[22m
 [90mundefined[39m
[WARN] Error al estabilizar página: page.waitForTimeout: Target page, context or browser has been closed [90mundefined[39m
[ERROR] Error al seleccionar fechas de vuelo page.waitForTimeout: Target page, context or browser has been closed
    at LevelTestRunner.executeWithRetry [90m(C:\playwright-project\[39msrc\utils\test-framework.ts:718:23[90m)[39m
    at LevelTestRunner.selectFlightDates [90m(C:\playwright-project\[39msrc\utils\test-framework.ts:215:7[90m)[39m
    at LevelTestRunner.runCompleteTest [90m(C:\playwright-project\[39msrc\utils\test-framework.ts:754:7[90m)[39m
    at runSingleTest [90m(C:\playwright-project\[39msrc\utils\test-framework.ts:820:17[90m)[39m
    at [90mC:\playwright-project\[39msrc\tests\Booking\ExtraSeat.spec.ts:87:7
[ERROR] Error durante la ejecución de la prueba Prueba personalizada - Economy Comfort - con asiento: page.waitForTimeout: Target page, context or browser has been closed
    at LevelTestRunner.executeWithRetry [90m(C:\playwright-project\[39msrc\utils\test-framework.ts:718:23[90m)[39m
    at LevelTestRunner.selectFlightDates [90m(C:\playwright-project\[39msrc\utils\test-framework.ts:215:7[90m)[39m
    at LevelTestRunner.runCompleteTest [90m(C:\playwright-project\[39msrc\utils\test-framework.ts:754:7[90m)[39m
    at runSingleTest [90m(C:\playwright-project\[39msrc\utils\test-framework.ts:820:17[90m)[39m
    at [90mC:\playwright-project\[39msrc\tests\Booking\ExtraSeat.spec.ts:87:7

Warning: attachment Booking-ExtraSeat-Pruebas--7426d-Economy-Comfort-con-asiento-chromium\test-failed-1.png is missing
</system-err>
</testcase><testcase name="Grupos de pruebas con asiento › Todas las pruebas básicas con asiento" classname="Booking\ExtraSeat.spec.ts" time="0"><properties>
<property name="skip" value="">
</property>
</properties>
<skipped>
</skipped>
<system-out /></testcase></testsuite><testsuite name="Booking\NoExtraNoSeat.spec.ts" timestamp="2025-03-10T08:04:07.748Z" hostname="chromium" tests="28" failures="17" skipped="0" time="7939.613" errors="0"><testcase name="Pruebas de vuelos de solo ida (One-Way) › 1. Compra 1 adulto - Economy Light - sin asistencia - sin asiento - sin extras (One-Way)" classname="Booking\NoExtraNoSeat.spec.ts" time="190.857"><system-out>
[INFO] Ejecutando prueba: ONE-WAY: 1. Compra 1 adulto - Economy Light - sin asistencia
[INFO] Intento 1/5
[INFO] Iniciando prueba: ONE-WAY: 1. Compra 1 adulto - Economy Light - sin asistencia
[INFO] Inicializando test
[INFO] Cookies aceptadas
[INFO] Configurando idioma y moneda
[INFO] Ejecutando setLanguageAndCurrency (intento 1/3)
[INFO] Idioma configurado a EN, Moneda configurada a USD
[INFO] Test inicializado correctamente
[INFO] Seleccionando origen: SCL, destino: BCN
[INFO] Origen y destino seleccionados correctamente
[INFO] Tipo de viaje configurado a solo ida
[INFO] Seleccionando fechas de vuelo
[INFO] Ejecutando selectFlightDates (intento 1/3)
Selected departure date: { year: [32m'2025'[39m, month: [32m'8'[39m, index: [33m13[39m, value: [33m26[39m }
[INFO] Fechas de vuelo seleccionadas correctamente
[INFO] Seleccionando pasajeros: 1 adultos, 0 niños, 0 infantes
[INFO] Ejecutando selectPassengers (intento 1/3)
Ajustando número de pasajeros
[INFO] Pasajeros seleccionados correctamente
[INFO] Seleccionando clases y tipos de vuelo
[INFO] Ejecutando selectFlightClasses (intento 1/3)
[INFO] Capturando información del vuelo de ida
[INFO] Extrayendo información de vuelo OUTBOUND, tarjeta #0
[INFO] Información del vuelo de ida capturada con éxito {
  direction: [32m'OUTBOUND'[39m,
  date: [32m'Tue, Aug 26'[39m,
  origin: { code: [32m'SCL'[39m, name: [32m'Santiago'[39m },
  destination: { code: [32m'BCN'[39m, name: [32m'Barcelona'[39m },
  times: {
    departure: [32m'10:25'[39m,
    arrival: [32m'06:10'[39m,
    duration: [32m'13h 45m'[39m,
    nextDay: [33mtrue[39m
  },
  airline: [32m'IB'[39m,
  flightNumber: [32m''[39m,
  cabinOptions: {
    economy: { name: [32m'ECONOMY'[39m, price: [32m'$714'[39m },
    premium: { name: [32m'PREMIUM'[39m, price: [32m'$1,190'[39m }
  },
  cardSelector: [32m'.outbound-flight-container .card-flight:nth-child(1)'[39m,
  selectedCabin: { class: [32m'Economy'[39m, type: [32m'Light'[39m, fullName: [32m'Economy Light'[39m }
}
[INFO] Seleccionando cabina para vuelo de ida: Economy
[INFO] Successfully clicked the element: .outbound-flight-container .card-flight:nth-child(1) .btn-economy
[INFO] Información de vuelo capturada y almacenada {
  outbound: {
    direction: [32m'OUTBOUND'[39m,
    date: [32m'Tue, Aug 26'[39m,
    origin: { code: [32m'SCL'[39m, name: [32m'Santiago'[39m },
    destination: { code: [32m'BCN'[39m, name: [32m'Barcelona'[39m },
    times: {
      departure: [32m'10:25'[39m,
      arrival: [32m'06:10'[39m,
      duration: [32m'13h 45m'[39m,
      nextDay: [33mtrue[39m
    },
    airline: [32m'IB'[39m,
    flightNumber: [32m''[39m,
    cabinOptions: { economy: [36m[Object][39m, premium: [36m[Object][39m },
    cardSelector: [32m'.outbound-flight-container .card-flight:nth-child(1)'[39m,
    selectedCabin: { class: [32m'Economy'[39m, type: [32m'Light'[39m, fullName: [32m'Economy Light'[39m }
  },
  return: {}
}
[INFO] Clases y tipos de vuelo seleccionados correctamente
[INFO] Completando datos para 1 adultos, 0 niños, 0 infantes
[INFO] Ejecutando fillPassengerAdult-1 (intento 1/5)
[INFO] Completando datos para adulto 1 de 1: Juan Perez
[INFO] Empezando a completar datos para Adult 1: Juan Perez
[INFO] Formulario para Adult-0 encontrado y visible
[INFO] Intentando completar nombre (1/3)
[INFO] Campo nombre completado con: Juan
[INFO] Intentando completar apellido (1/3)
[INFO] Campo apellido completado con: Perez
[INFO] Intentando completar fecha de nacimiento (1/3)
[INFO] Campo fecha de nacimiento completado con: 03/09/2010
[INFO] Intentando seleccionar país Afghanistan (1/4)
[INFO] Combobox de nacionalidad abierto
[INFO] Filtrado países con: Afg
[INFO] País seleccionado: Afghanistan
[INFO] Selección de país completada: Afghanistan
[INFO] Intentando seleccionar género (1/3)
[INFO] Género seleccionado: female
[INFO] Completados todos los datos para Adult 1: Juan Perez
[INFO] Datos de todos los pasajeros completados correctamente
[INFO] Completando datos de contacto para purchase
[INFO] Ejecutando fillContactDetails (intento 1/3)
[INFO] Haciendo clic en "Complete your purchase"
[INFO] ¿Botón "Complete your purchase" visible? true
[INFO] Datos de contacto completados correctamente
[INFO] Prueba no incluye selección de asientos
[INFO] Procesando pago
[INFO] Ejecutando processPayment (intento 1/3)
Iframe encontrado.
[INFO] Pago procesado correctamente
[INFO] Verificando confirmación de reserva
[INFO] Esperando a que la navegación a la página de confirmación se complete...
[INFO] URL actual: https://lv-fndoor-ecommerce-sbx-ghdubdbgdtcsane6.a01.azurefd.net/nwe/confirmation/?forcedCulture=en
[INFO] Ejecutando verifyBookingConfirmation (intento 1/5)
[INFO] Iniciando validación de la página de confirmación
[INFO] Esperando a que la navegación a la página de confirmación se complete (máximo 60000ms)...
[INFO] URL actual: https://lv-fndoor-ecommerce-sbx-ghdubdbgdtcsane6.a01.azurefd.net/nwe/confirmation/?forcedCulture=en
[INFO] URL de confirmación detectada después de 29ms
[INFO] Navegación a la página de confirmación completada
[INFO] Buscando sección "Flight Summary" en la página
[INFO] Sección "Flight Summary" encontrada mediante estrategia: exact
[INFO] Esperando a elementos adicionales de la página de confirmación
[INFO] Elemento .flight-info__journey-type encontrado correctamente
[INFO] Elemento .flight-info__routes encontrado correctamente
[INFO] Elemento .flight-card__footer encontrado correctamente
[INFO] Extrayendo código de reserva
[INFO] Código de reserva extraído: LF70Z
[INFO] Detalles de vuelo extraídos de la página de confirmación: {}
Successfully saved booking code LF70Z and all details to Excel
[INFO] Información guardada exitosamente en Excel
[INFO] Reserva confirmada correctamente
[INFO] Prueba completada exitosamente: ONE-WAY: 1. Compra 1 adulto - Economy Light - sin asistencia
[INFO] Prueba "ONE-WAY: 1. Compra 1 adulto - Economy Light - sin asistencia" exitosa

</system-out>
</testcase><testcase name="Pruebas de vuelos de solo ida (One-Way) › 3. Compra 2 adultos (Diferentes) - Economy Light - Con asistencia TODAS - sin asiento - sin extras (One-Way)" classname="Booking\NoExtraNoSeat.spec.ts" time="364.027"><failure message="NoExtraNoSeat.spec.ts:75:7 3. Compra 2 adultos (Diferentes) - Economy Light - Con asistencia TODAS - sin asiento - sin extras (One-Way)" type="FAILURE">
  [chromium] › Booking\NoExtraNoSeat.spec.ts:75:7 › Pruebas de vuelos de solo ida (One-Way) › 3. Compra 2 adultos (Diferentes) - Economy Light - Con asistencia TODAS - sin asiento - sin extras (One-Way) 

    Test timeout of 360000ms exceeded.

    Error: browserContext.close: Test ended.
    Browser logs:

    &lt;launching&gt; C:\Users\SofiaMartínezLópez\AppData\Local\ms-playwright\chromium_headless_shell-1148\chrome-win\headless_shell.exe --disable-field-trial-config --disable-background-networking --disable-background-timer-throttling --disable-backgrounding-occluded-windows --disable-back-forward-cache --disable-breakpad --disable-client-side-phishing-detection --disable-component-extensions-with-background-pages --disable-component-update --no-default-browser-check --disable-default-apps --disable-dev-shm-usage --disable-extensions --disable-features=ImprovedCookieControls,LazyFrameLoading,GlobalMediaControls,DestroyProfileOnBrowserClose,MediaRouter,DialMediaRouteProvider,AcceptCHFrame,AutoExpandDetailsElement,CertificateTransparencyComponentUpdater,AvoidUnnecessaryBeforeUnloadCheckSync,Translate,HttpsUpgrades,PaintHolding,ThirdPartyStoragePartitioning,LensOverlay,PlzDedicatedWorker --allow-pre-commit-input --disable-hang-monitor --disable-ipc-flooding-protection --disable-popup-blocking --disable-prompt-on-repost --disable-renderer-backgrounding --force-color-profile=srgb --metrics-recording-only --no-first-run --enable-automation --password-store=basic --use-mock-keychain --no-service-autorun --export-tagged-pdf --disable-search-engine-choice-screen --unsafely-disable-devtools-self-xss-warnings --headless --hide-scrollbars --mute-audio --blink-settings=primaryHoverType=2,availableHoverTypes=2,primaryPointerType=4,availablePointerTypes=4 --no-sandbox --user-data-dir=C:\Users\SOFIAM~1\AppData\Local\Temp\playwright_chromiumdev_profile-kjj7v7 --remote-debugging-pipe --no-startup-window
    &lt;launched&gt; pid=14956
    [pid=14956][err] [0310/090704.780:ERROR:gles2_cmd_decoder_passthrough.cc(1053)] [GroupMarkerNotSet(crbug.com/242999)!:A0F0BE00F4060000]Automatic fallback to software WebGL has been deprecated. Please use the --enable-unsafe-swiftshader flag to opt in to lower security guarantees for trusted content.
    [pid=14956][err] [0310/090704.872:ERROR:gl_utils.cc(426)] [.WebGL-0x4efc04777100]GL Driver Message (OpenGL, Performance, GL_CLOSE_PATH_NV, High): GPU stall due to ReadPixels
    [pid=14956][err] [0310/090705.637:ERROR:gles2_cmd_decoder_passthrough.cc(1053)] [GroupMarkerNotSet(crbug.com/242999)!:A020BF00F4060000]Automatic fallback to software WebGL has been deprecated. Please use the --enable-unsafe-swiftshader flag to opt in to lower security guarantees for trusted content.
    [pid=14956][err] [0310/090705.674:ERROR:gl_utils.cc(426)] [.WebGL-0x4efc005c0600]GL Driver Message (OpenGL, Performance, GL_CLOSE_PATH_NV, High): GPU stall due to ReadPixels
    [pid=14956][err] [0310/090707.093:ERROR:gles2_cmd_decoder_passthrough.cc(1053)] [GroupMarkerNotSet(crbug.com/242999)!:A0F0BE00F4060000]Automatic fallback to software WebGL has been deprecated. Please use the --enable-unsafe-swiftshader flag to opt in to lower security guarantees for trusted content.
    [pid=14956][err] [0310/090707.216:ERROR:gles2_cmd_decoder_passthrough.cc(1053)] [GroupMarkerNotSet(crbug.com/242999)!:A020BF00F4060000]Automatic fallback to software WebGL has been deprecated. Please use the --enable-unsafe-swiftshader flag to opt in to lower security guarantees for trusted content.
    [pid=14956][err] [0310/090707.227:ERROR:gles2_cmd_decoder_passthrough.cc(1053)] [GroupMarkerNotSet(crbug.com/242999)!:A050BF00F4060000]Automatic fallback to software WebGL has been deprecated. Please use the --enable-unsafe-swiftshader flag to opt in to lower security guarantees for trusted content.
    [pid=14956][err] [0310/090707.240:ERROR:gl_utils.cc(426)] [.WebGL-0x4efc04777800]GL Driver Message (OpenGL, Performance, GL_CLOSE_PATH_NV, High): GPU stall due to ReadPixels
    [pid=14956][err] [0310/090707.272:ERROR:gles2_cmd_decoder_passthrough.cc(1053)] [GroupMarkerNotSet(crbug.com/242999)!:A080C400F4060000]Automatic fallback to software WebGL has been deprecated. Please use the --enable-unsafe-swiftshader flag to opt in to lower security guarantees for trusted content.
    [pid=14956][err] [0310/090707.282:ERROR:gles2_cmd_decoder_passthrough.cc(1053)] [GroupMarkerNotSet(crbug.com/242999)!:A0B0C400F4060000]Automatic fallback to software WebGL has been deprecated. Please use the --enable-unsafe-swiftshader flag to opt in to lower security guarantees for trusted content.
    [pid=14956][err] [0310/090707.605:ERROR:gles2_cmd_decoder_passthrough.cc(1053)] [GroupMarkerNotSet(crbug.com/242999)!:A0E0C400F4060000]Automatic fallback to software WebGL has been deprecated. Please use the --enable-unsafe-swiftshader flag to opt in to lower security guarantees for trusted content.
    [pid=14956][err] [0310/090707.666:ERROR:gles2_cmd_decoder_passthrough.cc(1053)] [GroupMarkerNotSet(crbug.com/242999)!:A010C500F4060000]Automatic fallback to software WebGL has been deprecated. Please use the --enable-unsafe-swiftshader flag to opt in to lower security guarantees for trusted content.
    [pid=14956][err] [0310/090707.679:ERROR:gles2_cmd_decoder_passthrough.cc(1053)] [GroupMarkerNotSet(crbug.com/242999)!:A080CB00F4060000]Automatic fallback to software WebGL has been deprecated. Please use the --enable-unsafe-swiftshader flag to opt in to lower security guarantees for trusted content.
    [pid=14956][err] [0310/090707.692:ERROR:gl_utils.cc(426)] [.WebGL-0x4efc024b1c00]GL Driver Message (OpenGL, Performance, GL_CLOSE_PATH_NV, High): GPU stall due to ReadPixels (this message will no longer repeat)
    [pid=14956][err] [0310/090707.724:ERROR:gles2_cmd_decoder_passthrough.cc(1053)] [GroupMarkerNotSet(crbug.com/242999)!:A0B0CB00F4060000]Automatic fallback to software WebGL has been deprecated. Please use the --enable-unsafe-swiftshader flag to opt in to lower security guarantees for trusted content.
    [pid=14956][err] [0310/090707.732:ERROR:gles2_cmd_decoder_passthrough.cc(1053)] [GroupMarkerNotSet(crbug.com/242999)!:A0E0CB00F4060000]Automatic fallback to software WebGL has been deprecated. Please use the --enable-unsafe-swiftshader flag to opt in to lower security guarantees for trusted content.
    [pid=14956][err] [0310/090707.810:ERROR:web_contents_delegate.cc(283)] WebContentsDelegate::CheckMediaAccessPermission: Not supported.
    [pid=14956][err] [0310/090707.810:ERROR:web_contents_delegate.cc(283)] WebContentsDelegate::CheckMediaAccessPermission: Not supported.
    [pid=14956][err] [0310/090707.922:ERROR:web_contents_delegate.cc(283)] WebContentsDelegate::CheckMediaAccessPermission: Not supported.
    [pid=14956][err] [0310/090707.922:ERROR:web_contents_delegate.cc(283)] WebContentsDelegate::CheckMediaAccessPermission: Not supported.
    [pid=14956] &lt;gracefully close start&gt;

       at ..\utils\test-framework.ts:825

      823 |     } finally {
      824 |       await page.close();
    &gt; 825 |       await context.close();
          |       ^
      826 |     }
      827 |     
      828 |     if (success) {
        at runSingleTest (C:\playwright-project\src\utils\test-framework.ts:825:7)
        at C:\playwright-project\src\tests\Booking\NoExtraNoSeat.spec.ts:78:7

    attachment #1: screenshot (image/png) ──────────────────────────────────────────────────────────
    test-results\Booking-NoExtraNoSeat-Prue-e5c56-iento---sin-extras-One-Way--chromium\test-failed-1.png
    ────────────────────────────────────────────────────────────────────────────────────────────────

</failure>
<system-out>
[INFO] Ejecutando prueba: ONE-WAY: 3. Compra 2 adultos (Diferentes) - Economy Light - Con asistencia TODAS
[INFO] Intento 1/5
[INFO] Iniciando prueba: ONE-WAY: 3. Compra 2 adultos (Diferentes) - Economy Light - Con asistencia TODAS
[INFO] Inicializando test
[INFO] Cookies aceptadas
[INFO] Configurando idioma y moneda
[INFO] Ejecutando setLanguageAndCurrency (intento 1/3)
[INFO] Idioma configurado a EN, Moneda configurada a USD
[INFO] Test inicializado correctamente
[INFO] Seleccionando origen: SCL, destino: BCN
[INFO] Origen y destino seleccionados correctamente
[INFO] Tipo de viaje configurado a solo ida
[INFO] Seleccionando fechas de vuelo
[INFO] Ejecutando selectFlightDates (intento 1/3)
Selected departure date: { year: [32m'2025'[39m, month: [32m'7'[39m, index: [33m18[39m, value: [33m31[39m }
[INFO] Fechas de vuelo seleccionadas correctamente
[INFO] Seleccionando pasajeros: 2 adultos, 0 niños, 0 infantes
[INFO] Ejecutando selectPassengers (intento 1/3)
Ajustando número de pasajeros
[INFO] Pasajeros seleccionados correctamente
[INFO] Seleccionando clases y tipos de vuelo
[INFO] Ejecutando selectFlightClasses (intento 1/3)
[INFO] Capturando información del vuelo de ida
[INFO] Extrayendo información de vuelo OUTBOUND, tarjeta #0
[INFO] Información del vuelo de ida capturada con éxito {
  direction: [32m'OUTBOUND'[39m,
  date: [32m'Thu, Jul 31'[39m,
  origin: { code: [32m'SCL'[39m, name: [32m'Santiago'[39m },
  destination: { code: [32m'BCN'[39m, name: [32m'Barcelona'[39m },
  times: {
    departure: [32m'10:25'[39m,
    arrival: [32m'06:10'[39m,
    duration: [32m'13h 45m'[39m,
    nextDay: [33mtrue[39m
  },
  airline: [32m'IB'[39m,
  flightNumber: [32m''[39m,
  cabinOptions: {
    economy: { name: [32m'ECONOMY'[39m, price: [32m'$565'[39m },
    premium: { name: [32m'PREMIUM'[39m, price: [32m'$751'[39m }
  },
  cardSelector: [32m'.outbound-flight-container .card-flight:nth-child(1)'[39m,
  selectedCabin: { class: [32m'Economy'[39m, type: [32m'Light'[39m, fullName: [32m'Economy Light'[39m }
}
[INFO] Seleccionando cabina para vuelo de ida: Economy
[INFO] Successfully clicked the element: .outbound-flight-container .card-flight:nth-child(1) .btn-economy
[INFO] Información de vuelo capturada y almacenada {
  outbound: {
    direction: [32m'OUTBOUND'[39m,
    date: [32m'Thu, Jul 31'[39m,
    origin: { code: [32m'SCL'[39m, name: [32m'Santiago'[39m },
    destination: { code: [32m'BCN'[39m, name: [32m'Barcelona'[39m },
    times: {
      departure: [32m'10:25'[39m,
      arrival: [32m'06:10'[39m,
      duration: [32m'13h 45m'[39m,
      nextDay: [33mtrue[39m
    },
    airline: [32m'IB'[39m,
    flightNumber: [32m''[39m,
    cabinOptions: { economy: [36m[Object][39m, premium: [36m[Object][39m },
    cardSelector: [32m'.outbound-flight-container .card-flight:nth-child(1)'[39m,
    selectedCabin: { class: [32m'Economy'[39m, type: [32m'Light'[39m, fullName: [32m'Economy Light'[39m }
  },
  return: {}
}
[INFO] Clases y tipos de vuelo seleccionados correctamente
[INFO] Completando datos para 2 adultos, 0 niños, 0 infantes
[INFO] Ejecutando fillPassengerAdult-1 (intento 1/5)
[INFO] Completando datos para adulto 1 de 2: Carlos López
[INFO] Empezando a completar datos para Adult 1: Carlos López
[INFO] Formulario para Adult-0 encontrado y visible
[INFO] Intentando completar nombre (1/3)
[INFO] Campo nombre completado con: Carlos
[INFO] Intentando completar apellido (1/3)
[INFO] Campo apellido completado con: López
[INFO] Intentando completar fecha de nacimiento (1/3)
[INFO] Campo fecha de nacimiento completado con: 03/09/2006
[INFO] Intentando seleccionar país Spain (1/4)
[INFO] Combobox de nacionalidad abierto
[INFO] Filtrado países con: Spa
[INFO] País seleccionado: Spain
[INFO] Selección de país completada: Spain
[INFO] Intentando seleccionar género (1/3)
[INFO] Género seleccionado: male
[INFO] Procesando 2 opciones de asistencia
[INFO] Intentando expandir opciones de asistencia (1/3)
[INFO] Intentando marcar asistencia Hearing difficulty (1/2)
[INFO] Opción de asistencia marcada: Hearing difficulty
[INFO] Intentando marcar asistencia I need assistance at all times (1/2)
[INFO] Opción de asistencia marcada: I need assistance at all times
[INFO] Completados todos los datos para Adult 1: Carlos López
[INFO] Ejecutando fillPassengerAdult-2 (intento 1/5)
[INFO] Completando datos para adulto 2 de 2: Ana Martínez
[INFO] Empezando a completar datos para Adult 2: Ana Martínez
[INFO] Formulario para Adult-1 encontrado y visible
[INFO] Intentando completar nombre (1/3)
[INFO] Campo nombre completado con: Ana
[INFO] Intentando completar apellido (1/3)
[INFO] Campo apellido completado con: Martínez
[INFO] Intentando completar fecha de nacimiento (1/3)
[INFO] Campo fecha de nacimiento completado con: 03/09/1977
[INFO] Intentando seleccionar país Spain (1/4)
[INFO] Combobox de nacionalidad abierto
[INFO] Filtrado países con: Spa
[INFO] País seleccionado: Spain
[INFO] Selección de país completada: Spain
[INFO] Intentando seleccionar género (1/3)
[INFO] Género seleccionado: female
[INFO] Procesando 6 opciones de asistencia
[INFO] Intentando expandir opciones de asistencia (1/3)
[INFO] Intentando marcar asistencia Hearing difficulty (1/2)
[INFO] Opción de asistencia marcada: Hearing difficulty
[INFO] Intentando marcar asistencia Visual difficulty (1/2)
[INFO] Opción de asistencia marcada: Visual difficulty
[INFO] Intentando marcar asistencia Intellectual disability (1/2)
[INFO] Opción de asistencia marcada: Intellectual disability
[INFO] Intentando marcar asistencia Help with climbing and descending stairs. I can move around the plane without difficulty (1/2)
[INFO] Opción de asistencia marcada: Help with climbing and descending stairs. I can move around the plane without difficulty
[INFO] Intentando marcar asistencia I can climb and descend stairs, and move around the plane with some difficulty (1/2)
[INFO] Opción de asistencia marcada: I can climb and descend stairs, and move around the plane with some difficulty
[INFO] Intentando marcar asistencia I need assistance at all times (1/2)
[INFO] Opción de asistencia marcada: I need assistance at all times
[INFO] Completados todos los datos para Adult 2: Ana Martínez
[INFO] Datos de todos los pasajeros completados correctamente
[INFO] Completando datos de contacto para purchase
[INFO] Ejecutando fillContactDetails (intento 1/3)
[INFO] Haciendo clic en "Complete your purchase"
[INFO] ¿Botón "Complete your purchase" visible? true
[INFO] Datos de contacto completados correctamente
[INFO] Prueba no incluye selección de asientos
[INFO] Procesando pago
[INFO] Ejecutando processPayment (intento 1/3)
[INFO] Esperando 1000ms antes del siguiente intento...
[INFO] Estabilizando página antes del reintento 2...
[INFO] Ejecutando processPayment (intento 2/3)
[INFO] Esperando 2000ms antes del siguiente intento...
[INFO] Estabilizando página antes del reintento 3...
[INFO] Ejecutando processPayment (intento 3/3)
[INFO] Captura de pantalla guardada en: test-results/screenshots/processPayment-error-1741594378438.png
[INFO] Intento 2/5
[INFO] Iniciando prueba: ONE-WAY: 3. Compra 2 adultos (Diferentes) - Economy Light - Con asistencia TODAS
[INFO] Inicializando test
[INFO] Cookies aceptadas
[INFO] Configurando idioma y moneda
[INFO] Ejecutando setLanguageAndCurrency (intento 1/3)
[INFO] Idioma configurado a EN, Moneda configurada a USD
[INFO] Test inicializado correctamente
[INFO] Seleccionando origen: SCL, destino: BCN
[INFO] Origen y destino seleccionados correctamente

</system-out>
<system-err>
Error while handling iframe payment: page.waitForSelector: Timeout 60000ms exceeded.
Call log:
[2m  - waiting for locator('iframe[title="Iframe for expiry date"]') to be visible[22m

    at payWithCard [90m(C:\playwright-project\[39msrc\page-objects\paymentPage.ts:4:20[90m)[39m
    at action [90m(C:\playwright-project\[39msrc\utils\test-framework.ts:586:28[90m)[39m
    at LevelTestRunner.executeWithRetry [90m(C:\playwright-project\[39msrc\utils\test-framework.ts:680:20[90m)[39m
    at LevelTestRunner.processPayment [90m(C:\playwright-project\[39msrc\utils\test-framework.ts:584:18[90m)[39m
    at LevelTestRunner.runCompleteTest [90m(C:\playwright-project\[39msrc\utils\test-framework.ts:783:18[90m)[39m
    at runSingleTest [90m(C:\playwright-project\[39msrc\utils\test-framework.ts:820:17[90m)[39m
    at [90mC:\playwright-project\[39msrc\tests\Booking\NoExtraNoSeat.spec.ts:78:7 {
  name: [32m'TimeoutError'[39m,
  [[32mSymbol(step)[39m]: {
    stepId: [32m'pw:api@146'[39m,
    location: {
      file: [32m'C:\\playwright-project\\src\\page-objects\\paymentPage.ts'[39m,
      line: [33m4[39m,
      column: [33m20[39m,
      function: [32m'payWithCard'[39m
    },
    category: [32m'pw:api'[39m,
    title: [32m'page.waitForSelector(iframe[title="Iframe for expiry date"])'[39m,
    apiName: [32m'page.waitForSelector'[39m,
    params: {
      selector: [32m'iframe[title="Iframe for expiry date"]'[39m,
      timeout: [33m60000[39m
    },
    boxedStack: [90mundefined[39m,
    steps: [],
    complete: [36m[Function: complete][39m,
    endWallTime: [33m1741594253927[39m,
    error: {
      message: [32m'TimeoutError: page.waitForSelector: Timeout 60000ms exceeded.\n'[39m +
        [32m'Call log:\n'[39m +
        [32m`\x1B[2m  - waiting for locator('iframe[title="Iframe for expiry date"]') to be visible\x1B[22m\n`[39m,
      stack: [32m'TimeoutError: page.waitForSelector: Timeout 60000ms exceeded.\n'[39m +
        [32m'Call log:\n'[39m +
        [32m`\x1B[2m  - waiting for locator('iframe[title="Iframe for expiry date"]') to be visible\x1B[22m\n`[39m +
        [32m'\n'[39m +
        [32m'    at payWithCard (C:\\playwright-project\\src\\page-objects\\paymentPage.ts:4:20)\n'[39m +
        [32m'    at action (C:\\playwright-project\\src\\utils\\test-framework.ts:586:28)\n'[39m +
        [32m'    at LevelTestRunner.executeWithRetry (C:\\playwright-project\\src\\utils\\test-framework.ts:680:20)\n'[39m +
        [32m'    at LevelTestRunner.processPayment (C:\\playwright-project\\src\\utils\\test-framework.ts:584:18)\n'[39m +
        [32m'    at LevelTestRunner.runCompleteTest (C:\\playwright-project\\src\\utils\\test-framework.ts:783:18)\n'[39m +
        [32m'    at runSingleTest (C:\\playwright-project\\src\\utils\\test-framework.ts:820:17)\n'[39m +
        [32m'    at C:\\playwright-project\\src\\tests\\Booking\\NoExtraNoSeat.spec.ts:78:7'[39m,
      cause: [90mundefined[39m
    }
  }
}
[WARN] Error en processPayment (intento 1/3): page.waitForSelector: Timeout 60000ms exceeded.
Call log:
[2m  - waiting for locator('iframe[title="Iframe for expiry date"]') to be visible[22m
 [90mundefined[39m
Error while handling iframe payment: page.waitForSelector: Timeout 60000ms exceeded.
Call log:
[2m  - waiting for locator('iframe[title="Iframe for expiry date"]') to be visible[22m

    at payWithCard [90m(C:\playwright-project\[39msrc\page-objects\paymentPage.ts:4:20[90m)[39m
    at action [90m(C:\playwright-project\[39msrc\utils\test-framework.ts:586:28[90m)[39m
    at LevelTestRunner.executeWithRetry [90m(C:\playwright-project\[39msrc\utils\test-framework.ts:680:20[90m)[39m
    at LevelTestRunner.processPayment [90m(C:\playwright-project\[39msrc\utils\test-framework.ts:584:7[90m)[39m
    at LevelTestRunner.runCompleteTest [90m(C:\playwright-project\[39msrc\utils\test-framework.ts:783:7[90m)[39m
    at runSingleTest [90m(C:\playwright-project\[39msrc\utils\test-framework.ts:820:17[90m)[39m
    at [90mC:\playwright-project\[39msrc\tests\Booking\NoExtraNoSeat.spec.ts:78:7 {
  name: [32m'TimeoutError'[39m,
  [[32mSymbol(step)[39m]: {
    stepId: [32m'pw:api@151'[39m,
    location: {
      file: [32m'C:\\playwright-project\\src\\page-objects\\paymentPage.ts'[39m,
      line: [33m4[39m,
      column: [33m20[39m,
      function: [32m'payWithCard'[39m
    },
    category: [32m'pw:api'[39m,
    title: [32m'page.waitForSelector(iframe[title="Iframe for expiry date"])'[39m,
    apiName: [32m'page.waitForSelector'[39m,
    params: {
      selector: [32m'iframe[title="Iframe for expiry date"]'[39m,
      timeout: [33m60000[39m
    },
    boxedStack: [90mundefined[39m,
    steps: [],
    complete: [36m[Function: complete][39m,
    endWallTime: [33m1741594315828[39m,
    error: {
      message: [32m'TimeoutError: page.waitForSelector: Timeout 60000ms exceeded.\n'[39m +
        [32m'Call log:\n'[39m +
        [32m`\x1B[2m  - waiting for locator('iframe[title="Iframe for expiry date"]') to be visible\x1B[22m\n`[39m,
      stack: [32m'TimeoutError: page.waitForSelector: Timeout 60000ms exceeded.\n'[39m +
        [32m'Call log:\n'[39m +
        [32m`\x1B[2m  - waiting for locator('iframe[title="Iframe for expiry date"]') to be visible\x1B[22m\n`[39m +
        [32m'\n'[39m +
        [32m'    at payWithCard (C:\\playwright-project\\src\\page-objects\\paymentPage.ts:4:20)\n'[39m +
        [32m'    at action (C:\\playwright-project\\src\\utils\\test-framework.ts:586:28)\n'[39m +
        [32m'    at LevelTestRunner.executeWithRetry (C:\\playwright-project\\src\\utils\\test-framework.ts:680:20)\n'[39m +
        [32m'    at LevelTestRunner.processPayment (C:\\playwright-project\\src\\utils\\test-framework.ts:584:7)\n'[39m +
        [32m'    at LevelTestRunner.runCompleteTest (C:\\playwright-project\\src\\utils\\test-framework.ts:783:7)\n'[39m +
        [32m'    at runSingleTest (C:\\playwright-project\\src\\utils\\test-framework.ts:820:17)\n'[39m +
        [32m'    at C:\\playwright-project\\src\\tests\\Booking\\NoExtraNoSeat.spec.ts:78:7'[39m,
      cause: [90mundefined[39m
    }
  }
}
[WARN] Error en processPayment (intento 2/3): page.waitForSelector: Timeout 60000ms exceeded.
Call log:
[2m  - waiting for locator('iframe[title="Iframe for expiry date"]') to be visible[22m
 [90mundefined[39m
Error while handling iframe payment: page.waitForSelector: Timeout 60000ms exceeded.
Call log:
[2m  - waiting for locator('iframe[title="Iframe for expiry date"]') to be visible[22m

    at payWithCard [90m(C:\playwright-project\[39msrc\page-objects\paymentPage.ts:4:20[90m)[39m
    at action [90m(C:\playwright-project\[39msrc\utils\test-framework.ts:586:28[90m)[39m
    at LevelTestRunner.executeWithRetry [90m(C:\playwright-project\[39msrc\utils\test-framework.ts:680:20[90m)[39m
    at LevelTestRunner.processPayment [90m(C:\playwright-project\[39msrc\utils\test-framework.ts:584:7[90m)[39m
    at LevelTestRunner.runCompleteTest [90m(C:\playwright-project\[39msrc\utils\test-framework.ts:783:7[90m)[39m
    at runSingleTest [90m(C:\playwright-project\[39msrc\utils\test-framework.ts:820:17[90m)[39m
    at [90mC:\playwright-project\[39msrc\tests\Booking\NoExtraNoSeat.spec.ts:78:7 {
  name: [32m'TimeoutError'[39m,
  [[32mSymbol(step)[39m]: {
    stepId: [32m'pw:api@156'[39m,
    location: {
      file: [32m'C:\\playwright-project\\src\\page-objects\\paymentPage.ts'[39m,
      line: [33m4[39m,
      column: [33m20[39m,
      function: [32m'payWithCard'[39m
    },
    category: [32m'pw:api'[39m,
    title: [32m'page.waitForSelector(iframe[title="Iframe for expiry date"])'[39m,
    apiName: [32m'page.waitForSelector'[39m,
    params: {
      selector: [32m'iframe[title="Iframe for expiry date"]'[39m,
      timeout: [33m60000[39m
    },
    boxedStack: [90mundefined[39m,
    steps: [],
    complete: [36m[Function: complete][39m,
    endWallTime: [33m1741594378434[39m,
    error: {
      message: [32m'TimeoutError: page.waitForSelector: Timeout 60000ms exceeded.\n'[39m +
        [32m'Call log:\n'[39m +
        [32m`\x1B[2m  - waiting for locator('iframe[title="Iframe for expiry date"]') to be visible\x1B[22m\n`[39m,
      stack: [32m'TimeoutError: page.waitForSelector: Timeout 60000ms exceeded.\n'[39m +
        [32m'Call log:\n'[39m +
        [32m`\x1B[2m  - waiting for locator('iframe[title="Iframe for expiry date"]') to be visible\x1B[22m\n`[39m +
        [32m'\n'[39m +
        [32m'    at payWithCard (C:\\playwright-project\\src\\page-objects\\paymentPage.ts:4:20)\n'[39m +
        [32m'    at action (C:\\playwright-project\\src\\utils\\test-framework.ts:586:28)\n'[39m +
        [32m'    at LevelTestRunner.executeWithRetry (C:\\playwright-project\\src\\utils\\test-framework.ts:680:20)\n'[39m +
        [32m'    at LevelTestRunner.processPayment (C:\\playwright-project\\src\\utils\\test-framework.ts:584:7)\n'[39m +
        [32m'    at LevelTestRunner.runCompleteTest (C:\\playwright-project\\src\\utils\\test-framework.ts:783:7)\n'[39m +
        [32m'    at runSingleTest (C:\\playwright-project\\src\\utils\\test-framework.ts:820:17)\n'[39m +
        [32m'    at C:\\playwright-project\\src\\tests\\Booking\\NoExtraNoSeat.spec.ts:78:7'[39m,
      cause: [90mundefined[39m
    }
  }
}
[ERROR] Falló processPayment después de 3 intentos: page.waitForSelector: Timeout 60000ms exceeded.
Call log:
[2m  - waiting for locator('iframe[title="Iframe for expiry date"]') to be visible[22m
 [90mundefined[39m
[ERROR] Error al procesar pago page.waitForSelector: Timeout 60000ms exceeded.
Call log:
[2m  - waiting for locator('iframe[title="Iframe for expiry date"]') to be visible[22m

    at payWithCard [90m(C:\playwright-project\[39msrc\page-objects\paymentPage.ts:4:20[90m)[39m
    at action [90m(C:\playwright-project\[39msrc\utils\test-framework.ts:586:28[90m)[39m
    at LevelTestRunner.executeWithRetry [90m(C:\playwright-project\[39msrc\utils\test-framework.ts:680:20[90m)[39m
    at LevelTestRunner.processPayment [90m(C:\playwright-project\[39msrc\utils\test-framework.ts:584:7[90m)[39m
    at LevelTestRunner.runCompleteTest [90m(C:\playwright-project\[39msrc\utils\test-framework.ts:783:7[90m)[39m
    at runSingleTest [90m(C:\playwright-project\[39msrc\utils\test-framework.ts:820:17[90m)[39m
    at [90mC:\playwright-project\[39msrc\tests\Booking\NoExtraNoSeat.spec.ts:78:7 {
  name: [32m'TimeoutError'[39m,
  [[32mSymbol(step)[39m]: {
    stepId: [32m'pw:api@156'[39m,
    location: {
      file: [32m'C:\\playwright-project\\src\\page-objects\\paymentPage.ts'[39m,
      line: [33m4[39m,
      column: [33m20[39m,
      function: [32m'payWithCard'[39m
    },
    category: [32m'pw:api'[39m,
    title: [32m'page.waitForSelector(iframe[title="Iframe for expiry date"])'[39m,
    apiName: [32m'page.waitForSelector'[39m,
    params: {
      selector: [32m'iframe[title="Iframe for expiry date"]'[39m,
      timeout: [33m60000[39m
    },
    boxedStack: [90mundefined[39m,
    steps: [],
    complete: [36m[Function: complete][39m,
    endWallTime: [33m1741594378434[39m,
    error: {
      message: [32m'TimeoutError: page.waitForSelector: Timeout 60000ms exceeded.\n'[39m +
        [32m'Call log:\n'[39m +
        [32m`\x1B[2m  - waiting for locator('iframe[title="Iframe for expiry date"]') to be visible\x1B[22m\n`[39m,
      stack: [32m'TimeoutError: page.waitForSelector: Timeout 60000ms exceeded.\n'[39m +
        [32m'Call log:\n'[39m +
        [32m`\x1B[2m  - waiting for locator('iframe[title="Iframe for expiry date"]') to be visible\x1B[22m\n`[39m +
        [32m'\n'[39m +
        [32m'    at payWithCard (C:\\playwright-project\\src\\page-objects\\paymentPage.ts:4:20)\n'[39m +
        [32m'    at action (C:\\playwright-project\\src\\utils\\test-framework.ts:586:28)\n'[39m +
        [32m'    at LevelTestRunner.executeWithRetry (C:\\playwright-project\\src\\utils\\test-framework.ts:680:20)\n'[39m +
        [32m'    at LevelTestRunner.processPayment (C:\\playwright-project\\src\\utils\\test-framework.ts:584:7)\n'[39m +
        [32m'    at LevelTestRunner.runCompleteTest (C:\\playwright-project\\src\\utils\\test-framework.ts:783:7)\n'[39m +
        [32m'    at runSingleTest (C:\\playwright-project\\src\\utils\\test-framework.ts:820:17)\n'[39m +
        [32m'    at C:\\playwright-project\\src\\tests\\Booking\\NoExtraNoSeat.spec.ts:78:7'[39m,
      cause: [90mundefined[39m
    }
  }
}
[ERROR] Error durante la ejecución de la prueba ONE-WAY: 3. Compra 2 adultos (Diferentes) - Economy Light - Con asistencia TODAS: page.waitForSelector: Timeout 60000ms exceeded.
Call log:
[2m  - waiting for locator('iframe[title="Iframe for expiry date"]') to be visible[22m

    at payWithCard [90m(C:\playwright-project\[39msrc\page-objects\paymentPage.ts:4:20[90m)[39m
    at action [90m(C:\playwright-project\[39msrc\utils\test-framework.ts:586:28[90m)[39m
    at LevelTestRunner.executeWithRetry [90m(C:\playwright-project\[39msrc\utils\test-framework.ts:680:20[90m)[39m
    at LevelTestRunner.processPayment [90m(C:\playwright-project\[39msrc\utils\test-framework.ts:584:7[90m)[39m
    at LevelTestRunner.runCompleteTest [90m(C:\playwright-project\[39msrc\utils\test-framework.ts:783:7[90m)[39m
    at runSingleTest [90m(C:\playwright-project\[39msrc\utils\test-framework.ts:820:17[90m)[39m
    at [90mC:\playwright-project\[39msrc\tests\Booking\NoExtraNoSeat.spec.ts:78:7 {
  name: [32m'TimeoutError'[39m,
  [[32mSymbol(step)[39m]: {
    stepId: [32m'pw:api@156'[39m,
    location: {
      file: [32m'C:\\playwright-project\\src\\page-objects\\paymentPage.ts'[39m,
      line: [33m4[39m,
      column: [33m20[39m,
      function: [32m'payWithCard'[39m
    },
    category: [32m'pw:api'[39m,
    title: [32m'page.waitForSelector(iframe[title="Iframe for expiry date"])'[39m,
    apiName: [32m'page.waitForSelector'[39m,
    params: {
      selector: [32m'iframe[title="Iframe for expiry date"]'[39m,
      timeout: [33m60000[39m
    },
    boxedStack: [90mundefined[39m,
    steps: [],
    complete: [36m[Function: complete][39m,
    endWallTime: [33m1741594378434[39m,
    error: {
      message: [32m'TimeoutError: page.waitForSelector: Timeout 60000ms exceeded.\n'[39m +
        [32m'Call log:\n'[39m +
        [32m`\x1B[2m  - waiting for locator('iframe[title="Iframe for expiry date"]') to be visible\x1B[22m\n`[39m,
      stack: [32m'TimeoutError: page.waitForSelector: Timeout 60000ms exceeded.\n'[39m +
        [32m'Call log:\n'[39m +
        [32m`\x1B[2m  - waiting for locator('iframe[title="Iframe for expiry date"]') to be visible\x1B[22m\n`[39m +
        [32m'\n'[39m +
        [32m'    at payWithCard (C:\\playwright-project\\src\\page-objects\\paymentPage.ts:4:20)\n'[39m +
        [32m'    at action (C:\\playwright-project\\src\\utils\\test-framework.ts:586:28)\n'[39m +
        [32m'    at LevelTestRunner.executeWithRetry (C:\\playwright-project\\src\\utils\\test-framework.ts:680:20)\n'[39m +
        [32m'    at LevelTestRunner.processPayment (C:\\playwright-project\\src\\utils\\test-framework.ts:584:7)\n'[39m +
        [32m'    at LevelTestRunner.runCompleteTest (C:\\playwright-project\\src\\utils\\test-framework.ts:783:7)\n'[39m +
        [32m'    at runSingleTest (C:\\playwright-project\\src\\utils\\test-framework.ts:820:17)\n'[39m +
        [32m'    at C:\\playwright-project\\src\\tests\\Booking\\NoExtraNoSeat.spec.ts:78:7'[39m,
      cause: [90mundefined[39m
    }
  }
}
[ERROR] Error al configurar tipo de viaje a solo ida locator.click: Test ended.
Call log:
[2m  - waiting for getByRole('button', { name: 'One way' })[22m
[2m    - locator resolved to &lt;button type="button" class="btn btn-secondary range-button "&gt;One Way&lt;/button&gt;[22m
[2m  - attempting click action[22m
[2m    - waiting for element to be visible, enabled and stable[22m
[2m    - element is visible, enabled and stable[22m
[2m    - scrolling into view if needed[22m
[2m    - done scrolling[22m

    at LevelTestRunner.setTripType [90m(C:\playwright-project\[39msrc\utils\test-framework.ts:192:66[90m)[39m
    at LevelTestRunner.runCompleteTest [90m(C:\playwright-project\[39msrc\utils\test-framework.ts:752:18[90m)[39m
    at runSingleTest [90m(C:\playwright-project\[39msrc\utils\test-framework.ts:820:17[90m)[39m
    at [90mC:\playwright-project\[39msrc\tests\Booking\NoExtraNoSeat.spec.ts:78:7
[ERROR] Error durante la ejecución de la prueba ONE-WAY: 3. Compra 2 adultos (Diferentes) - Economy Light - Con asistencia TODAS: locator.click: Test ended.
Call log:
[2m  - waiting for getByRole('button', { name: 'One way' })[22m
[2m    - locator resolved to &lt;button type="button" class="btn btn-secondary range-button "&gt;One Way&lt;/button&gt;[22m
[2m  - attempting click action[22m
[2m    - waiting for element to be visible, enabled and stable[22m
[2m    - element is visible, enabled and stable[22m
[2m    - scrolling into view if needed[22m
[2m    - done scrolling[22m

    at LevelTestRunner.setTripType [90m(C:\playwright-project\[39msrc\utils\test-framework.ts:192:66[90m)[39m
    at LevelTestRunner.runCompleteTest [90m(C:\playwright-project\[39msrc\utils\test-framework.ts:752:18[90m)[39m
    at runSingleTest [90m(C:\playwright-project\[39msrc\utils\test-framework.ts:820:17[90m)[39m
    at [90mC:\playwright-project\[39msrc\tests\Booking\NoExtraNoSeat.spec.ts:78:7

Warning: attachment Booking-NoExtraNoSeat-Prue-e5c56-iento---sin-extras-One-Way--chromium\test-failed-1.png is missing
</system-err>
</testcase><testcase name="Pruebas de vuelos de solo ida (One-Way) › 4. Compra 1 adulto - 1 niño - Economy Light - sin asistencia - sin asiento - sin extras (One-Way)" classname="Booking\NoExtraNoSeat.spec.ts" time="175.326"><system-out>
[INFO] Ejecutando prueba: ONE-WAY: 4. Compra 1 adulto - 1 niño - Economy Light - sin asistencia
[INFO] Intento 1/5
[INFO] Iniciando prueba: ONE-WAY: 4. Compra 1 adulto - 1 niño - Economy Light - sin asistencia
[INFO] Inicializando test
[INFO] Cookies aceptadas
[INFO] Configurando idioma y moneda
[INFO] Ejecutando setLanguageAndCurrency (intento 1/3)
[INFO] Idioma configurado a EN, Moneda configurada a USD
[INFO] Test inicializado correctamente
[INFO] Seleccionando origen: SCL, destino: BCN
[INFO] Origen y destino seleccionados correctamente
[INFO] Tipo de viaje configurado a solo ida
[INFO] Seleccionando fechas de vuelo
[INFO] Ejecutando selectFlightDates (intento 1/3)
Selected departure date: { year: [32m'2025'[39m, month: [32m'8'[39m, index: [33m2[39m, value: [33m6[39m }
[INFO] Fechas de vuelo seleccionadas correctamente
[INFO] Seleccionando pasajeros: 1 adultos, 1 niños, 0 infantes
[INFO] Ejecutando selectPassengers (intento 1/3)
Ajustando número de pasajeros
[INFO] Pasajeros seleccionados correctamente
[INFO] Seleccionando clases y tipos de vuelo
[INFO] Ejecutando selectFlightClasses (intento 1/3)
[INFO] Capturando información del vuelo de ida
[INFO] Extrayendo información de vuelo OUTBOUND, tarjeta #0
[INFO] Información del vuelo de ida capturada con éxito {
  direction: [32m'OUTBOUND'[39m,
  date: [32m'Wed, Aug 6'[39m,
  origin: { code: [32m'SCL'[39m, name: [32m'Santiago'[39m },
  destination: { code: [32m'BCN'[39m, name: [32m'Barcelona'[39m },
  times: {
    departure: [32m'10:25'[39m,
    arrival: [32m'06:10'[39m,
    duration: [32m'13h 45m'[39m,
    nextDay: [33mtrue[39m
  },
  airline: [32m'IB'[39m,
  flightNumber: [32m''[39m,
  cabinOptions: {
    economy: { name: [32m'ECONOMY'[39m, price: [32m'$565'[39m },
    premium: { name: [32m'PREMIUM'[39m, price: [32m'$751'[39m }
  },
  cardSelector: [32m'.outbound-flight-container .card-flight:nth-child(1)'[39m,
  selectedCabin: { class: [32m'Economy'[39m, type: [32m'Light'[39m, fullName: [32m'Economy Light'[39m }
}
[INFO] Seleccionando cabina para vuelo de ida: Economy
[INFO] Successfully clicked the element: .outbound-flight-container .card-flight:nth-child(1) .btn-economy
[INFO] Información de vuelo capturada y almacenada {
  outbound: {
    direction: [32m'OUTBOUND'[39m,
    date: [32m'Wed, Aug 6'[39m,
    origin: { code: [32m'SCL'[39m, name: [32m'Santiago'[39m },
    destination: { code: [32m'BCN'[39m, name: [32m'Barcelona'[39m },
    times: {
      departure: [32m'10:25'[39m,
      arrival: [32m'06:10'[39m,
      duration: [32m'13h 45m'[39m,
      nextDay: [33mtrue[39m
    },
    airline: [32m'IB'[39m,
    flightNumber: [32m''[39m,
    cabinOptions: { economy: [36m[Object][39m, premium: [36m[Object][39m },
    cardSelector: [32m'.outbound-flight-container .card-flight:nth-child(1)'[39m,
    selectedCabin: { class: [32m'Economy'[39m, type: [32m'Light'[39m, fullName: [32m'Economy Light'[39m }
  },
  return: {}
}
[INFO] Clases y tipos de vuelo seleccionados correctamente
[INFO] Completando datos para 1 adultos, 1 niños, 0 infantes
[INFO] Ejecutando fillPassengerAdult-1 (intento 1/5)
[INFO] Completando datos para adulto 1 de 1: Juan Perez
[INFO] Empezando a completar datos para Adult 1: Juan Perez
[INFO] Formulario para Adult-0 encontrado y visible
[INFO] Intentando completar nombre (1/3)
[INFO] Campo nombre completado con: Juan
[INFO] Intentando completar apellido (1/3)
[INFO] Campo apellido completado con: Perez
[INFO] Intentando completar fecha de nacimiento (1/3)
[INFO] Campo fecha de nacimiento completado con: 03/09/2010
[INFO] Intentando seleccionar país Afghanistan (1/4)
[INFO] Combobox de nacionalidad abierto
[INFO] Filtrado países con: Afg
[INFO] País seleccionado: Afghanistan
[INFO] Selección de país completada: Afghanistan
[INFO] Intentando seleccionar género (1/3)
[INFO] Género seleccionado: female
[INFO] Completados todos los datos para Adult 1: Juan Perez
[INFO] Ejecutando fillPassengerChild-1 (intento 1/5)
[INFO] Completando datos para niño 1 de 1: Valería M. García
[INFO] Empezando a completar datos para Child 1: Valería M. García
[INFO] Formulario para Child-0 encontrado y visible
[INFO] Intentando completar nombre (1/3)
[INFO] Campo nombre completado con: Valería M.
[INFO] Intentando completar apellido (1/3)
[INFO] Campo apellido completado con: García
[INFO] Intentando completar fecha de nacimiento (1/3)
[INFO] Campo fecha de nacimiento completado con: 03/09/2015
[INFO] Intentando seleccionar país Mexico (1/4)
[INFO] Combobox de nacionalidad abierto
[INFO] Filtrado países con: Mex
[INFO] País seleccionado: Mexico
[INFO] Selección de país completada: Mexico
[INFO] Completados todos los datos para Child 1: Valería M. García
[INFO] Datos de todos los pasajeros completados correctamente
[INFO] Completando datos de contacto para purchase
[INFO] Ejecutando fillContactDetails (intento 1/3)
[INFO] Haciendo clic en "Complete your purchase"
[INFO] ¿Botón "Complete your purchase" visible? true
[INFO] Datos de contacto completados correctamente
[INFO] Prueba no incluye selección de asientos
[INFO] Procesando pago
[INFO] Ejecutando processPayment (intento 1/3)
Iframe encontrado.
[INFO] Pago procesado correctamente
[INFO] Verificando confirmación de reserva
[INFO] Esperando a que la navegación a la página de confirmación se complete...
[INFO] URL actual: https://lv-fndoor-ecommerce-sbx-ghdubdbgdtcsane6.a01.azurefd.net/nwe/confirmation/?forcedCulture=en
[INFO] Ejecutando verifyBookingConfirmation (intento 1/5)
[INFO] Iniciando validación de la página de confirmación
[INFO] Esperando a que la navegación a la página de confirmación se complete (máximo 60000ms)...
[INFO] URL actual: https://lv-fndoor-ecommerce-sbx-ghdubdbgdtcsane6.a01.azurefd.net/nwe/confirmation/?forcedCulture=en
[INFO] URL de confirmación detectada después de 21ms
[INFO] Navegación a la página de confirmación completada
[INFO] Buscando sección "Flight Summary" en la página
[INFO] Sección "Flight Summary" encontrada mediante estrategia: exact
[INFO] Esperando a elementos adicionales de la página de confirmación
[INFO] Elemento .flight-info__journey-type encontrado correctamente
[INFO] Elemento .flight-info__routes encontrado correctamente
[INFO] Elemento .flight-card__footer encontrado correctamente
[INFO] Extrayendo código de reserva
[INFO] Código de reserva extraído: LF71T
[INFO] Detalles de vuelo extraídos de la página de confirmación: {}
Successfully saved booking code LF71T and all details to Excel
[INFO] Información guardada exitosamente en Excel
[INFO] Reserva confirmada correctamente
[INFO] Prueba completada exitosamente: ONE-WAY: 4. Compra 1 adulto - 1 niño - Economy Light - sin asistencia
[INFO] Prueba "ONE-WAY: 4. Compra 1 adulto - 1 niño - Economy Light - sin asistencia" exitosa

</system-out>
</testcase><testcase name="Pruebas de vuelos de solo ida (One-Way) › 6. Compra 1 adulto - 3 niños - Economy Light - con asistencia - sin asiento - sin extras (One-Way)" classname="Booking\NoExtraNoSeat.spec.ts" time="199.642"><system-out>
[INFO] Ejecutando prueba: ONE-WAY: 6. Compra 1 adulto - 3 niños - Economy Light - con asistencia
[INFO] Intento 1/5
[INFO] Iniciando prueba: ONE-WAY: 6. Compra 1 adulto - 3 niños - Economy Light - con asistencia
[INFO] Inicializando test
[INFO] Cookies aceptadas
[INFO] Configurando idioma y moneda
[INFO] Ejecutando setLanguageAndCurrency (intento 1/3)
[INFO] Idioma configurado a EN, Moneda configurada a USD
[INFO] Test inicializado correctamente
[INFO] Seleccionando origen: SCL, destino: BCN
[INFO] Origen y destino seleccionados correctamente
[INFO] Tipo de viaje configurado a solo ida
[INFO] Seleccionando fechas de vuelo
[INFO] Ejecutando selectFlightDates (intento 1/3)
Selected departure date: { year: [32m'2025'[39m, month: [32m'7'[39m, index: [33m17[39m, value: [33m30[39m }
[INFO] Fechas de vuelo seleccionadas correctamente
[INFO] Seleccionando pasajeros: 1 adultos, 3 niños, 0 infantes
[INFO] Ejecutando selectPassengers (intento 1/3)
Ajustando número de pasajeros
[INFO] Pasajeros seleccionados correctamente
[INFO] Seleccionando clases y tipos de vuelo
[INFO] Ejecutando selectFlightClasses (intento 1/3)
[INFO] Capturando información del vuelo de ida
[INFO] Extrayendo información de vuelo OUTBOUND, tarjeta #0
[INFO] Información del vuelo de ida capturada con éxito {
  direction: [32m'OUTBOUND'[39m,
  date: [32m'Wed, Jul 30'[39m,
  origin: { code: [32m'SCL'[39m, name: [32m'Santiago'[39m },
  destination: { code: [32m'BCN'[39m, name: [32m'Barcelona'[39m },
  times: {
    departure: [32m'10:25'[39m,
    arrival: [32m'06:10'[39m,
    duration: [32m'13h 45m'[39m,
    nextDay: [33mtrue[39m
  },
  airline: [32m'IB'[39m,
  flightNumber: [32m''[39m,
  cabinOptions: {
    economy: { name: [32m'ECONOMY'[39m, price: [32m'$565'[39m },
    premium: { name: [32m'PREMIUM'[39m, price: [32m'$751'[39m }
  },
  cardSelector: [32m'.outbound-flight-container .card-flight:nth-child(1)'[39m,
  selectedCabin: { class: [32m'Economy'[39m, type: [32m'Light'[39m, fullName: [32m'Economy Light'[39m }
}
[INFO] Seleccionando cabina para vuelo de ida: Economy
[INFO] Successfully clicked the element: .outbound-flight-container .card-flight:nth-child(1) .btn-economy
[INFO] Información de vuelo capturada y almacenada {
  outbound: {
    direction: [32m'OUTBOUND'[39m,
    date: [32m'Wed, Jul 30'[39m,
    origin: { code: [32m'SCL'[39m, name: [32m'Santiago'[39m },
    destination: { code: [32m'BCN'[39m, name: [32m'Barcelona'[39m },
    times: {
      departure: [32m'10:25'[39m,
      arrival: [32m'06:10'[39m,
      duration: [32m'13h 45m'[39m,
      nextDay: [33mtrue[39m
    },
    airline: [32m'IB'[39m,
    flightNumber: [32m''[39m,
    cabinOptions: { economy: [36m[Object][39m, premium: [36m[Object][39m },
    cardSelector: [32m'.outbound-flight-container .card-flight:nth-child(1)'[39m,
    selectedCabin: { class: [32m'Economy'[39m, type: [32m'Light'[39m, fullName: [32m'Economy Light'[39m }
  },
  return: {}
}
[INFO] Clases y tipos de vuelo seleccionados correctamente
[INFO] Completando datos para 1 adultos, 3 niños, 0 infantes
[INFO] Ejecutando fillPassengerAdult-1 (intento 1/5)
[INFO] Completando datos para adulto 1 de 1: Juan Perez
[INFO] Empezando a completar datos para Adult 1: Juan Perez
[INFO] Formulario para Adult-0 encontrado y visible
[INFO] Intentando completar nombre (1/3)
[INFO] Campo nombre completado con: Juan
[INFO] Intentando completar apellido (1/3)
[INFO] Campo apellido completado con: Perez
[INFO] Intentando completar fecha de nacimiento (1/3)
[INFO] Campo fecha de nacimiento completado con: 03/09/2010
[INFO] Intentando seleccionar país Afghanistan (1/4)
[INFO] Combobox de nacionalidad abierto
[INFO] Filtrado países con: Afg
[INFO] País seleccionado: Afghanistan
[INFO] Selección de país completada: Afghanistan
[INFO] Intentando seleccionar género (1/3)
[INFO] Género seleccionado: female
[INFO] Completados todos los datos para Adult 1: Juan Perez
[INFO] Ejecutando fillPassengerChild-1 (intento 1/5)
[INFO] Completando datos para niño 1 de 3: Daniel Cruz
[INFO] Empezando a completar datos para Child 1: Daniel Cruz
[INFO] Formulario para Child-0 encontrado y visible
[INFO] Intentando completar nombre (1/3)
[INFO] Campo nombre completado con: Daniel
[INFO] Intentando completar apellido (1/3)
[INFO] Campo apellido completado con: Cruz
[INFO] Intentando completar fecha de nacimiento (1/3)
[INFO] Campo fecha de nacimiento completado con: 03/09/2015
[INFO] Intentando seleccionar país Peru (1/4)
[INFO] Combobox de nacionalidad abierto
[INFO] Filtrado países con: Per
[INFO] País seleccionado: Peru
[INFO] Selección de país completada: Peru
[INFO] Procesando 1 opciones de asistencia
[INFO] Intentando expandir opciones de asistencia (1/3)
[INFO] Intentando marcar asistencia Help with climbing and descending stairs. I can move around the plane without difficulty (1/2)
[INFO] Opción de asistencia marcada: Help with climbing and descending stairs. I can move around the plane without difficulty
[INFO] Completados todos los datos para Child 1: Daniel Cruz
[INFO] Ejecutando fillPassengerChild-2 (intento 1/5)
[INFO] Completando datos para niño 2 de 3: Isabella Sánchez
[INFO] Empezando a completar datos para Child 2: Isabella Sánchez
[INFO] Formulario para Child-1 encontrado y visible
[INFO] Intentando completar nombre (1/3)
[INFO] Campo nombre completado con: Isabella
[INFO] Intentando completar apellido (1/3)
[INFO] Campo apellido completado con: Sánchez
[INFO] Intentando completar fecha de nacimiento (1/3)
[INFO] Campo fecha de nacimiento completado con: 03/09/2021
[INFO] Intentando seleccionar país Colombia (1/4)
[INFO] Combobox de nacionalidad abierto
[INFO] Filtrado países con: Col
[INFO] País seleccionado: Colombia
[INFO] Selección de país completada: Colombia
[INFO] Completados todos los datos para Child 2: Isabella Sánchez
[INFO] Ejecutando fillPassengerChild-3 (intento 1/5)
[...]
        [32m'\x1B[2m    - waiting for element to be visible, enabled and stable\x1B[22m\n'[39m,
      stack: [32m'Error: locator.click: Target page, context or browser has been closed\n'[39m +
        [32m'Call log:\n'[39m +
        [32m"\x1B[2m  - waiting for getByRole('button', { name: 'Next Month' })\x1B[22m\n"[39m +
        [32m'\x1B[2m    - locator resolved to &lt;button aria-label="Next Month" class="react-datepicker__navigation react-datepicker__navigation--next"&gt;…&lt;/button&gt;\x1B[22m\n'[39m +
        [32m'\x1B[2m  - attempting click action\x1B[22m\n'[39m +
        [32m'\x1B[2m    - waiting for element to be visible, enabled and stable\x1B[22m\n'[39m +
        [32m'\n'[39m +
        [32m'    at selectCountryAndDate (C:\\playwright-project\\src\\page-objects\\searchPage.ts:40:68)\n'[39m +
        [32m'    at selectRoundTripDates (C:\\playwright-project\\src\\page-objects\\searchPage.ts:73:33)\n'[39m +
        [32m'    at C:\\playwright-project\\src\\utils\\test-framework.ts:218:11\n'[39m +
        [32m'    at LevelTestRunner.executeWithRetry (C:\\playwright-project\\src\\utils\\test-framework.ts:680:14)\n'[39m +
        [32m'    at LevelTestRunner.selectFlightDates (C:\\playwright-project\\src\\utils\\test-framework.ts:215:7)\n'[39m +
        [32m'    at LevelTestRunner.runCompleteTest (C:\\playwright-project\\src\\utils\\test-framework.ts:754:7)\n'[39m +
        [32m'    at runSingleTest (C:\\playwright-project\\src\\utils\\test-framework.ts:820:17)\n'[39m +
        [32m'    at C:\\playwright-project\\src\\tests\\Booking\\NoExtraNoSeat.spec.ts:316:7'[39m,
      cause: [90mundefined[39m
    }
  }
}
[ERROR] Error durante la ejecución de la prueba ROUND-TRIP: 13. Compra 1 adulto - Premium Comfort - Economy Extra: locator.click: Target page, context or browser has been closed
Call log:
[2m  - waiting for getByRole('button', { name: 'Next Month' })[22m
[2m    - locator resolved to &lt;button aria-label="Next Month" class="react-datepicker__navigation react-datepicker__navigation--next"&gt;…&lt;/button&gt;[22m
[2m  - attempting click action[22m
[2m    - waiting for element to be visible, enabled and stable[22m

    at selectCountryAndDate [90m(C:\playwright-project\[39msrc\page-objects\searchPage.ts:40:68[90m)[39m
    at selectRoundTripDates [90m(C:\playwright-project\[39msrc\page-objects\searchPage.ts:73:33[90m)[39m
    at [90mC:\playwright-project\[39msrc\utils\test-framework.ts:218:11
    at LevelTestRunner.executeWithRetry [90m(C:\playwright-project\[39msrc\utils\test-framework.ts:680:14[90m)[39m
    at LevelTestRunner.selectFlightDates [90m(C:\playwright-project\[39msrc\utils\test-framework.ts:215:7[90m)[39m
    at LevelTestRunner.runCompleteTest [90m(C:\playwright-project\[39msrc\utils\test-framework.ts:754:7[90m)[39m
    at runSingleTest [90m(C:\playwright-project\[39msrc\utils\test-framework.ts:820:17[90m)[39m
    at [90mC:\playwright-project\[39msrc\tests\Booking\NoExtraNoSeat.spec.ts:316:7 {
  [[32mSymbol(step)[39m]: {
    stepId: [32m'pw:api@70'[39m,
    location: {
      file: [32m'C:\\playwright-project\\src\\page-objects\\searchPage.ts'[39m,
      line: [33m40[39m,
      column: [33m68[39m,
      function: [32m'selectCountryAndDate'[39m
    },
    category: [32m'pw:api'[39m,
    title: [32m"locator.getByRole('button', { name: 'Next Month' }).click"[39m,
    apiName: [32m'locator.click'[39m,
    params: {
      selector: [32m'internal:role=button[name="Next Month"i]'[39m,
      strict: [33mtrue[39m
    },
    boxedStack: [90mundefined[39m,
    steps: [],
    complete: [36m[Function: complete][39m,
    endWallTime: [33m1741604924213[39m,
    error: {
      message: [32m'Error: locator.click: Target page, context or browser has been closed\n'[39m +
        [32m'Call log:\n'[39m +
        [32m"\x1B[2m  - waiting for getByRole('button', { name: 'Next Month' })\x1B[22m\n"[39m +
        [32m'\x1B[2m    - locator resolved to &lt;button aria-label="Next Month" class="react-datepicker__navigation react-datepicker__navigation--next"&gt;…&lt;/button&gt;\x1B[22m\n'[39m +
        [32m'\x1B[2m  - attempting click action\x1B[22m\n'[39m +
        [32m'\x1B[2m    - waiting for element to be visible, enabled and stable\x1B[22m\n'[39m,
      stack: [32m'Error: locator.click: Target page, context or browser has been closed\n'[39m +
        [32m'Call log:\n'[39m +
        [32m"\x1B[2m  - waiting for getByRole('button', { name: 'Next Month' })\x1B[22m\n"[39m +
        [32m'\x1B[2m    - locator resolved to &lt;button aria-label="Next Month" class="react-datepicker__navigation react-datepicker__navigation--next"&gt;…&lt;/button&gt;\x1B[22m\n'[39m +
        [32m'\x1B[2m  - attempting click action\x1B[22m\n'[39m +
        [32m'\x1B[2m    - waiting for element to be visible, enabled and stable\x1B[22m\n'[39m +
        [32m'\n'[39m +
        [32m'    at selectCountryAndDate (C:\\playwright-project\\src\\page-objects\\searchPage.ts:40:68)\n'[39m +
        [32m'    at selectRoundTripDates (C:\\playwright-project\\src\\page-objects\\searchPage.ts:73:33)\n'[39m +
        [32m'    at C:\\playwright-project\\src\\utils\\test-framework.ts:218:11\n'[39m +
        [32m'    at LevelTestRunner.executeWithRetry (C:\\playwright-project\\src\\utils\\test-framework.ts:680:14)\n'[39m +
        [32m'    at LevelTestRunner.selectFlightDates (C:\\playwright-project\\src\\utils\\test-framework.ts:215:7)\n'[39m +
        [32m'    at LevelTestRunner.runCompleteTest (C:\\playwright-project\\src\\utils\\test-framework.ts:754:7)\n'[39m +
        [32m'    at runSingleTest (C:\\playwright-project\\src\\utils\\test-framework.ts:820:17)\n'[39m +
        [32m'    at C:\\playwright-project\\src\\tests\\Booking\\NoExtraNoSeat.spec.ts:316:7'[39m,
      cause: [90mundefined[39m
    }
  }
}

</system-err>
</testcase><testcase name="Pruebas de vuelos de ida y vuelta (Round-Trip) › Pruebas de cabinas Premium (Round-Trip) › 14. Compra 1 adulto - Premium Extra - sin asistencia - sin asiento - sin extras (Round-Trip)" classname="Booking\NoExtraNoSeat.spec.ts" time="69.961"><system-out>
[INFO] Ejecutando prueba: ROUND-TRIP: 14. Compra 1 adulto - Premium Extra
[INFO] Intento 1/5
[INFO] Iniciando prueba: ROUND-TRIP: 14. Compra 1 adulto - Premium Extra
[INFO] Inicializando test
[INFO] Cookies aceptadas
[INFO] Configurando idioma y moneda
[INFO] Ejecutando setLanguageAndCurrency (intento 1/3)
[INFO] Idioma configurado a EN, Moneda configurada a USD
[INFO] Test inicializado correctamente
[INFO] Seleccionando origen: SCL, destino: BCN
[INFO] Origen y destino seleccionados correctamente
[INFO] Tipo de viaje se mantiene como ida y vuelta (por defecto)
[INFO] Seleccionando fechas de vuelo
[INFO] Ejecutando selectFlightDates (intento 1/3)
Selected departure date: { year: [32m'2025'[39m, month: [32m'8'[39m, index: [33m0[39m, value: [33m2[39m }
Selected return date: { year: [32m'2025'[39m, month: [32m'8'[39m, index: [33m1[39m, value: [33m5[39m }
[INFO] Fechas de vuelo seleccionadas correctamente
[INFO] Seleccionando pasajeros: 1 adultos, 0 niños, 0 infantes
[INFO] Ejecutando selectPassengers (intento 1/3)
Ajustando número de pasajeros
[INFO] Pasajeros seleccionados correctamente
[INFO] Seleccionando clases y tipos de vuelo
[INFO] Ejecutando selectFlightClasses (intento 1/3)
[INFO] Capturando información del vuelo de ida
[INFO] Extrayendo información de vuelo OUTBOUND, tarjeta #0
[INFO] Información del vuelo de ida capturada con éxito {
  direction: [32m'OUTBOUND'[39m,
  date: [32m'Sat, Aug 2'[39m,
  origin: { code: [32m'SCL'[39m, name: [32m'Santiago'[39m },
  destination: { code: [32m'BCN'[39m, name: [32m'Barcelona'[39m },
  times: {
    departure: [32m'10:25'[39m,
    arrival: [32m'06:10'[39m,
    duration: [32m'13h 45m'[39m,
    nextDay: [33mtrue[39m
  },
  airline: [32m'IB'[39m,
  flightNumber: [32m''[39m,
  cabinOptions: {
    economy: { name: [32m'ECONOMY'[39m, price: [32m'$475'[39m },
    premium: { name: [32m'PREMIUM'[39m, price: [32m'$630'[39m }
  },
  cardSelector: [32m'.outbound-flight-container .card-flight:nth-child(1)'[39m,
  selectedCabin: { class: [32m'Premium'[39m, type: [32m'Extra'[39m, fullName: [32m'Premium Extra'[39m }
}
[INFO] Seleccionando cabina para vuelo de ida: Premium
[INFO] Successfully clicked the element: .outbound-flight-container .card-flight:nth-child(1) .btn-premium
[INFO] Capturando información del vuelo de vuelta
[INFO] Extrayendo información de vuelo INBOUND, tarjeta #0
[INFO] Información del vuelo de vuelta capturada con éxito {
  direction: [32m'INBOUND'[39m,
  date: [32m'Tue, Aug 5'[39m,
  origin: { code: [32m'BCN'[39m, name: [32m'Barcelona'[39m },
  destination: { code: [32m'SCL'[39m, name: [32m'Santiago'[39m },
  times: {
    departure: [32m'00:05'[39m,
    arrival: [32m'08:40'[39m,
    duration: [32m'14h 35m'[39m,
    nextDay: [33mfalse[39m
  },
  airline: [32m'IB'[39m,
  flightNumber: [32m''[39m,
  cabinOptions: {
    economy: { name: [32m'ECONOMY'[39m, price: [32m'$592'[39m },
    premium: { name: [32m'PREMIUM'[39m, price: [32m'$1,218'[39m }
  },
  cardSelector: [32m'.inbound-flight-container .card-flight:nth-child(1)'[39m,
  selectedCabin: { class: [32m'Economy'[39m, type: [32m'Light'[39m, fullName: [32m'Economy Light'[39m }
}
[INFO] Seleccionando cabina para vuelo de vuelta: Economy
[INFO] Successfully clicked the element: .inbound-flight-container .card-flight:nth-child(1) .btn-economy
[INFO] Información de vuelo capturada y almacenada {
  outbound: {
    direction: [32m'OUTBOUND'[39m,
    date: [32m'Sat, Aug 2'[39m,
    origin: { code: [32m'SCL'[39m, name: [32m'Santiago'[39m },
    destination: { code: [32m'BCN'[39m, name: [32m'Barcelona'[39m },
    times: {
      departure: [32m'10:25'[39m,
      arrival: [32m'06:10'[39m,
      duration: [32m'13h 45m'[39m,
      nextDay: [33mtrue[39m
    },
    airline: [32m'IB'[39m,
    flightNumber: [32m''[39m,
    cabinOptions: { economy: [36m[Object][39m, premium: [36m[Object][39m },
    cardSelector: [32m'.outbound-flight-container .card-flight:nth-child(1)'[39m,
    selectedCabin: { class: [32m'Premium'[39m, type: [32m'Extra'[39m, fullName: [32m'Premium Extra'[39m }
  },
  return: {
    direction: [32m'INBOUND'[39m,
    date: [32m'Tue, Aug 5'[39m,
    origin: { code: [32m'BCN'[39m, name: [32m'Barcelona'[39m },
    destination: { code: [32m'SCL'[39m, name: [32m'Santiago'[39m },
    times: {
      departure: [32m'00:05'[39m,
      arrival: [32m'08:40'[39m,
      duration: [32m'14h 35m'[39m,
      nextDay: [33mfalse[39m
    },
    airline: [32m'IB'[39m,
    flightNumber: [32m''[39m,
    cabinOptions: { economy: [36m[Object][39m, premium: [36m[Object][39m },
    cardSelector: [32m'.inbound-flight-container .card-flight:nth-child(1)'[39m,
    selectedCabin: { class: [32m'Economy'[39m, type: [32m'Light'[39m, fullName: [32m'Economy Light'[39m }
  }
}
[INFO] Clases y tipos de vuelo seleccionados correctamente
[INFO] Completando datos para 1 adultos, 0 niños, 0 infantes
[INFO] Ejecutando fillPassengerAdult-1 (intento 1/5)
[INFO] Completando datos para adulto 1 de 1: Juan Perez
[INFO] Empezando a completar datos para Adult 1: Juan Perez
[INFO] Formulario para Adult-0 encontrado y visible
[INFO] Intentando completar nombre (1/3)
[INFO] Campo nombre completado con: Juan
[INFO] Intentando completar apellido (1/3)
[INFO] Campo apellido completado con: Perez
[INFO] Intentando completar fecha de nacimiento (1/3)
[INFO] Campo fecha de nacimiento completado con: 03/09/2010
[INFO] Intentando seleccionar país Afghanistan (1/4)
[INFO] Combobox de nacionalidad abierto
[INFO] Filtrado países con: Afg
[INFO] País seleccionado: Afghanistan
[INFO] Selección de país completada: Afghanistan
[INFO] Intentando seleccionar género (1/3)
[INFO] Género seleccionado: female
[INFO] Completados todos los datos para Adult 1: Juan Perez
[INFO] Datos de todos los pasajeros completados correctamente
[INFO] Completando datos de contacto para purchase
[INFO] Ejecutando fillContactDetails (intento 1/3)
[INFO] Haciendo clic en "Complete your purchase"
[INFO] ¿Botón "Complete your purchase" visible? true
[INFO] Datos de contacto completados correctamente
[INFO] Prueba no incluye selección de asientos
[INFO] Procesando pago
[INFO] Ejecutando processPayment (intento 1/3)
Iframe encontrado.
[INFO] Pago procesado correctamente
[INFO] Verificando confirmación de reserva
[INFO] Esperando a que la navegación a la página de confirmación se complete...
[INFO] URL actual: https://lv-fndoor-ecommerce-sbx-ghdubdbgdtcsane6.a01.azurefd.net/nwe/confirmation/?forcedCulture=en
[INFO] Ejecutando verifyBookingConfirmation (intento 1/5)
[INFO] Iniciando validación de la página de confirmación
[INFO] Esperando a que la navegación a la página de confirmación se complete (máximo 60000ms)...
[INFO] URL actual: https://lv-fndoor-ecommerce-sbx-ghdubdbgdtcsane6.a01.azurefd.net/nwe/confirmation/?forcedCulture=en
[INFO] URL de confirmación detectada después de 7ms
[INFO] Navegación a la página de confirmación completada
[INFO] Buscando sección "Flight Summary" en la página
[INFO] Sección "Flight Summary" encontrada mediante estrategia: exact
[INFO] Esperando a elementos adicionales de la página de confirmación
[INFO] Elemento .flight-info__journey-type encontrado correctamente
[INFO] Elemento .flight-info__routes encontrado correctamente
[INFO] Elemento .flight-card__footer encontrado correctamente
[INFO] Extrayendo código de reserva
[INFO] Código de reserva extraído: MK85D
[INFO] Detalles de vuelo extraídos de la página de confirmación: {}
Successfully saved booking code MK85D and all details to Excel
[INFO] Información guardada exitosamente en Excel
[INFO] Reserva confirmada correctamente
[INFO] Prueba completada exitosamente: ROUND-TRIP: 14. Compra 1 adulto - Premium Extra
[INFO] Prueba "ROUND-TRIP: 14. Compra 1 adulto - Premium Extra" exitosa

</system-out>
</testcase><testcase name="Pruebas de vuelos de solo ida (One-Way) › Pruebas de cabinas Economy (One-Way) › 8. Compra 1 adulto - Economy Light - sin asistencia - sin asiento - sin extras (One-Way)" classname="Booking\NoExtraNoSeat.spec.ts" time="63.237"><system-out>
[INFO] Ejecutando prueba: ONE-WAY: 8. Compra 1 adulto - Economy Light
[INFO] Intento 1/5
[INFO] Iniciando prueba: ONE-WAY: 8. Compra 1 adulto - Economy Light
[INFO] Inicializando test
[INFO] Cookies aceptadas
[INFO] Configurando idioma y moneda
[INFO] Ejecutando setLanguageAndCurrency (intento 1/3)
[INFO] Idioma configurado a EN, Moneda configurada a USD
[INFO] Test inicializado correctamente
[INFO] Seleccionando origen: SCL, destino: BCN
[INFO] Origen y destino seleccionados correctamente
[INFO] Tipo de viaje configurado a solo ida
[INFO] Seleccionando fechas de vuelo
[INFO] Ejecutando selectFlightDates (intento 1/3)
Selected departure date: { year: [32m'2025'[39m, month: [32m'7'[39m, index: [33m8[39m, value: [33m15[39m }
[INFO] Fechas de vuelo seleccionadas correctamente
[INFO] Seleccionando pasajeros: 1 adultos, 0 niños, 0 infantes
[INFO] Ejecutando selectPassengers (intento 1/3)
Ajustando número de pasajeros
[INFO] Pasajeros seleccionados correctamente
[INFO] Seleccionando clases y tipos de vuelo
[INFO] Ejecutando selectFlightClasses (intento 1/3)
[INFO] Capturando información del vuelo de ida
[INFO] Extrayendo información de vuelo OUTBOUND, tarjeta #0
[INFO] Información del vuelo de ida capturada con éxito {
  direction: [32m'OUTBOUND'[39m,
  date: [32m'Tue, Jul 15'[39m,
  origin: { code: [32m'SCL'[39m, name: [32m'Santiago'[39m },
  destination: { code: [32m'BCN'[39m, name: [32m'Barcelona'[39m },
  times: {
    departure: [32m'10:25'[39m,
    arrival: [32m'06:10'[39m,
    duration: [32m'13h 45m'[39m,
    nextDay: [33mtrue[39m
  },
  airline: [32m'IB'[39m,
  flightNumber: [32m''[39m,
  cabinOptions: {
    economy: { name: [32m'ECONOMY'[39m, price: [32m'$601'[39m },
    premium: { name: [32m'PREMIUM'[39m, price: [32m'$751'[39m }
  },
  cardSelector: [32m'.outbound-flight-container .card-flight:nth-child(1)'[39m,
  selectedCabin: { class: [32m'Economy'[39m, type: [32m'Light'[39m, fullName: [32m'Economy Light'[39m }
}
[INFO] Seleccionando cabina para vuelo de ida: Economy
[INFO] Successfully clicked the element: .outbound-flight-container .card-flight:nth-child(1) .btn-economy
[INFO] Información de vuelo capturada y almacenada {
  outbound: {
    direction: [32m'OUTBOUND'[39m,
    date: [32m'Tue, Jul 15'[39m,
    origin: { code: [32m'SCL'[39m, name: [32m'Santiago'[39m },
    destination: { code: [32m'BCN'[39m, name: [32m'Barcelona'[39m },
    times: {
      departure: [32m'10:25'[39m,
      arrival: [32m'06:10'[39m,
      duration: [32m'13h 45m'[39m,
      nextDay: [33mtrue[39m
    },
    airline: [32m'IB'[39m,
    flightNumber: [32m''[39m,
    cabinOptions: { economy: [36m[Object][39m, premium: [36m[Object][39m },
    cardSelector: [32m'.outbound-flight-container .card-flight:nth-child(1)'[39m,
    selectedCabin: { class: [32m'Economy'[39m, type: [32m'Light'[39m, fullName: [32m'Economy Light'[39m }
  },
  return: {}
}
[INFO] Clases y tipos de vuelo seleccionados correctamente
[INFO] Completando datos para 1 adultos, 0 niños, 0 infantes
[INFO] Ejecutando fillPassengerAdult-1 (intento 1/5)
[INFO] Completando datos para adulto 1 de 1: Juan Perez
[INFO] Empezando a completar datos para Adult 1: Juan Perez
[INFO] Formulario para Adult-0 encontrado y visible
[INFO] Intentando completar nombre (1/3)
[INFO] Campo nombre completado con: Juan
[INFO] Intentando completar apellido (1/3)
[INFO] Campo apellido completado con: Perez
[INFO] Intentando completar fecha de nacimiento (1/3)
[INFO] Campo fecha de nacimiento completado con: 03/09/2010
[INFO] Intentando seleccionar país Afghanistan (1/4)
[INFO] Combobox de nacionalidad abierto
[INFO] Filtrado países con: Afg
[INFO] País seleccionado: Afghanistan
[INFO] Selección de país completada: Afghanistan
[INFO] Intentando seleccionar género (1/3)
[INFO] Género seleccionado: female
[INFO] Completados todos los datos para Adult 1: Juan Perez
[INFO] Datos de todos los pasajeros completados correctamente
[INFO] Completando datos de contacto para purchase
[INFO] Ejecutando fillContactDetails (intento 1/3)
[INFO] Haciendo clic en "Complete your purchase"
[INFO] ¿Botón "Complete your purchase" visible? true
[INFO] Datos de contacto completados correctamente
[INFO] Prueba no incluye selección de asientos
[INFO] Procesando pago
[INFO] Ejecutando processPayment (intento 1/3)
Iframe encontrado.
[INFO] Pago procesado correctamente
[INFO] Verificando confirmación de reserva
[INFO] Esperando a que la navegación a la página de confirmación se complete...
[INFO] URL actual: https://lv-fndoor-ecommerce-sbx-ghdubdbgdtcsane6.a01.azurefd.net/nwe/confirmation/?forcedCulture=en
[INFO] Ejecutando verifyBookingConfirmation (intento 1/5)
[INFO] Iniciando validación de la página de confirmación
[INFO] Esperando a que la navegación a la página de confirmación se complete (máximo 60000ms)...
[INFO] URL actual: https://lv-fndoor-ecommerce-sbx-ghdubdbgdtcsane6.a01.azurefd.net/nwe/confirmation/?forcedCulture=en
[INFO] URL de confirmación detectada después de 10ms
[INFO] Navegación a la página de confirmación completada
[INFO] Buscando sección "Flight Summary" en la página
[INFO] Sección "Flight Summary" encontrada mediante estrategia: exact
[INFO] Esperando a elementos adicionales de la página de confirmación
[INFO] Elemento .flight-info__journey-type encontrado correctamente
[INFO] Elemento .flight-info__routes encontrado correctamente
[INFO] Elemento .flight-card__footer encontrado correctamente
[INFO] Extrayendo código de reserva
[INFO] Código de reserva extraído: MK85G
[INFO] Detalles de vuelo extraídos de la página de confirmación: {}
Successfully saved booking code MK85G and all details to Excel
[INFO] Información guardada exitosamente en Excel
[INFO] Reserva confirmada correctamente
[INFO] Prueba completada exitosamente: ONE-WAY: 8. Compra 1 adulto - Economy Light
[INFO] Prueba "ONE-WAY: 8. Compra 1 adulto - Economy Light" exitosa

</system-out>
</testcase></testsuite></testsuites>