<?xml version='1.0' encoding='utf-8'?>
<testsuites><testsuite name="NoExtraNoSeat.spec.ts" timestamp="2025-03-05T07:50:44.514Z" hostname="chromium" tests="28" failures="16" skipped="0" time="7495.675" errors="0"><testcase name="Pruebas de vuelos de solo ida (One-Way)" classname="NoExtraNoSeat.spec.ts" time="169.962"><steps><step name="2. Compra 2 adultos (Diferentes) - Economy Light - sin asistencia - sin asiento - sin extras (One-Way)"><system-out>
[INFO] Ejecutando prueba: ONE-WAY: 2. Compra 2 adultos (Diferentes) - Economy Light
[INFO] Intento 1/5
[INFO] Iniciando prueba: ONE-WAY: 2. Compra 2 adultos (Diferentes) - Economy Light
[INFO] Inicializando test
[INFO] Cookies aceptadas
[INFO] Configurando idioma y moneda
[INFO] Intentando setLanguageAndCurrency (1/3)
[INFO] Idioma configurado a EN, Moneda configurada a USD
[INFO] Test inicializado correctamente
[INFO] Seleccionando origen: SCL, destino: BCN
[INFO] Origen y destino seleccionados correctamente
[INFO] Tipo de viaje configurado a solo ida
[INFO] Seleccionando fechas de vuelo
[INFO] Intentando selectFlightDates (1/3)
Selected departure date: { year: [32m'2025'[39m, month: [32m'8'[39m, index: [33m8[39m, value: [33m16[39m }
[INFO] Fechas de vuelo seleccionadas correctamente
[INFO] Seleccionando pasajeros: 2 adultos, 0 niños, 0 infantes
[INFO] Intentando selectPassengers (1/3)
Ajustando número de pasajeros
[INFO] Pasajeros seleccionados correctamente
[INFO] Seleccionando clases y tipos de vuelo
[INFO] Intentando selectFlightClasses (1/3)
Successfully clicked the element: div.price-cabin:has-text("Economy")
[INFO] Clases y tipos de vuelo seleccionados correctamente
[INFO] Intentando fillPassengerAdult-1 (1/3)
[INFO] Intentando fillPassengerAdult-2 (1/3)
[INFO] Datos de todos los pasajeros completados correctamente
[INFO] Completando datos de contacto para purchase
[INFO] Intentando fillContactDetails (1/3)
[INFO] Haciendo clic en "Complete your purchase"
[INFO] ¿Botón "Complete your purchase" visible? true
[INFO] Datos de contacto completados correctamente
[INFO] Prueba no incluye selección de asientos
[INFO] Procesando pago
[INFO] Intentando processPayment (1/3)
Iframe encontrado.
[INFO] Pago procesado correctamente
[INFO] Verificando confirmación de reserva
[INFO] Intentando verifyBookingConfirmation (1/3)
[INFO] Intentando verifyBookingConfirmation (2/3)
Successfully saved booking code MEHLB to Excel
[INFO] Reserva confirmada correctamente
[INFO] Prueba completada exitosamente: ONE-WAY: 2. Compra 2 adultos (Diferentes) - Economy Light
[INFO] Prueba "ONE-WAY: 2. Compra 2 adultos (Diferentes) - Economy Light" exitosa

</system-out>
<system-err>
Confirmation page validation failed: Flight Summary section not found on confirmation page
[WARN] verifyBookingConfirmation falló, reintentando... Error [ValidationError]: Flight Summary section not found on confirmation page
    at validationConfirmPage [90m(C:\playwright-project\[39msrc\page-objects\confirmation.ts:98:27[90m)[39m
[90m    at runNextTicks (node:internal/process/task_queues:65:5)[39m
[90m    at processImmediate (node:internal/timers:459:9)[39m
[90m    at process.callbackTrampoline (node:internal/async_hooks:130:17)[39m
    at [90mC:\playwright-project\[39msrc\utils\test-framework.ts:546:11
    at LevelTestRunner.executeWithRetry [90m(C:\playwright-project\[39msrc\utils\test-framework.ts:570:16[90m)[39m
    at LevelTestRunner.verifyBookingConfirmation [90m(C:\playwright-project\[39msrc\utils\test-framework.ts:544:7[90m)[39m
    at LevelTestRunner.runCompleteTest [90m(C:\playwright-project\[39msrc\utils\test-framework.ts:641:7[90m)[39m
    at runSingleTest [90m(C:\playwright-project\[39msrc\utils\test-framework.ts:675:17[90m)[39m
    at [90mC:\playwright-project\[39msrc\tests\NoExtraNoSeat.spec.ts:41:5
    at [90mC:\playwright-project\[39mnode_modules\[4mplaywright[24m\lib\worker\workerMain.js:339:9
    at [90mC:\playwright-project\[39mnode_modules\[4mplaywright[24m\lib\worker\testInfo.js:286:11
    at TimeoutManager.withRunnable [90m(C:\playwright-project\[39mnode_modules\[4mplaywright[24m\lib\worker\timeoutManager.js:64:14[90m)[39m
    at TestInfoImpl._runAsStage [90m(C:\playwright-project\[39mnode_modules\[4mplaywright[24m\lib\worker\testInfo.js:284:7[90m)[39m
    at [90mC:\playwright-project\[39mnode_modules\[4mplaywright[24m\lib\worker\workerMain.js:331:7
    at [90mC:\playwright-project\[39mnode_modules\[4mplaywright[24m\lib\worker\testInfo.js:286:11
    at TimeoutManager.withRunnable [90m(C:\playwright-project\[39mnode_modules\[4mplaywright[24m\lib\worker\timeoutManager.js:52:27[90m)[39m
    at TestInfoImpl._runAsStage [90m(C:\playwright-project\[39mnode_modules\[4mplaywright[24m\lib\worker\testInfo.js:284:7[90m)[39m
    at WorkerMain._runTest [90m(C:\playwright-project\[39mnode_modules\[4mplaywright[24m\lib\worker\workerMain.js:281:5[90m)[39m
    at WorkerMain.runTestGroup [90m(C:\playwright-project\[39mnode_modules\[4mplaywright[24m\lib\worker\workerMain.js:205:11[90m)[39m
    at process.&lt;anonymous&gt; [90m(C:\playwright-project\[39mnode_modules\[4mplaywright[24m\lib\common\process.js:95:22[90m)[39m {
  fatal: [33mtrue[39m
}

</system-err>
</step><step name="3. Compra 2 adultos (Diferentes) - Economy Light - Con asistencia TODAS - sin asiento - sin extras (One-Way)"><failure message="NoExtraNoSeat.spec.ts:45:7 3. Compra 2 adultos (Diferentes) - Economy Light - Con asistencia TODAS - sin asiento - sin extras (One-Way)" type="FAILURE">
  [chromium] › NoExtraNoSeat.spec.ts:45:7 › Pruebas de vuelos de solo ida (One-Way) › 3. Compra 2 adultos (Diferentes) - Economy Light - Con asistencia TODAS - sin asiento - sin extras (One-Way) 

    Test timeout of 360000ms exceeded.

    Error: browserContext.close: Target page, context or browser has been closed

       at ..\utils\test-framework.ts:680

      678 |     } finally {
      679 |       await page.close();
    &gt; 680 |       await context.close();
          |       ^
      681 |     }
      682 |     
      683 |     if (success) {
        at runSingleTest (C:\playwright-project\src\utils\test-framework.ts:680:7)
        at C:\playwright-project\src\tests\NoExtraNoSeat.spec.ts:46:5

    attachment #1: screenshot (image/png) ──────────────────────────────────────────────────────────
    test-results\NoExtraNoSeat-Pruebas-de-v-8cff8-iento---sin-extras-One-Way--chromium\test-failed-1.png
    ────────────────────────────────────────────────────────────────────────────────────────────────

</failure>
<system-out>
[INFO] Ejecutando prueba: ONE-WAY: 3. Compra 2 adultos (Diferentes) - Economy Light - Con asistencia TODAS
[INFO] Intento 1/5
[INFO] Iniciando prueba: ONE-WAY: 3. Compra 2 adultos (Diferentes) - Economy Light - Con asistencia TODAS
[INFO] Inicializando test
[INFO] Cookies aceptadas
[INFO] Configurando idioma y moneda
[INFO] Intentando setLanguageAndCurrency (1/3)
[INFO] Idioma configurado a EN, Moneda configurada a USD
[INFO] Test inicializado correctamente
[INFO] Seleccionando origen: SCL, destino: BCN
[INFO] Origen y destino seleccionados correctamente
[INFO] Tipo de viaje configurado a solo ida
[INFO] Seleccionando fechas de vuelo
[INFO] Intentando selectFlightDates (1/3)
Selected departure date: { year: [32m'2025'[39m, month: [32m'9'[39m, index: [33m0[39m, value: [33m2[39m }
[INFO] Fechas de vuelo seleccionadas correctamente
[INFO] Seleccionando pasajeros: 2 adultos, 0 niños, 0 infantes
[INFO] Intentando selectPassengers (1/3)
Ajustando número de pasajeros
[INFO] Pasajeros seleccionados correctamente
[INFO] Seleccionando clases y tipos de vuelo
[INFO] Intentando selectFlightClasses (1/3)
Successfully clicked the element: div.price-cabin:has-text("Economy")
[INFO] Clases y tipos de vuelo seleccionados correctamente
[INFO] Intentando fillPassengerAdult-1 (1/3)
[INFO] Intentando fillPassengerAdult-2 (1/3)
[INFO] Datos de todos los pasajeros completados correctamente
[INFO] Completando datos de contacto para purchase
[INFO] Intentando fillContactDetails (1/3)
[INFO] Haciendo clic en "Complete your purchase"
[INFO] ¿Botón "Complete your purchase" visible? true
[INFO] Datos de contacto completados correctamente
[INFO] Prueba no incluye selección de asientos
[INFO] Procesando pago
[INFO] Intentando processPayment (1/3)
[INFO] Intentando processPayment (2/3)
[INFO] Intentando processPayment (3/3)
[INFO] Captura de pantalla guardada en: test-results/screenshots/processPayment-error-1741161407012.png
[INFO] Intento 2/5
[INFO] Iniciando prueba: ONE-WAY: 3. Compra 2 adultos (Diferentes) - Economy Light - Con asistencia TODAS
[INFO] Inicializando test
[INFO] Cookies aceptadas
[INFO] Configurando idioma y moneda
[INFO] Intentando setLanguageAndCurrency (1/3)
[INFO] Intentando setLanguageAndCurrency (2/3)
[INFO] Intentando setLanguageAndCurrency (3/3)

</system-out>
<system-err>
Error while handling iframe payment: page.waitForSelector: Timeout 60000ms exceeded.
Call log:
[2m  - waiting for locator('iframe[title="Iframe for expiry date"]') to be visible[22m

    at payWithCard [90m(C:\playwright-project\[39msrc\page-objects\paymentPage.ts:4:20[90m)[39m
    at action [90m(C:\playwright-project\[39msrc\utils\test-framework.ts:519:28[90m)[39m
    at LevelTestRunner.executeWithRetry [90m(C:\playwright-project\[39msrc\utils\test-framework.ts:570:22[90m)[39m
    at LevelTestRunner.processPayment [90m(C:\playwright-project\[39msrc\utils\test-framework.ts:517:18[90m)[39m
    at LevelTestRunner.runCompleteTest [90m(C:\playwright-project\[39msrc\utils\test-framework.ts:639:18[90m)[39m
    at runSingleTest [90m(C:\playwright-project\[39msrc\utils\test-framework.ts:675:17[90m)[39m
    at [90mC:\playwright-project\[39msrc\tests\NoExtraNoSeat.spec.ts:46:5 {
  name: [32m'TimeoutError'[39m,
  [[32mSymbol(step)[39m]: {
    stepId: [32m'pw:api@89'[39m,
    location: {
      file: [32m'C:\\playwright-project\\src\\page-objects\\paymentPage.ts'[39m,
      line: [33m4[39m,
      column: [33m20[39m,
      function: [32m'payWithCard'[39m
    },
    category: [32m'pw:api'[39m,
    title: [32m'page.waitForSelector(iframe[title="Iframe for expiry date"])'[39m,
    apiName: [32m'page.waitForSelector'[39m,
    params: {
      selector: [32m'iframe[title="Iframe for expiry date"]'[39m,
      timeout: [33m60000[39m
    },
    boxedStack: [90mundefined[39m,
    steps: [],
    complete: [36m[Function: complete][39m,
    endWallTime: [33m1741161286883[39m,
    error: {
      message: [32m'TimeoutError: page.waitForSelector: Timeout 60000ms exceeded.\n'[39m +
        [32m'Call log:\n'[39m +
        [32m`\x1B[2m  - waiting for locator('iframe[title="Iframe for expiry date"]') to be visible\x1B[22m\n`[39m,
      stack: [32m'TimeoutError: page.waitForSelector: Timeout 60000ms exceeded.\n'[39m +
        [32m'Call log:\n'[39m +
        [32m`\x1B[2m  - waiting for locator('iframe[title="Iframe for expiry date"]') to be visible\x1B[22m\n`[39m +
        [32m'\n'[39m +
        [32m'    at payWithCard (C:\\playwright-project\\src\\page-objects\\paymentPage.ts:4:20)\n'[39m +
        [32m'    at action (C:\\playwright-project\\src\\utils\\test-framework.ts:519:28)\n'[39m +
        [32m'    at LevelTestRunner.executeWithRetry (C:\\playwright-project\\src\\utils\\test-framework.ts:570:22)\n'[39m +
        [32m'    at LevelTestRunner.processPayment (C:\\playwright-project\\src\\utils\\test-framework.ts:517:18)\n'[39m +
        [32m'    at LevelTestRunner.runCompleteTest (C:\\playwright-project\\src\\utils\\test-framework.ts:639:18)\n'[39m +
        [32m'    at runSingleTest (C:\\playwright-project\\src\\utils\\test-framework.ts:675:17)\n'[39m +
        [32m'    at C:\\playwright-project\\src\\tests\\NoExtraNoSeat.spec.ts:46:5'[39m,
      cause: [90mundefined[39m
    }
  }
}
[WARN] processPayment falló, reintentando... page.waitForSelector: Timeout 60000ms exceeded.
Call log:
[2m  - waiting for locator('iframe[title="Iframe for expiry date"]') to be visible[22m

    at payWithCard [90m(C:\playwright-project\[39msrc\page-objects\paymentPage.ts:4:20[90m)[39m
    at action [90m(C:\playwright-project\[39msrc\utils\test-framework.ts:519:28[90m)[39m
    at LevelTestRunner.executeWithRetry [90m(C:\playwright-project\[39msrc\utils\test-framework.ts:570:22[90m)[39m
    at LevelTestRunner.processPayment [90m(C:\playwright-project\[39msrc\utils\test-framework.ts:517:18[90m)[39m
    at LevelTestRunner.runCompleteTest [90m(C:\playwright-project\[39msrc\utils\test-framework.ts:639:18[90m)[39m
    at runSingleTest [90m(C:\playwright-project\[39msrc\utils\test-framework.ts:675:17[90m)[39m
    at [90mC:\playwright-project\[39msrc\tests\NoExtraNoSeat.spec.ts:46:5 {
  name: [32m'TimeoutError'[39m,
  [[32mSymbol(step)[39m]: {
    stepId: [32m'pw:api@89'[39m,
    location: {
      file: [32m'C:\\playwright-project\\src\\page-objects\\paymentPage.ts'[39m,
      line: [33m4[39m,
      column: [33m20[39m,
      function: [32m'payWithCard'[39m
    },
    category: [32m'pw:api'[39m,
    title: [32m'page.waitForSelector(iframe[title="Iframe for expiry date"])'[39m,
    apiName: [32m'page.waitForSelector'[39m,
    params: {
      selector: [32m'iframe[title="Iframe for expiry date"]'[39m,
      timeout: [33m60000[39m
    },
    boxedStack: [90mundefined[39m,
    steps: [],
    complete: [36m[Function: complete][39m,
    endWallTime: [33m1741161286883[39m,
    error: {
      message: [32m'TimeoutError: page.waitForSelector: Timeout 60000ms exceeded.\n'[39m +
        [32m'Call log:\n'[39m +
        [32m`\x1B[2m  - waiting for locator('iframe[title="Iframe for expiry date"]') to be visible\x1B[22m\n`[39m,
      stack: [32m'TimeoutError: page.waitForSelector: Timeout 60000ms exceeded.\n'[39m +
        [32m'Call log:\n'[39m +
        [32m`\x1B[2m  - waiting for locator('iframe[title="Iframe for expiry date"]') to be visible\x1B[22m\n`[39m +
        [32m'\n'[39m +
        [32m'    at payWithCard (C:\\playwright-project\\src\\page-objects\\paymentPage.ts:4:20)\n'[39m +
        [32m'    at action (C:\\playwright-project\\src\\utils\\test-framework.ts:519:28)\n'[39m +
        [32m'    at LevelTestRunner.executeWithRetry (C:\\playwright-project\\src\\utils\\test-framework.ts:570:22)\n'[39m +
        [32m'    at LevelTestRunner.processPayment (C:\\playwright-project\\src\\utils\\test-framework.ts:517:18)\n'[39m +
        [32m'    at LevelTestRunner.runCompleteTest (C:\\playwright-project\\src\\utils\\test-framework.ts:639:18)\n'[39m +
        [32m'    at runSingleTest (C:\\playwright-project\\src\\utils\\test-framework.ts:675:17)\n'[39m +
        [32m'    at C:\\playwright-project\\src\\tests\\NoExtraNoSeat.spec.ts:46:5'[39m,
      cause: [90mundefined[39m
    }
  }
}
Error while handling iframe payment: page.waitForSelector: Timeout 60000ms exceeded.
Call log:
[2m  - waiting for locator('iframe[title="Iframe for expiry date"]') to be visible[22m

    at payWithCard [90m(C:\playwright-project\[39msrc\page-objects\paymentPage.ts:4:20[90m)[39m
    at action [90m(C:\playwright-project\[39msrc\utils\test-framework.ts:519:28[90m)[39m
    at LevelTestRunner.executeWithRetry [90m(C:\playwright-project\[39msrc\utils\test-framework.ts:570:22[90m)[39m
    at LevelTestRunner.processPayment [90m(C:\playwright-project\[39msrc\utils\test-framework.ts:517:7[90m)[39m
    at LevelTestRunner.runCompleteTest [90m(C:\playwright-project\[39msrc\utils\test-framework.ts:639:7[90m)[39m
    at runSingleTest [90m(C:\playwright-project\[39msrc\utils\test-framework.ts:675:17[90m)[39m
    at [90mC:\playwright-project\[39msrc\tests\NoExtraNoSeat.spec.ts:46:5 {
  name: [32m'TimeoutError'[39m,
  [[32mSymbol(step)[39m]: {
    stepId: [32m'pw:api@90'[39m,
    location: {
      file: [32m'C:\\playwright-project\\src\\page-objects\\paymentPage.ts'[39m,
      line: [33m4[39m,
      column: [33m20[39m,
      function: [32m'payWithCard'[39m
    },
    category: [32m'pw:api'[39m,
    title: [32m'page.waitForSelector(iframe[title="Iframe for expiry date"])'[39m,
    apiName: [32m'page.waitForSelector'[39m,
    params: {
      selector: [32m'iframe[title="Iframe for expiry date"]'[39m,
      timeout: [33m60000[39m
    },
    boxedStack: [90mundefined[39m,
    steps: [],
    complete: [36m[Function: complete][39m,
    endWallTime: [33m1741161346985[39m,
    error: {
      message: [32m'TimeoutError: page.waitForSelector: Timeout 60000ms exceeded.\n'[39m +
        [32m'Call log:\n'[39m +
        [32m`\x1B[2m  - waiting for locator('iframe[title="Iframe for expiry date"]') to be visible\x1B[22m\n`[39m,
      stack: [32m'TimeoutError: page.waitForSelector: Timeout 60000ms exceeded.\n'[39m +
        [32m'Call log:\n'[39m +
        [32m`\x1B[2m  - waiting for locator('iframe[title="Iframe for expiry date"]') to be visible\x1B[22m\n`[39m +
        [32m'\n'[39m +
        [32m'    at payWithCard (C:\\playwright-project\\src\\page-objects\\paymentPage.ts:4:20)\n'[39m +
        [32m'    at action (C:\\playwright-project\\src\\utils\\test-framework.ts:519:28)\n'[39m +
        [32m'    at LevelTestRunner.executeWithRetry (C:\\playwright-project\\src\\utils\\test-framework.ts:570:22)\n'[39m +
        [32m'    at LevelTestRunner.processPayment (C:\\playwright-project\\src\\utils\\test-framework.ts:517:7)\n'[39m +
        [32m'    at LevelTestRunner.runCompleteTest (C:\\playwright-project\\src\\utils\\test-framework.ts:639:7)\n'[39m +
        [32m'    at runSingleTest (C:\\playwright-project\\src\\utils\\test-framework.ts:675:17)\n'[39m +
        [32m'    at C:\\playwright-project\\src\\tests\\NoExtraNoSeat.spec.ts:46:5'[39m,
      cause: [90mundefined[39m
    }
  }
}
[WARN] processPayment falló, reintentando... page.waitForSelector: Timeout 60000ms exceeded.
Call log:
[2m  - waiting for locator('iframe[title="Iframe for expiry date"]') to be visible[22m

    at payWithCard [90m(C:\playwright-project\[39msrc\page-objects\paymentPage.ts:4:20[90m)[39m
    at action [90m(C:\playwright-project\[39msrc\utils\test-framework.ts:519:28[90m)[39m
    at LevelTestRunner.executeWithRetry [90m(C:\playwright-project\[39msrc\utils\test-framework.ts:570:22[90m)[39m
    at LevelTestRunner.processPayment [90m(C:\playwright-project\[39msrc\utils\test-framework.ts:517:7[90m)[39m
    at LevelTestRunner.runCompleteTest [90m(C:\playwright-project\[39msrc\utils\test-framework.ts:639:7[90m)[39m
    at runSingleTest [90m(C:\playwright-project\[39msrc\utils\test-framework.ts:675:17[90m)[39m
    at [90mC:\playwright-project\[39msrc\tests\NoExtraNoSeat.spec.ts:46:5 {
  name: [32m'TimeoutError'[39m,
  [[32mSymbol(step)[39m]: {
    stepId: [32m'pw:api@90'[39m,
    location: {
      file: [32m'C:\\playwright-project\\src\\page-objects\\paymentPage.ts'[39m,
      line: [33m4[39m,
      column: [33m20[39m,
      function: [32m'payWithCard'[39m
    },
    category: [32m'pw:api'[39m,
    title: [32m'page.waitForSelector(iframe[title="Iframe for expiry date"])'[39m,
    apiName: [32m'page.waitForSelector'[39m,
    params: {
      selector: [32m'iframe[title="Iframe for expiry date"]'[39m,
      timeout: [33m60000[39m
    },
    boxedStack: [90mundefined[39m,
    steps: [],
    complete: [36m[Function: complete][39m,
    endWallTime: [33m1741161346985[39m,
    error: {
      message: [32m'TimeoutError: page.waitForSelector: Timeout 60000ms exceeded.\n'[39m +
        [32m'Call log:\n'[39m +
        [32m`\x1B[2m  - waiting for locator('iframe[title="Iframe for expiry date"]') to be visible\x1B[22m\n`[39m,
      stack: [32m'TimeoutError: page.waitForSelector: Timeout 60000ms exceeded.\n'[39m +
        [32m'Call log:\n'[39m +
        [32m`\x1B[2m  - waiting for locator('iframe[title="Iframe for expiry date"]') to be visible\x1B[22m\n`[39m +
        [32m'\n'[39m +
        [32m'    at payWithCard (C:\\playwright-project\\src\\page-objects\\paymentPage.ts:4:20)\n'[39m +
        [32m'    at action (C:\\playwright-project\\src\\utils\\test-framework.ts:519:28)\n'[39m +
        [32m'    at LevelTestRunner.executeWithRetry (C:\\playwright-project\\src\\utils\\test-framework.ts:570:22)\n'[39m +
        [32m'    at LevelTestRunner.processPayment (C:\\playwright-project\\src\\utils\\test-framework.ts:517:7)\n'[39m +
        [32m'    at LevelTestRunner.runCompleteTest (C:\\playwright-project\\src\\utils\\test-framework.ts:639:7)\n'[39m +
        [32m'    at runSingleTest (C:\\playwright-project\\src\\utils\\test-framework.ts:675:17)\n'[39m +
        [32m'    at C:\\playwright-project\\src\\tests\\NoExtraNoSeat.spec.ts:46:5'[39m,
      cause: [90mundefined[39m
    }
  }
}
Error while handling iframe payment: page.waitForSelector: Timeout 60000ms exceeded.
Call log:
[2m  - waiting for locator('iframe[title="Iframe for expiry date"]') to be visible[22m

    at payWithCard [90m(C:\playwright-project\[39msrc\page-objects\paymentPage.ts:4:20[90m)[39m
    at action [90m(C:\playwright-project\[39msrc\utils\test-framework.ts:519:28[90m)[39m
    at LevelTestRunner.executeWithRetry [90m(C:\playwright-project\[39msrc\utils\test-framework.ts:570:22[90m)[39m
    at LevelTestRunner.processPayment [90m(C:\playwright-project\[39msrc\utils\test-framework.ts:517:7[90m)[39m
    at LevelTestRunner.runCompleteTest [90m(C:\playwright-project\[39msrc\utils\test-framework.ts:639:7[90m)[39m
    at runSingleTest [90m(C:\playwright-project\[39msrc\utils\test-framework.ts:675:17[90m)[39m
    at [90mC:\playwright-project\[39msrc\tests\NoExtraNoSeat.spec.ts:46:5 {
  name: [32m'TimeoutError'[39m,
  [[32mSymbol(step)[39m]: {
    stepId: [32m'pw:api@91'[39m,
    location: {
      file: [32m'C:\\playwright-project\\src\\page-objects\\paymentPage.ts'[39m,
      line: [33m4[39m,
      column: [33m20[39m,
      function: [32m'payWithCard'[39m
    },
    category: [32m'pw:api'[39m,
    title: [32m'page.waitForSelector(iframe[title="Iframe for expiry date"])'[39m,
    apiName: [32m'page.waitForSelector'[39m,
    params: {
      selector: [32m'iframe[title="Iframe for expiry date"]'[39m,
      timeout: [33m60000[39m
    },
    boxedStack: [90mundefined[39m,
    steps: [],
    complete: [36m[Function: complete][39m,
    endWallTime: [33m1741161407009[39m,
    error: {
      message: [32m'TimeoutError: page.waitForSelector: Timeout 60000ms exceeded.\n'[39m +
        [32m'Call log:\n'[39m +
        [32m`\x1B[2m  - waiting for locator('iframe[title="Iframe for expiry date"]') to be visible\x1B[22m\n`[39m,
      stack: [32m'TimeoutError: page.waitForSelector: Timeout 60000ms exceeded.\n'[39m +
        [32m'Call log:\n'[39m +
        [32m`\x1B[2m  - waiting for locator('iframe[title="Iframe for expiry date"]') to be visible\x1B[22m\n`[39m +
        [32m'\n'[39m +
        [32m'    at payWithCard (C:\\playwright-project\\src\\page-objects\\paymentPage.ts:4:20)\n'[39m +
        [32m'    at action (C:\\playwright-project\\src\\utils\\test-framework.ts:519:28)\n'[39m +
        [32m'    at LevelTestRunner.executeWithRetry (C:\\playwright-project\\src\\utils\\test-framework.ts:570:22)\n'[39m +
        [32m'    at LevelTestRunner.processPayment (C:\\playwright-project\\src\\utils\\test-framework.ts:517:7)\n'[39m +
        [32m'    at LevelTestRunner.runCompleteTest (C:\\playwright-project\\src\\utils\\test-framework.ts:639:7)\n'[39m +
        [32m'    at runSingleTest (C:\\playwright-project\\src\\utils\\test-framework.ts:675:17)\n'[39m +
        [32m'    at C:\\playwright-project\\src\\tests\\NoExtraNoSeat.spec.ts:46:5'[39m,
      cause: [90mundefined[39m
    }
  }
}
[ERROR] Error al procesar pago page.waitForSelector: Timeout 60000ms exceeded.
Call log:
[2m  - waiting for locator('iframe[title="Iframe for expiry date"]') to be visible[22m

    at payWithCard [90m(C:\playwright-project\[39msrc\page-objects\paymentPage.ts:4:20[90m)[39m
    at action [90m(C:\playwright-project\[39msrc\utils\test-framework.ts:519:28[90m)[39m
    at LevelTestRunner.executeWithRetry [90m(C:\playwright-project\[39msrc\utils\test-framework.ts:570:22[90m)[39m
    at LevelTestRunner.processPayment [90m(C:\playwright-project\[39msrc\utils\test-framework.ts:517:7[90m)[39m
    at LevelTestRunner.runCompleteTest [90m(C:\playwright-project\[39msrc\utils\test-framework.ts:639:7[90m)[39m
    at runSingleTest [90m(C:\playwright-project\[39msrc\utils\test-framework.ts:675:17[90m)[39m
    at [90mC:\playwright-project\[39msrc\tests\NoExtraNoSeat.spec.ts:46:5 {
  name: [32m'TimeoutError'[39m,
  [[32mSymbol(step)[39m]: {
    stepId: [32m'pw:api@91'[39m,
    location: {
      file: [32m'C:\\playwright-project\\src\\page-objects\\paymentPage.ts'[39m,
      line: [33m4[39m,
      column: [33m20[39m,
      function: [32m'payWithCard'[39m
    },
    category: [32m'pw:api'[39m,
    title: [32m'page.waitForSelector(iframe[title="Iframe for expiry date"])'[39m,
    apiName: [32m'page.waitForSelector'[39m,
    params: {
      selector: [32m'iframe[title="Iframe for expiry date"]'[39m,
      timeout: [33m60000[39m
    },
    boxedStack: [90mundefined[39m,
    steps: [],
    complete: [36m[Function: complete][39m,
    endWallTime: [33m1741161407009[39m,
    error: {
      message: [32m'TimeoutError: page.waitForSelector: Timeout 60000ms exceeded.\n'[39m +
        [32m'Call log:\n'[39m +
        [32m`\x1B[2m  - waiting for locator('iframe[title="Iframe for expiry date"]') to be visible\x1B[22m\n`[39m,
      stack: [32m'TimeoutError: page.waitForSelector: Timeout 60000ms exceeded.\n'[39m +
        [32m'Call log:\n'[39m +
        [32m`\x1B[2m  - waiting for locator('iframe[title="Iframe for expiry date"]') to be visible\x1B[22m\n`[39m +
        [32m'\n'[39m +
        [32m'    at payWithCard (C:\\playwright-project\\src\\page-objects\\paymentPage.ts:4:20)\n'[39m +
        [32m'    at action (C:\\playwright-project\\src\\utils\\test-framework.ts:519:28)\n'[39m +
        [32m'    at LevelTestRunner.executeWithRetry (C:\\playwright-project\\src\\utils\\test-framework.ts:570:22)\n'[39m +
        [32m'    at LevelTestRunner.processPayment (C:\\playwright-project\\src\\utils\\test-framework.ts:517:7)\n'[39m +
        [32m'    at LevelTestRunner.runCompleteTest (C:\\playwright-project\\src\\utils\\test-framework.ts:639:7)\n'[39m +
        [32m'    at runSingleTest (C:\\playwright-project\\src\\utils\\test-framework.ts:675:17)\n'[39m +
        [32m'    at C:\\playwright-project\\src\\tests\\NoExtraNoSeat.spec.ts:46:5'[39m,
      cause: [90mundefined[39m
    }
  }
}
[ERROR] Error durante la ejecución de la prueba ONE-WAY: 3. Compra 2 adultos (Diferentes) - Economy Light - Con asistencia TODAS: page.waitForSelector: Timeout 60000ms exceeded.
Call log:
[2m  - waiting for locator('iframe[title="Iframe for expiry date"]') to be visible[22m

    at payWithCard [90m(C:\playwright-project\[39msrc\page-objects\paymentPage.ts:4:20[90m)[39m
    at action [90m(C:\playwright-project\[39msrc\utils\test-framework.ts:519:28[90m)[39m
    at LevelTestRunner.executeWithRetry [90m(C:\playwright-project\[39msrc\utils\test-framework.ts:570:22[90m)[39m
    at LevelTestRunner.processPayment [90m(C:\playwright-project\[39msrc\utils\test-framework.ts:517:7[90m)[39m
    at LevelTestRunner.runCompleteTest [90m(C:\playwright-project\[39msrc\utils\test-framework.ts:639:7[90m)[39m
    at runSingleTest [90m(C:\playwright-project\[39msrc\utils\test-framework.ts:675:17[90m)[39m
    at [90mC:\playwright-project\[39msrc\tests\NoExtraNoSeat.spec.ts:46:5 {
  name: [32m'TimeoutError'[39m,
  [[32mSymbol(step)[39m]: {
    stepId: [32m'pw:api@91'[39m,
    location: {
      file: [32m'C:\\playwright-project\\src\\page-objects\\paymentPage.ts'[39m,
      line: [33m4[39m,
      column: [33m20[39m,
      function: [32m'payWithCard'[39m
    },
    category: [32m'pw:api'[39m,
    title: [32m'page.waitForSelector(iframe[title="Iframe for expiry date"])'[39m,
    apiName: [32m'page.waitForSelector'[39m,
    params: {
      selector: [32m'iframe[title="Iframe for expiry date"]'[39m,
      timeout: [33m60000[39m
    },
    boxedStack: [90mundefined[39m,
    steps: [],
    complete: [36m[Function: complete][39m,
    endWallTime: [33m1741161407009[39m,
    error: {
      message: [32m'TimeoutError: page.waitForSelector: Timeout 60000ms exceeded.\n'[39m +
        [32m'Call log:\n'[39m +
        [32m`\x1B[2m  - waiting for locator('iframe[title="Iframe for expiry date"]') to be visible\x1B[22m\n`[39m,
      stack: [32m'TimeoutError: page.waitForSelector: Timeout 60000ms exceeded.\n'[39m +
        [32m'Call log:\n'[39m +
        [32m`\x1B[2m  - waiting for locator('iframe[title="Iframe for expiry date"]') to be visible\x1B[22m\n`[39m +
        [32m'\n'[39m +
        [32m'    at payWithCard (C:\\playwright-project\\src\\page-objects\\paymentPage.ts:4:20)\n'[39m +
        [32m'    at action (C:\\playwright-project\\src\\utils\\test-framework.ts:519:28)\n'[39m +
        [32m'    at LevelTestRunner.executeWithRetry (C:\\playwright-project\\src\\utils\\test-framework.ts:570:22)\n'[39m +
        [32m'    at LevelTestRunner.processPayment (C:\\playwright-project\\src\\utils\\test-framework.ts:517:7)\n'[39m +
        [32m'    at LevelTestRunner.runCompleteTest (C:\\playwright-project\\src\\utils\\test-framework.ts:639:7)\n'[39m +
        [32m'    at runSingleTest (C:\\playwright-project\\src\\utils\\test-framework.ts:675:17)\n'[39m +
        [32m'    at C:\\playwright-project\\src\\tests\\NoExtraNoSeat.spec.ts:46:5'[39m,
      cause: [90mundefined[39m
    }
  }
}
[WARN] setLanguageAndCurrency falló, reintentando... page.click: Test ended.
Call log:
[2m  - waiting for locator('div[aria-labelledby="collapsible-nav-dropdown"] .dropdown-item:text("EN")')[22m
[2m    - locator resolved to &lt;a href="#" tabindex="0" role="button" class="dropdown-item" data-rr-ui-dropdown-item=""&gt;EN&lt;/a&gt;[22m
[2m  - attempting click action[22m
[2m    - waiting for element to be visible, enabled and stable[22m
[2m    - element is visible, enabled and stable[22m
[2m    - scrolling into view if needed[22m
[2m    - done scrolling[22m

    at [90mC:\playwright-project\[39msrc\utils\test-framework.ts:128:25
    at LevelTestRunner.executeWithRetry [90m(C:\playwright-project\[39msrc\utils\test-framework.ts:570:16[90m)[39m
    at LevelTestRunner.setLanguageAndCurrency [90m(C:\playwright-project\[39msrc\utils\test-framework.ts:122:5[90m)[39m
    at LevelTestRunner.initialize [90m(C:\playwright-project\[39msrc\utils\test-framework.ts:98:5[90m)[39m
    at LevelTestRunner.runCompleteTest [90m(C:\playwright-project\[39msrc\utils\test-framework.ts:602:7[90m)[39m
    at runSingleTest [90m(C:\playwright-project\[39msrc\utils\test-framework.ts:675:17[90m)[39m
    at [90mC:\playwright-project\[39msrc\tests\NoExtraNoSeat.spec.ts:46:5
[WARN] setLanguageAndCurrency falló, reintentando... locator.click: Target page, context or browser has been closed
    at action [90m(C:\playwright-project\[39msrc\utils\test-framework.ts:125:63[90m)[39m
    at LevelTestRunner.executeWithRetry [90m(C:\playwright-project\[39msrc\utils\test-framework.ts:570:22[90m)[39m
    at LevelTestRunner.setLanguageAndCurrency [90m(C:\playwright-project\[39msrc\utils\test-framework.ts:122:5[90m)[39m
    at LevelTestRunner.initialize [90m(C:\playwright-project\[39msrc\utils\test-framework.ts:98:5[90m)[39m
    at LevelTestRunner.runCompleteTest [90m(C:\playwright-project\[39msrc\utils\test-framework.ts:602:7[90m)[39m
    at runSingleTest [90m(C:\playwright-project\[39msrc\utils\test-framework.ts:675:17[90m)[39m
    at [90mC:\playwright-project\[39msrc\tests\NoExtraNoSeat.spec.ts:46:5
[ERROR] Error al tomar captura de pantalla para setLanguageAndCurrency page.screenshot: Target page, context or browser has been closed
    at LevelTestRunner.takeErrorScreenshot [90m(C:\playwright-project\[39msrc\utils\test-framework.ts:588:23[90m)[39m
    at LevelTestRunner.executeWithRetry [90m(C:\playwright-project\[39msrc\utils\test-framework.ts:573:22[90m)[39m
    at LevelTestRunner.setLanguageAndCurrency [90m(C:\playwright-project\[39msrc\utils\test-framework.ts:122:5[90m)[39m
    at LevelTestRunner.initialize [90m(C:\playwright-project\[39msrc\utils\test-framework.ts:98:5[90m)[39m
    at LevelTestRunner.runCompleteTest [90m(C:\playwright-project\[39msrc\utils\test-framework.ts:602:7[90m)[39m
    at runSingleTest [90m(C:\playwright-project\[39msrc\utils\test-framework.ts:675:17[90m)[39m
    at [90mC:\playwright-project\[39msrc\tests\NoExtraNoSeat.spec.ts:46:5
[ERROR] Error al configurar idioma y moneda locator.click: Target page, context or browser has been closed
    at action [90m(C:\playwright-project\[39msrc\utils\test-framework.ts:125:63[90m)[39m
    at LevelTestRunner.executeWithRetry [90m(C:\playwright-project\[39msrc\utils\test-framework.ts:570:22[90m)[39m
    at LevelTestRunner.setLanguageAndCurrency [90m(C:\playwright-project\[39msrc\utils\test-framework.ts:122:5[90m)[39m
    at LevelTestRunner.initialize [90m(C:\playwright-project\[39msrc\utils\test-framework.ts:98:5[90m)[39m
    at LevelTestRunner.runCompleteTest [90m(C:\playwright-project\[39msrc\utils\test-framework.ts:602:7[90m)[39m
    at runSingleTest [90m(C:\playwright-project\[39msrc\utils\test-framework.ts:675:17[90m)[39m
    at [90mC:\playwright-project\[39msrc\tests\NoExtraNoSeat.spec.ts:46:5
[ERROR] Error durante la ejecución de la prueba ONE-WAY: 3. Compra 2 adultos (Diferentes) - Economy Light - Con asistencia TODAS: locator.click: Target page, context or browser has been closed
    at action [90m(C:\playwright-project\[39msrc\utils\test-framework.ts:125:63[90m)[39m
    at LevelTestRunner.executeWithRetry [90m(C:\playwright-project\[39msrc\utils\test-framework.ts:570:22[90m)[39m
    at LevelTestRunner.setLanguageAndCurrency [90m(C:\playwright-project\[39msrc\utils\test-framework.ts:122:5[90m)[39m
    at LevelTestRunner.initialize [90m(C:\playwright-project\[39msrc\utils\test-framework.ts:98:5[90m)[39m
    at LevelTestRunner.runCompleteTest [90m(C:\playwright-project\[39msrc\utils\test-framework.ts:602:7[90m)[39m
    at runSingleTest [90m(C:\playwright-project\[39msrc\utils\test-framework.ts:675:17[90m)[39m
    at [90mC:\playwright-project\[39msrc\tests\NoExtraNoSeat.spec.ts:46:5

Warning: attachment NoExtraNoSeat-Pruebas-de-v-8cff8-iento---sin-extras-One-Way--chromium\test-failed-1.png is missing
</system-err>
</step><step name="4. Compra 1 adulto - 1 niño - Economy Light - sin asistencia - sin asiento - sin extras (One-Way)"><system-out>
[INFO] Ejecutando prueba: ONE-WAY: 4. Compra 1 adulto - 1 niño - Economy Light - sin asistencia
[INFO] Intento 1/5
[INFO] Iniciando prueba: ONE-WAY: 4. Compra 1 adulto - 1 niño - Economy Light - sin asistencia
[INFO] Inicializando test
[INFO] Cookies aceptadas
[INFO] Configurando idioma y moneda
[INFO] Intentando setLanguageAndCurrency (1/3)
[INFO] Idioma configurado a EN, Moneda configurada a USD
[INFO] Test inicializado correctamente
[INFO] Seleccionando origen: SCL, destino: BCN
[INFO] Origen y destino seleccionados correctamente
[INFO] Tipo de viaje configurado a solo ida
[INFO] Seleccionando fechas de vuelo
[INFO] Intentando selectFlightDates (1/3)
Selected departure date: { year: [32m'2025'[39m, month: [32m'7'[39m, index: [33m14[39m, value: [33m24[39m }
[INFO] Fechas de vuelo seleccionadas correctamente
[INFO] Seleccionando pasajeros: 1 adultos, 1 niños, 0 infantes
[INFO] Intentando selectPassengers (1/3)
Ajustando número de pasajeros
[INFO] Pasajeros seleccionados correctamente
[INFO] Seleccionando clases y tipos de vuelo
[INFO] Intentando selectFlightClasses (1/3)
Successfully clicked the element: div.price-cabin:has-text("Economy")
[INFO] Clases y tipos de vuelo seleccionados correctamente
[INFO] Intentando fillPassengerAdult-1 (1/3)
[INFO] Intentando fillPassengerChild-1 (1/3)
[INFO] Datos de todos los pasajeros completados correctamente
[INFO] Completando datos de contacto para purchase
[INFO] Intentando fillContactDetails (1/3)
[INFO] Haciendo clic en "Complete your purchase"
[INFO] ¿Botón "Complete your purchase" visible? true
[INFO] Datos de contacto completados correctamente
[INFO] Prueba no incluye selección de asientos
[INFO] Procesando pago
[INFO] Intentando processPayment (1/3)
Iframe encontrado.
[INFO] Pago procesado correctamente
[INFO] Verificando confirmación de reserva
[INFO] Intentando verifyBookingConfirmation (1/3)
[INFO] Intentando verifyBookingConfirmation (2/3)
Successfully saved booking code MEHLD to Excel
[INFO] Reserva confirmada correctamente
[INFO] Prueba completada exitosamente: ONE-WAY: 4. Compra 1 adulto - 1 niño - Economy Light - sin asistencia
[INFO] Prueba "ONE-WAY: 4. Compra 1 adulto - 1 niño - Economy Light - sin asistencia" exitosa

</system-out>
<system-err>
Confirmation page validation failed: Flight Summary section not found on confirmation page
[WARN] verifyBookingConfirmation falló, reintentando... Error [ValidationError]: Flight Summary section not found on confirmation page
    at validationConfirmPage [90m(C:\playwright-project\[39msrc\page-objects\confirmation.ts:98:27[90m)[39m
[90m    at runNextTicks (node:internal/process/task_queues:65:5)[39m
[90m    at processImmediate (node:internal/timers:459:9)[39m
[90m    at process.callbackTrampoline (node:internal/async_hooks:130:17)[39m
    at [90mC:\playwright-project\[39msrc\utils\test-framework.ts:546:11
    at LevelTestRunner.executeWithRetry [90m(C:\playwright-project\[39msrc\utils\test-framework.ts:570:16[90m)[39m
    at LevelTestRunner.verifyBookingConfirmation [90m(C:\playwright-project\[39msrc\utils\test-framework.ts:544:7[90m)[39m
    at LevelTestRunner.runCompleteTest [90m(C:\playwright-project\[39msrc\utils\test-framework.ts:641:7[90m)[39m
    at runSingleTest [90m(C:\playwright-project\[39msrc\utils\test-framework.ts:675:17[90m)[39m
    at [90mC:\playwright-project\[39msrc\tests\NoExtraNoSeat.spec.ts:51:5
    at [90mC:\playwright-project\[39mnode_modules\[4mplaywright[24m\lib\worker\workerMain.js:339:9
    at [90mC:\playwright-project\[39mnode_modules\[4mplaywright[24m\lib\worker\testInfo.js:286:11
    at TimeoutManager.withRunnable [90m(C:\playwright-project\[39mnode_modules\[4mplaywright[24m\lib\worker\timeoutManager.js:64:14[90m)[39m
    at TestInfoImpl._runAsStage [90m(C:\playwright-project\[39mnode_modules\[4mplaywright[24m\lib\worker\testInfo.js:284:7[90m)[39m
    at [90mC:\playwright-project\[39mnode_modules\[4mplaywright[24m\lib\worker\workerMain.js:331:7
    at [90mC:\playwright-project\[39mnode_modules\[4mplaywright[24m\lib\worker\testInfo.js:286:11
    at TimeoutManager.withRunnable [90m(C:\playwright-project\[39mnode_modules\[4mplaywright[24m\lib\worker\timeoutManager.js:52:27[90m)[39m
    at TestInfoImpl._runAsStage [90m(C:\playwright-project\[39mnode_modules\[4mplaywright[24m\lib\worker\testInfo.js:284:7[90m)[39m
    at WorkerMain._runTest [90m(C:\playwright-project\[39mnode_modules\[4mplaywright[24m\lib\worker\workerMain.js:281:5[90m)[39m
    at WorkerMain.runTestGroup [90m(C:\playwright-project\[39mnode_modules\[4mplaywright[24m\lib\worker\workerMain.js:205:11[90m)[39m
    at process.&lt;anonymous&gt; [90m(C:\playwright-project\[39mnode_modules\[4mplaywright[24m\lib\common\process.js:95:22[90m)[39m {
  fatal: [33mtrue[39m
}

</system-err>
</step><step name="6. Compra 1 adulto - 3 niños - Economy Light - con asistencia - sin asiento - sin extras (One-Way)"><system-out>
[INFO] Ejecutando prueba: ONE-WAY: 6. Compra 1 adulto - 3 niños - Economy Light - con asistencia
[INFO] Intento 1/5
[INFO] Iniciando prueba: ONE-WAY: 6. Compra 1 adulto - 3 niños - Economy Light - con asistencia
[INFO] Inicializando test
[INFO] Cookies aceptadas
[INFO] Configurando idioma y moneda
[INFO] Intentando setLanguageAndCurrency (1/3)
[INFO] Idioma configurado a EN, Moneda configurada a USD
[INFO] Test inicializado correctamente
[INFO] Seleccionando origen: SCL, destino: BCN
[INFO] Origen y destino seleccionados correctamente
[INFO] Tipo de viaje configurado a solo ida
[INFO] Seleccionando fechas de vuelo
[INFO] Intentando selectFlightDates (1/3)
Selected departure date: { year: [32m'2025'[39m, month: [32m'8'[39m, index: [33m0[39m, value: [33m2[39m }
[INFO] Fechas de vuelo seleccionadas correctamente
[INFO] Seleccionando pasajeros: 1 adultos, 3 niños, 0 infantes
[INFO] Intentando selectPassengers (1/3)
Ajustando número de pasajeros
[INFO] Pasajeros seleccionados correctamente
[INFO] Seleccionando clases y tipos de vuelo
[INFO] Intentando selectFlightClasses (1/3)
Successfully clicked the element: div.price-cabin:has-text("Economy")
[INFO] Clases y tipos de vuelo seleccionados correctamente
[INFO] Intentando fillPassengerAdult-1 (1/3)
[INFO] Intentando fillPassengerChild-1 (1/3)
[INFO] Intentando fillPassengerChild-2 (1/3)
[INFO] Intentando fillPassengerChild-3 (1/3)
[INFO] Datos de todos los pasajeros completados correctamente
[INFO] Completando datos de contacto para purchase
[INFO] Intentando fillContactDetails (1/3)
[INFO] Haciendo clic en "Complete your purchase"
[INFO] ¿Botón "Complete your purchase" visible? true
[INFO] Datos de contacto completados correctamente
[INFO] Prueba no incluye selección de asientos
[INFO] Procesando pago
[INFO] Intentando processPayment (1/3)
Iframe encontrado.
[INFO] Pago procesado correctamente
[INFO] Verificando confirmación de reserva
[INFO] Intentando verifyBookingConfirmation (1/3)
[INFO] Intentando verifyBookingConfirmation (2/3)
Successfully saved booking code MEHLM to Excel
[INFO] Reserva confirmada correctamente
[INFO] Prueba completada exitosamente: ONE-WAY: 6. Compra 1 adulto - 3 niños - Economy Light - con asistencia
[INFO] Prueba "ONE-WAY: 6. Compra 1 adulto - 3 niños - Economy Light - con asistencia" exitosa

</system-out>
<system-err>
Confirmation page validation failed: Flight Summary section not found on confirmation page
[WARN] verifyBookingConfirmation falló, reintentando... Error [ValidationError]: Flight Summary section not found on confirmation page
    at validationConfirmPage [90m(C:\playwright-project\[39msrc\page-objects\confirmation.ts:98:27[90m)[39m
[90m    at runNextTicks (node:internal/process/task_queues:65:5)[39m
[90m    at processImmediate (node:internal/timers:459:9)[39m
[90m    at process.callbackTrampoline (node:internal/async_hooks:130:17)[39m
    at [90mC:\playwright-project\[39msrc\utils\test-framework.ts:546:11
    at LevelTestRunner.executeWithRetry [90m(C:\playwright-project\[39msrc\utils\test-framework.ts:570:16[90m)[39m
    at LevelTestRunner.verifyBookingConfirmation [90m(C:\playwright-project\[39msrc\utils\test-framework.ts:544:7[90m)[39m
    at LevelTestRunner.runCompleteTest [90m(C:\playwright-project\[39msrc\utils\test-framework.ts:641:7[90m)[39m
    at runSingleTest [90m(C:\playwright-project\[39msrc\utils\test-framework.ts:675:17[90m)[39m
    at [90mC:\playwright-project\[39msrc\tests\NoExtraNoSeat.spec.ts:61:5
    at [90mC:\playwright-project\[39mnode_modules\[4mplaywright[24m\lib\worker\workerMain.js:339:9
    at [90mC:\playwright-project\[39mnode_modules\[4mplaywright[24m\lib\worker\testInfo.js:286:11
    at TimeoutManager.withRunnable [90m(C:\playwright-project\[39mnode_modules\[4mplaywright[24m\lib\worker\timeoutManager.js:64:14[90m)[39m
    at TestInfoImpl._runAsStage [90m(C:\playwright-project\[39mnode_modules\[4mplaywright[24m\lib\worker\testInfo.js:284:7[90m)[39m
    at [90mC:\playwright-project\[39mnode_modules\[4mplaywright[24m\lib\worker\workerMain.js:331:7
    at [90mC:\playwright-project\[39mnode_modules\[4mplaywright[24m\lib\worker\testInfo.js:286:11
    at TimeoutManager.withRunnable [90m(C:\playwright-project\[39mnode_modules\[4mplaywright[24m\lib\worker\timeoutManager.js:52:27[90m)[39m
    at TestInfoImpl._runAsStage [90m(C:\playwright-project\[39mnode_modules\[4mplaywright[24m\lib\worker\testInfo.js:284:7[90m)[39m
    at WorkerMain._runTest [90m(C:\playwright-project\[39mnode_modules\[4mplaywright[24m\lib\worker\workerMain.js:281:5[90m)[39m
    at WorkerMain.runTestGroup [90m(C:\playwright-project\[39mnode_modules\[4mplaywright[24m\lib\worker\workerMain.js:205:11[90m)[39m
    at process.&lt;anonymous&gt; [90m(C:\playwright-project\[39mnode_modules\[4mplaywright[24m\lib\common\process.js:95:22[90m)[39m {
  fatal: [33mtrue[39m
}

</system-err>
</step><step name="7. Compra 1 adulto - 1 infante - Economy Light - sin asiento - sin extras (One-Way)"><system-out>
[INFO] Ejecutando prueba: ONE-WAY: 7. Compra 1 adulto - 1 infante - Economy Light
[INFO] Intento 1/5
[INFO] Iniciando prueba: ONE-WAY: 7. Compra 1 adulto - 1 infante - Economy Light
[INFO] Inicializando test
[INFO] Cookies aceptadas
[INFO] Configurando idioma y moneda
[INFO] Intentando setLanguageAndCurrency (1/3)
[INFO] Idioma configurado a EN, Moneda configurada a USD
[INFO] Test inicializado correctamente
[INFO] Seleccionando origen: SCL, destino: BCN
[INFO] Origen y destino seleccionados correctamente
[INFO] Tipo de viaje configurado a solo ida
[INFO] Seleccionando fechas de vuelo
[INFO] Intentando selectFlightDates (1/3)
Selected departure date: { year: [32m'2025'[39m, month: [32m'7'[39m, index: [33m14[39m, value: [33m24[39m }
[INFO] Fechas de vuelo seleccionadas correctamente
[INFO] Seleccionando pasajeros: 1 adultos, 0 niños, 1 infantes
[INFO] Intentando selectPassengers (1/3)
Ajustando número de pasajeros
[INFO] Pasajeros seleccionados correctamente
[INFO] Seleccionando clases y tipos de vuelo
[INFO] Intentando selectFlightClasses (1/3)
Successfully clicked the element: div.price-cabin:has-text("Economy")
[INFO] Clases y tipos de vuelo seleccionados correctamente
[INFO] Intentando fillPassengerAdult-1 (1/3)
[INFO] Intentando fillPassengerInfant-1 (1/3)
[INFO] Datos de todos los pasajeros completados correctamente
[INFO] Completando datos de contacto para purchase
[INFO] Intentando fillContactDetails (1/3)
[INFO] Haciendo clic en "Complete your purchase"
[INFO] ¿Botón "Complete your purchase" visible? true
[INFO] Datos de contacto completados correctamente
[INFO] Prueba no incluye selección de asientos
[INFO] Procesando pago
[INFO] Intentando processPayment (1/3)
Iframe encontrado.
[INFO] Pago procesado correctamente
[INFO] Verificando confirmación de reserva
[INFO] Intentando verifyBookingConfirmation (1/3)
[INFO] Intentando verifyBookingConfirmation (2/3)
Successfully saved booking code MEHLS to Excel
[INFO] Reserva confirmada correctamente
[INFO] Prueba completada exitosamente: ONE-WAY: 7. Compra 1 adulto - 1 infante - Economy Light
[INFO] Prueba "ONE-WAY: 7. Compra 1 adulto - 1 infante - Economy Light" exitosa

</system-out>
<system-err>
Confirmation page validation failed: Flight Summary section not found on confirmation page
[WARN] verifyBookingConfirmation falló, reintentando... Error [ValidationError]: Flight Summary section not found on confirmation page
    at validationConfirmPage [90m(C:\playwright-project\[39msrc\page-objects\confirmation.ts:98:27[90m)[39m
[90m    at runNextTicks (node:internal/process/task_queues:65:5)[39m
[90m    at processImmediate (node:internal/timers:459:9)[39m
[90m    at process.callbackTrampoline (node:internal/async_hooks:130:17)[39m
    at [90mC:\playwright-project\[39msrc\utils\test-framework.ts:546:11
    at LevelTestRunner.executeWithRetry [90m(C:\playwright-project\[39msrc\utils\test-framework.ts:570:16[90m)[39m
    at LevelTestRunner.verifyBookingConfirmation [90m(C:\playwright-project\[39msrc\utils\test-framework.ts:544:7[90m)[39m
    at LevelTestRunner.runCompleteTest [90m(C:\playwright-project\[39msrc\utils\test-framework.ts:641:7[90m)[39m
    at runSingleTest [90m(C:\playwright-project\[39msrc\utils\test-framework.ts:675:17[90m)[39m
    at [90mC:\playwright-project\[39msrc\tests\NoExtraNoSeat.spec.ts:66:5
    at [90mC:\playwright-project\[39mnode_modules\[4mplaywright[24m\lib\worker\workerMain.js:339:9
    at [90mC:\playwright-project\[39mnode_modules\[4mplaywright[24m\lib\worker\testInfo.js:286:11
    at TimeoutManager.withRunnable [90m(C:\playwright-project\[39mnode_modules\[4mplaywright[24m\lib\worker\timeoutManager.js:64:14[90m)[39m
    at TestInfoImpl._runAsStage [90m(C:\playwright-project\[39mnode_modules\[4mplaywright[24m\lib\worker\testInfo.js:284:7[90m)[39m
    at [90mC:\playwright-project\[39mnode_modules\[4mplaywright[24m\lib\worker\workerMain.js:331:7
    at [90mC:\playwright-project\[39mnode_modules\[4mplaywright[24m\lib\worker\testInfo.js:286:11
    at TimeoutManager.withRunnable [90m(C:\playwright-project\[39mnode_modules\[4mplaywright[24m\lib\worker\timeoutManager.js:52:27[90m)[39m
    at TestInfoImpl._runAsStage [90m(C:\playwright-project\[39mnode_modules\[4mplaywright[24m\lib\worker\testInfo.js:284:7[90m)[39m
    at WorkerMain._runTest [90m(C:\playwright-project\[39mnode_modules\[4mplaywright[24m\lib\worker\workerMain.js:281:5[90m)[39m
    at WorkerMain.runTestGroup [90m(C:\playwright-project\[39mnode_modules\[4mplaywright[24m\lib\worker\workerMain.js:205:11[90m)[39m
    at process.&lt;anonymous&gt; [90m(C:\playwright-project\[39mnode_modules\[4mplaywright[24m\lib\common\process.js:95:22[90m)[39m {
  fatal: [33mtrue[39m
}

</system-err>
</step><step name="Pruebas de cabinas Economy (One-Way)"><failure message="NoExtraNoSeat.spec.ts:70:9 8. Compra 1 adulto - Economy Light - sin asistencia - sin asiento - sin extras (One-Way)" type="FAILURE">
  [chromium] › NoExtraNoSeat.spec.ts:70:9 › Pruebas de vuelos de solo ida (One-Way) › Pruebas de cabinas Economy (One-Way) › 8. Compra 1 adulto - Economy Light - sin asistencia - sin asiento - sin extras (One-Way) 

    Test timeout of 360000ms exceeded.

    Error: browserContext.close: Test ended.
    Browser logs:

    &lt;launching&gt; C:\Users\SofiaMartínezLópez\AppData\Local\ms-playwright\chromium_headless_shell-1148\chrome-win\headless_shell.exe --disable-field-trial-config --disable-background-networking --disable-background-timer-throttling --disable-backgrounding-occluded-windows --disable-back-forward-cache --disable-breakpad --disable-client-side-phishing-detection --disable-component-extensions-with-background-pages --disable-component-update --no-default-browser-check --disable-default-apps --disable-dev-shm-usage --disable-extensions --disable-features=ImprovedCookieControls,LazyFrameLoading,GlobalMediaControls,DestroyProfileOnBrowserClose,MediaRouter,DialMediaRouteProvider,AcceptCHFrame,AutoExpandDetailsElement,CertificateTransparencyComponentUpdater,AvoidUnnecessaryBeforeUnloadCheckSync,Translate,HttpsUpgrades,PaintHolding,ThirdPartyStoragePartitioning,LensOverlay,PlzDedicatedWorker --allow-pre-commit-input --disable-hang-monitor --disable-ipc-flooding-protection --disable-popup-blocking --disable-prompt-on-repost --disable-renderer-backgrounding --force-color-profile=srgb --metrics-recording-only --no-first-run --enable-automation --password-store=basic --use-mock-keychain --no-service-autorun --export-tagged-pdf --disable-search-engine-choice-screen --unsafely-disable-devtools-self-xss-warnings --headless --hide-scrollbars --mute-audio --blink-settings=primaryHoverType=2,availableHoverTypes=2,primaryPointerType=4,availablePointerTypes=4 --no-sandbox --user-data-dir=C:\Users\SOFIAM~1\AppData\Local\Temp\playwright_chromiumdev_profile-qyCQNj --remote-debugging-pipe --no-startup-window
    &lt;launched&gt; pid=12252
    [pid=12252][err] [0305/085333.860:ERROR:gles2_cmd_decoder_passthrough.cc(1053)] [GroupMarkerNotSet(crbug.com/242999)!:A0B0BD003C3B0000]Automatic fallback to software WebGL has been deprecated. Please use the --enable-unsafe-swiftshader flag to opt in to lower security guarantees for trusted content.
    [pid=12252][err] [0305/085333.960:ERROR:gl_utils.cc(426)] [.WebGL-0x24fc0180c600]GL Driver Message (OpenGL, Performance, GL_CLOSE_PATH_NV, High): GPU stall due to ReadPixels
    [pid=12252][err] [0305/085335.047:ERROR:gles2_cmd_decoder_passthrough.cc(1053)] [GroupMarkerNotSet(crbug.com/242999)!:A0E0BD003C3B0000]Automatic fallback to software WebGL has been deprecated. Please use the --enable-unsafe-swiftshader flag to opt in to lower security guarantees for trusted content.
    [pid=12252][err] [0305/085335.095:ERROR:gl_utils.cc(426)] [.WebGL-0x24fc037f5b00]GL Driver Message (OpenGL, Performance, GL_CLOSE_PATH_NV, High): GPU stall due to ReadPixels
    [pid=12252][err] [0305/085335.836:ERROR:gles2_cmd_decoder_passthrough.cc(1053)] [GroupMarkerNotSet(crbug.com/242999)!:A0B0BD003C3B0000]Automatic fallback to software WebGL has been deprecated. Please use the --enable-unsafe-swiftshader flag to opt in to lower security guarantees for trusted content.
    [pid=12252][err] [0305/085335.922:ERROR:gles2_cmd_decoder_passthrough.cc(1053)] [GroupMarkerNotSet(crbug.com/242999)!:A010BE003C3B0000]Automatic fallback to software WebGL has been deprecated. Please use the --enable-unsafe-swiftshader flag to opt in to lower security guarantees for trusted content.
    [pid=12252][err] [0305/085335.934:ERROR:gles2_cmd_decoder_passthrough.cc(1053)] [GroupMarkerNotSet(crbug.com/242999)!:A040C9003C3B0000]Automatic fallback to software WebGL has been deprecated. Please use the --enable-unsafe-swiftshader flag to opt in to lower security guarantees for trusted content.
    [pid=12252][err] [0305/085335.953:ERROR:gl_utils.cc(426)] [.WebGL-0x24fc098eff00]GL Driver Message (OpenGL, Performance, GL_CLOSE_PATH_NV, High): GPU stall due to ReadPixels
    [pid=12252][err] [0305/085335.999:ERROR:gles2_cmd_decoder_passthrough.cc(1053)] [GroupMarkerNotSet(crbug.com/242999)!:A070C9003C3B0000]Automatic fallback to software WebGL has been deprecated. Please use the --enable-unsafe-swiftshader flag to opt in to lower security guarantees for trusted content.
    [pid=12252][err] [0305/085336.018:ERROR:gles2_cmd_decoder_passthrough.cc(1053)] [GroupMarkerNotSet(crbug.com/242999)!:A0A0C9003C3B0000]Automatic fallback to software WebGL has been deprecated. Please use the --enable-unsafe-swiftshader flag to opt in to lower security guarantees for trusted content.
    [pid=12252][err] [0305/085336.262:ERROR:gles2_cmd_decoder_passthrough.cc(1053)] [GroupMarkerNotSet(crbug.com/242999)!:A0D0C9003C3B0000]Automatic fallback to software WebGL has been deprecated. Please use the --enable-unsafe-swiftshader flag to opt in to lower security guarantees for trusted content.
    [pid=12252][err] [0305/085336.304:ERROR:gles2_cmd_decoder_passthrough.cc(1053)] [GroupMarkerNotSet(crbug.com/242999)!:A0C0CA003C3B0000]Automatic fallback to software WebGL has been deprecated. Please use the --enable-unsafe-swiftshader flag to opt in to lower security guarantees for trusted content.
    [pid=12252][err] [0305/085336.313:ERROR:gles2_cmd_decoder_passthrough.cc(1053)] [GroupMarkerNotSet(crbug.com/242999)!:A0F0CA003C3B0000]Automatic fallback to software WebGL has been deprecated. Please use the --enable-unsafe-swiftshader flag to opt in to lower security guarantees for trusted content.
    [pid=12252][err] [0305/085336.323:ERROR:gl_utils.cc(426)] [.WebGL-0x24fc061aaa00]GL Driver Message (OpenGL, Performance, GL_CLOSE_PATH_NV, High): GPU stall due to ReadPixels (this message will no longer repeat)
    [pid=12252][err] [0305/085336.358:ERROR:gles2_cmd_decoder_passthrough.cc(1053)] [GroupMarkerNotSet(crbug.com/242999)!:A020CB003C3B0000]Automatic fallback to software WebGL has been deprecated. Please use the --enable-unsafe-swiftshader flag to opt in to lower security guarantees for trusted content.
    [pid=12252][err] [0305/085336.368:ERROR:gles2_cmd_decoder_passthrough.cc(1053)] [GroupMarkerNotSet(crbug.com/242999)!:A050CB003C3B0000]Automatic fallback to software WebGL has been deprecated. Please use the --enable-unsafe-swiftshader flag to opt in to lower security guarantees for trusted content.
    [pid=12252][err] [0305/085336.389:ERROR:web_contents_delegate.cc(283)] WebContentsDelegate::CheckMediaAccessPermission: Not supported.
    [pid=12252][err] [0305/085336.390:ERROR:web_contents_delegate.cc(283)] WebContentsDelegate::CheckMediaAccessPermission: Not supported.
    [pid=12252][err] [0305/085336.721:ERROR:web_contents_delegate.cc(283)] WebContentsDelegate::CheckMediaAccessPermission: Not supported.
    [pid=12252][err] [0305/085336.721:ERROR:web_contents_delegate.cc(283)] WebContentsDelegate::CheckMediaAccessPermission: Not supported.
    [pid=12252] &lt;gracefully close start&gt;

       at ..\utils\test-framework.ts:680

      678 |     } finally {
      679 |       await page.close();
    &gt; 680 |       await context.close();
          |       ^
      681 |     }
      682 |     
      683 |     if (success) {
        at runSingleTest (C:\playwright-project\src\utils\test-framework.ts:680:7)
        at C:\playwright-project\src\tests\NoExtraNoSeat.spec.ts:71:7

    attachment #1: screenshot (image/png) ──────────────────────────────────────────────────────────
    test-results\NoExtraNoSeat-Pruebas-de-v-02f5a-iento---sin-extras-One-Way--chromium\test-failed-1.png
    ────────────────────────────────────────────────────────────────────────────────────────────────

</failure>
<system-out>
[INFO] Ejecutando prueba: ONE-WAY: 8. Compra 1 adulto - Economy Light
[INFO] Intento 1/5
[INFO] Iniciando prueba: ONE-WAY: 8. Compra 1 adulto - Economy Light
[INFO] Inicializando test
[INFO] Cookies aceptadas
[INFO] Configurando idioma y moneda
[INFO] Intentando setLanguageAndCurrency (1/3)
[INFO] Idioma configurado a EN, Moneda configurada a USD
[INFO] Test inicializado correctamente
[INFO] Seleccionando origen: SCL, destino: BCN
[INFO] Origen y destino seleccionados correctamente
[INFO] Tipo de viaje configurado a solo ida
[INFO] Seleccionando fechas de vuelo
[INFO] Intentando selectFlightDates (1/3)
Selected departure date: { year: [32m'2025'[39m, month: [32m'7'[39m, index: [33m5[39m, value: [33m9[39m }
[INFO] Fechas de vuelo seleccionadas correctamente
[INFO] Seleccionando pasajeros: 1 adultos, 0 niños, 0 infantes
[INFO] Intentando selectPassengers (1/3)
Ajustando número de pasajeros
[INFO] Pasajeros seleccionados correctamente
[INFO] Seleccionando clases y tipos de vuelo
[INFO] Intentando selectFlightClasses (1/3)
Successfully clicked the element: div.price-cabin:has-text("Economy")
[INFO] Clases y tipos de vuelo seleccionados correctamente
[INFO] Intentando fillPassengerAdult-1 (1/3)
[INFO] Intentando fillPassengerAdult-1 (2/3)
[INFO] Intentando fillPassengerAdult-1 (3/3)

</system-out>
<system-err>
[WARN] fillPassengerAdult-1 falló, reintentando... locator.click: Test ended.
Call log:
[2m  - waiting for getByLabel('Afghanistan')[22m

    at fillPassengerFor [90m(C:\playwright-project\[39msrc\page-objects\PassengerPage.ts:20:47[90m)[39m
    at [90mC:\playwright-project\[39msrc\utils\test-framework.ts:289:11
    at LevelTestRunner.executeWithRetry [90m(C:\playwright-project\[39msrc\utils\test-framework.ts:570:16[90m)[39m
    at LevelTestRunner.fillPassengerDetails [90m(C:\playwright-project\[39msrc\utils\test-framework.ts:287:7[90m)[39m
    at LevelTestRunner.runCompleteTest [90m(C:\playwright-project\[39msrc\utils\test-framework.ts:624:7[90m)[39m
    at runSingleTest [90m(C:\playwright-project\[39msrc\utils\test-framework.ts:675:17[90m)[39m
    at [90mC:\playwright-project\[39msrc\tests\NoExtraNoSeat.spec.ts:71:7
[WARN] fillPassengerAdult-1 falló, reintentando... page.waitForTimeout: Target page, context or browser has been closed
    at fillPassengerFor [90m(C:\playwright-project\[39msrc\page-objects\PassengerPage.ts:8:18[90m)[39m
    at action [90m(C:\playwright-project\[39msrc\utils\test-framework.ts:289:33[90m)[39m
    at LevelTestRunner.executeWithRetry [90m(C:\playwright-project\[39msrc\utils\test-framework.ts:570:22[90m)[39m
    at LevelTestRunner.fillPassengerDetails [90m(C:\playwright-project\[39msrc\utils\test-framework.ts:287:7[90m)[39m
    at LevelTestRunner.runCompleteTest [90m(C:\playwright-project\[39msrc\utils\test-framework.ts:624:7[90m)[39m
    at runSingleTest [90m(C:\playwright-project\[39msrc\utils\test-framework.ts:675:17[90m)[39m
    at [90mC:\playwright-project\[39msrc\tests\NoExtraNoSeat.spec.ts:71:7
[ERROR] Error al tomar captura de pantalla para fillPassengerAdult-1 page.screenshot: Target page, context or browser has been closed
    at LevelTestRunner.takeErrorScreenshot [90m(C:\playwright-project\[39msrc\utils\test-framework.ts:588:23[90m)[39m
    at LevelTestRunner.executeWithRetry [90m(C:\playwright-project\[39msrc\utils\test-framework.ts:573:22[90m)[39m
    at LevelTestRunner.fillPassengerDetails [90m(C:\playwright-project\[39msrc\utils\test-framework.ts:287:7[90m)[39m
    at LevelTestRunner.runCompleteTest [90m(C:\playwright-project\[39msrc\utils\test-framework.ts:624:7[90m)[39m
    at runSingleTest [90m(C:\playwright-project\[39msrc\utils\test-framework.ts:675:17[90m)[39m
    at [90mC:\playwright-project\[39msrc\tests\NoExtraNoSeat.spec.ts:71:7
[ERROR] Error durante la ejecución de la prueba ONE-WAY: 8. Compra 1 adulto - Economy Light: page.waitForTimeout: Target page, context or browser has been closed
    at fillPassengerFor [90m(C:\playwright-project\[39msrc\page-objects\PassengerPage.ts:8:18[90m)[39m
    at action [90m(C:\playwright-project\[39msrc\utils\test-framework.ts:289:33[90m)[39m
    at LevelTestRunner.executeWithRetry [90m(C:\playwright-project\[39msrc\utils\test-framework.ts:570:22[90m)[39m
    at LevelTestRunner.fillPassengerDetails [90m(C:\playwright-project\[39msrc\utils\test-framework.ts:287:7[90m)[39m
    at LevelTestRunner.runCompleteTest [90m(C:\playwright-project\[39msrc\utils\test-framework.ts:624:7[90m)[39m
    at runSingleTest [90m(C:\playwright-project\[39msrc\utils\test-framework.ts:675:17[90m)[39m
    at [90mC:\playwright-project\[39msrc\tests\NoExtraNoSeat.spec.ts:71:7

Warning: attachment NoExtraNoSeat-Pruebas-de-v-02f5a-iento---sin-extras-One-Way--chromium\test-failed-1.png is missing
</system-err>
</step><step name="Pruebas de cabinas Economy (One-Way)"><system-out>
[INFO] Ejecutando prueba: ONE-WAY: 9. Compra 1 adulto - Economy Comfort
[INFO] Intento 1/5
[INFO] Iniciando prueba: ONE-WAY: 9. Compra 1 adulto - Economy Comfort
[INFO] Inicializando test
[INFO] Cookies aceptadas
[INFO] Configurando idioma y moneda
[INFO] Intentando setLanguageAndCurrency (1/3)
[INFO] Idioma configurado a EN, Moneda configurada a USD
[INFO] Test inicializado correctamente
[INFO] Seleccionando origen: SCL, destino: BCN
[INFO] Origen y destino seleccionados correctamente
[INFO] Tipo de viaje configurado a solo ida
[INFO] Seleccionando fechas de vuelo
[INFO] Intentando selectFlightDates (1/3)
Selected departure date: { year: [32m'2025'[39m, month: [32m'8'[39m, index: [33m9[39m, value: [33m19[39m }
[INFO] Fechas de vuelo seleccionadas correctamente
[INFO] Seleccionando pasajeros: 1 adultos, 0 niños, 0 infantes
[INFO] Intentando selectPassengers (1/3)
Ajustando número de pasajeros
[INFO] Pasajeros seleccionados correctamente
[INFO] Seleccionando clases y tipos de vuelo
[INFO] Intentando selectFlightClasses (1/3)
Successfully clicked the element: div.price-cabin:has-text("Economy")
[INFO] Clases y tipos de vuelo seleccionados correctamente
[INFO] Intentando fillPassengerAdult-1 (1/3)
[INFO] Datos de todos los pasajeros completados correctamente
[INFO] Completando datos de contacto para purchase
[INFO] Intentando fillContactDetails (1/3)
[INFO] Haciendo clic en "Complete your purchase"
[INFO] ¿Botón "Complete your purchase" visible? true
[INFO] Datos de contacto completados correctamente
[INFO] Prueba no incluye selección de asientos
[INFO] Procesando pago
[INFO] Intentando processPayment (1/3)
Iframe encontrado.
[INFO] Pago procesado correctamente
[INFO] Verificando confirmación de reserva
[INFO] Intentando verifyBookingConfirmation (1/3)
[INFO] Intentando verifyBookingConfirmation (2/3)
Successfully saved booking code MEHLN to Excel
[INFO] Reserva confirmada correctamente
[INFO] Prueba completada exitosamente: ONE-WAY: 9. Compra 1 adulto - Economy Comfort
[INFO] Prueba "ONE-WAY: 9. Compra 1 adulto - Economy Comfort" exitosa

</system-out>
<system-err>
Confirmation page validation failed: Flight Summary section not found on confirmation page
[WARN] verifyBookingConfirmation falló, reintentando... Error [ValidationError]: Flight Summary section not found on confirmation page
    at validationConfirmPage [90m(C:\playwright-project\[39msrc\page-objects\confirmation.ts:98:27[90m)[39m
[90m    at runNextTicks (node:internal/process/task_queues:65:5)[39m
[90m    at processImmediate (node:internal/timers:459:9)[39m
[90m    at process.callbackTrampoline (node:internal/async_hooks:130:17)[39m
    at [90mC:\playwright-project\[39msrc\utils\test-framework.ts:546:11
    at LevelTestRunner.executeWithRetry [90m(C:\playwright-project\[39msrc\utils\test-framework.ts:570:16[90m)[39m
    at LevelTestRunner.verifyBookingConfirmation [90m(C:\playwright-project\[39msrc\utils\test-framework.ts:544:7[90m)[39m
    at LevelTestRunner.runCompleteTest [90m(C:\playwright-project\[39msrc\utils\test-framework.ts:641:7[90m)[39m
    at runSingleTest [90m(C:\playwright-project\[39msrc\utils\test-framework.ts:675:17[90m)[39m
    at [90mC:\playwright-project\[39msrc\tests\NoExtraNoSeat.spec.ts:75:7
    at [90mC:\playwright-project\[39mnode_modules\[4mplaywright[24m\lib\worker\workerMain.js:339:9
    at [90mC:\playwright-project\[39mnode_modules\[4mplaywright[24m\lib\worker\testInfo.js:286:11
    at TimeoutManager.withRunnable [90m(C:\playwright-project\[39mnode_modules\[4mplaywright[24m\lib\worker\timeoutManager.js:64:14[90m)[39m
    at TestInfoImpl._runAsStage [90m(C:\playwright-project\[39mnode_modules\[4mplaywright[24m\lib\worker\testInfo.js:284:7[90m)[39m
    at [90mC:\playwright-project\[39mnode_modules\[4mplaywright[24m\lib\worker\workerMain.js:331:7
    at [90mC:\playwright-project\[39mnode_modules\[4mplaywright[24m\lib\worker\testInfo.js:286:11
    at TimeoutManager.withRunnable [90m(C:\playwright-project\[39mnode_modules\[4mplaywright[24m\lib\worker\timeoutManager.js:52:27[90m)[39m
    at TestInfoImpl._runAsStage [90m(C:\playwright-project\[39mnode_modules\[4mplaywright[24m\lib\worker\testInfo.js:284:7[90m)[39m
    at WorkerMain._runTest [90m(C:\playwright-project\[39mnode_modules\[4mplaywright[24m\lib\worker\workerMain.js:281:5[90m)[39m
    at WorkerMain.runTestGroup [90m(C:\playwright-project\[39mnode_modules\[4mplaywright[24m\lib\worker\workerMain.js:205:11[90m)[39m
    at process.&lt;anonymous&gt; [90m(C:\playwright-project\[39mnode_modules\[4mplaywright[24m\lib\common\process.js:95:22[90m)[39m {
  fatal: [33mtrue[39m
}

</system-err>
</step><step name="Pruebas de cabinas Economy (One-Way)"><system-out>
[INFO] Ejecutando prueba: ONE-WAY: 10. Compra 1 adulto - Economy Extra
[INFO] Intento 1/5
[INFO] Iniciando prueba: ONE-WAY: 10. Compra 1 adulto - Economy Extra
[INFO] Inicializando test
[INFO] Cookies aceptadas
[INFO] Configurando idioma y moneda
[INFO] Intentando setLanguageAndCurrency (1/3)
[INFO] Idioma configurado a EN, Moneda configurada a USD
[INFO] Test inicializado correctamente
[INFO] Seleccionando origen: SCL, destino: BCN
[INFO] Origen y destino seleccionados correctamente
[INFO] Tipo de viaje configurado a solo ida
[INFO] Seleccionando fechas de vuelo
[INFO] Intentando selectFlightDates (1/3)
Selected departure date: { year: [32m'2025'[39m, month: [32m'7'[39m, index: [33m13[39m, value: [33m23[39m }
[INFO] Fechas de vuelo seleccionadas correctamente
[INFO] Seleccionando pasajeros: 1 adultos, 0 niños, 0 infantes
[INFO] Intentando selectPassengers (1/3)
Ajustando número de pasajeros
[INFO] Pasajeros seleccionados correctamente
[INFO] Seleccionando clases y tipos de vuelo
[INFO] Intentando selectFlightClasses (1/3)
Successfully clicked the element: div.price-cabin:has-text("Economy")
[INFO] Clases y tipos de vuelo seleccionados correctamente
[INFO] Intentando fillPassengerAdult-1 (1/3)
[INFO] Datos de todos los pasajeros completados correctamente
[INFO] Completando datos de contacto para purchase
[INFO] Intentando fillContactDetails (1/3)
[INFO] Haciendo clic en "Complete your purchase"
[INFO] ¿Botón "Complete your purchase" visible? true
[INFO] Datos de contacto completados correctamente
[INFO] Prueba no incluye selección de asientos
[INFO] Procesando pago
[INFO] Intentando processPayment (1/3)
Iframe encontrado.
[INFO] Pago procesado correctamente
[INFO] Verificando confirmación de reserva
[INFO] Intentando verifyBookingConfirmation (1/3)
[INFO] Intentando verifyBookingConfirmation (2/3)
Successfully saved booking code MEHLQ to Excel
[INFO] Reserva confirmada correctamente
[INFO] Prueba completada exitosamente: ONE-WAY: 10. Compra 1 adulto - Economy Extra
[INFO] Prueba "ONE-WAY: 10. Compra 1 adulto - Economy Extra" exitosa

</system-out>
<system-err>
Confirmation page validation failed: Flight Summary section not found on confirmation page
[WARN] verifyBookingConfirmation falló, reintentando... Error [ValidationError]: Flight Summary section not found on confirmation page
    at validationConfirmPage [90m(C:\playwright-project\[39msrc\page-objects\confirmation.ts:98:27[90m)[39m
[90m    at runNextTicks (node:internal/process/task_queues:65:5)[39m
[90m    at processImmediate (node:internal/timers:459:9)[39m
[90m    at process.callbackTrampoline (node:internal/async_hooks:130:17)[39m
    at [90mC:\playwright-project\[39msrc\utils\test-framework.ts:546:11
    at LevelTestRunner.executeWithRetry [90m(C:\playwright-project\[39msrc\utils\test-framework.ts:570:16[90m)[39m
    at LevelTestRunner.verifyBookingConfirmation [90m(C:\playwright-project\[39msrc\utils\test-framework.ts:544:7[90m)[39m
    at LevelTestRunner.runCompleteTest [90m(C:\playwright-project\[39msrc\utils\test-framework.ts:641:7[90m)[39m
    at runSingleTest [90m(C:\playwright-project\[39msrc\utils\test-framework.ts:675:17[90m)[39m
    at [90mC:\playwright-project\[39msrc\tests\NoExtraNoSeat.spec.ts:79:7
    at [90mC:\playwright-project\[39mnode_modules\[4mplaywright[24m\lib\worker\workerMain.js:339:9
    at [90mC:\playwright-project\[39mnode_modules\[4mplaywright[24m\lib\worker\testInfo.js:286:11
    at TimeoutManager.withRunnable [90m(C:\playwright-project\[39mnode_modules\[4mplaywright[24m\lib\worker\timeoutManager.js:64:14[90m)[39m
    at TestInfoImpl._runAsStage [90m(C:\playwright-project\[39mnode_modules\[4mplaywright[24m\lib\worker\testInfo.js:284:7[90m)[39m
    at [90mC:\playwright-project\[39mnode_modules\[4mplaywright[24m\lib\worker\workerMain.js:331:7
    at [90mC:\playwright-project\[39mnode_modules\[4mplaywright[24m\lib\worker\testInfo.js:286:11
    at TimeoutManager.withRunnable [90m(C:\playwright-project\[39mnode_modules\[4mplaywright[24m\lib\worker\timeoutManager.js:52:27[90m)[39m
    at TestInfoImpl._runAsStage [90m(C:\playwright-project\[39mnode_modules\[4mplaywright[24m\lib\worker\testInfo.js:284:7[90m)[39m
    at WorkerMain._runTest [90m(C:\playwright-project\[39mnode_modules\[4mplaywright[24m\lib\worker\workerMain.js:281:5[90m)[39m
    at WorkerMain.runTestGroup [90m(C:\playwright-project\[39mnode_modules\[4mplaywright[24m\lib\worker\workerMain.js:205:11[90m)[39m
    at process.&lt;anonymous&gt; [90m(C:\playwright-project\[39mnode_modules\[4mplaywright[24m\lib\common\process.js:95:22[90m)[39m {
  fatal: [33mtrue[39m
}

</system-err>
</step><step name="Pruebas de cabinas Premium (One-Way)"><failure message="NoExtraNoSeat.spec.ts:84:9 11. Compra 1 adulto - Premium Light - sin asistencia - sin asiento - sin extras (One-Way)" type="FAILURE">
  [chromium] › NoExtraNoSeat.spec.ts:84:9 › Pruebas de vuelos de solo ida (One-Way) › Pruebas de cabinas Premium (One-Way) › 11. Compra 1 adulto - Premium Light - sin asistencia - sin asiento - sin extras (One-Way) 

    Test timeout of 360000ms exceeded.

    Error: browserContext.close: Test ended.
    Browser logs:

    &lt;launching&gt; C:\Users\SofiaMartínezLópez\AppData\Local\ms-playwright\chromium_headless_shell-1148\chrome-win\headless_shell.exe --disable-field-trial-config --disable-background-networking --disable-background-timer-throttling --disable-backgrounding-occluded-windows --disable-back-forward-cache --disable-breakpad --disable-client-side-phishing-detection --disable-component-extensions-with-background-pages --disable-component-update --no-default-browser-check --disable-default-apps --disable-dev-shm-usage --disable-extensions --disable-features=ImprovedCookieControls,LazyFrameLoading,GlobalMediaControls,DestroyProfileOnBrowserClose,MediaRouter,DialMediaRouteProvider,AcceptCHFrame,AutoExpandDetailsElement,CertificateTransparencyComponentUpdater,AvoidUnnecessaryBeforeUnloadCheckSync,Translate,HttpsUpgrades,PaintHolding,ThirdPartyStoragePartitioning,LensOverlay,PlzDedicatedWorker --allow-pre-commit-input --disable-hang-monitor --disable-ipc-flooding-protection --disable-popup-blocking --disable-prompt-on-repost --disable-renderer-backgrounding --force-color-profile=srgb --metrics-recording-only --no-first-run --enable-automation --password-store=basic --use-mock-keychain --no-service-autorun --export-tagged-pdf --disable-search-engine-choice-screen --unsafely-disable-devtools-self-xss-warnings --headless --hide-scrollbars --mute-audio --blink-settings=primaryHoverType=2,availableHoverTypes=2,primaryPointerType=4,availablePointerTypes=4 --no-sandbox --user-data-dir=C:\Users\SOFIAM~1\AppData\Local\Temp\playwright_chromiumdev_profile-EViIfU --remote-debugging-pipe --no-startup-window
    &lt;launched&gt; pid=14108
    [pid=14108][err] [0305/085333.864:ERROR:gles2_cmd_decoder_passthrough.cc(1053)] [GroupMarkerNotSet(crbug.com/242999)!:A030BF00143E0000]Automatic fallback to software WebGL has been deprecated. Please use the --enable-unsafe-swiftshader flag to opt in to lower security guarantees for trusted content.
    [pid=14108][err] [0305/085333.960:ERROR:gl_utils.cc(426)] [.WebGL-0x4ebc09b5db00]GL Driver Message (OpenGL, Performance, GL_CLOSE_PATH_NV, High): GPU stall due to ReadPixels
    [pid=14108][err] [0305/085335.255:ERROR:gles2_cmd_decoder_passthrough.cc(1053)] [GroupMarkerNotSet(crbug.com/242999)!:A060BF00143E0000]Automatic fallback to software WebGL has been deprecated. Please use the --enable-unsafe-swiftshader flag to opt in to lower security guarantees for trusted content.
    [pid=14108][err] [0305/085335.290:ERROR:gl_utils.cc(426)] [.WebGL-0x4ebc068ce900]GL Driver Message (OpenGL, Performance, GL_CLOSE_PATH_NV, High): GPU stall due to ReadPixels
    [pid=14108][err] [0305/085336.026:ERROR:gles2_cmd_decoder_passthrough.cc(1053)] [GroupMarkerNotSet(crbug.com/242999)!:A090BF00143E0000]Automatic fallback to software WebGL has been deprecated. Please use the --enable-unsafe-swiftshader flag to opt in to lower security guarantees for trusted content.
    [pid=14108][err] [0305/085336.121:ERROR:gles2_cmd_decoder_passthrough.cc(1053)] [GroupMarkerNotSet(crbug.com/242999)!:A030BF00143E0000]Automatic fallback to software WebGL has been deprecated. Please use the --enable-unsafe-swiftshader flag to opt in to lower security guarantees for trusted content.
    [pid=14108][err] [0305/085336.131:ERROR:gles2_cmd_decoder_passthrough.cc(1053)] [GroupMarkerNotSet(crbug.com/242999)!:A040C600143E0000]Automatic fallback to software WebGL has been deprecated. Please use the --enable-unsafe-swiftshader flag to opt in to lower security guarantees for trusted content.
    [pid=14108][err] [0305/085336.142:ERROR:gl_utils.cc(426)] [.WebGL-0x4ebc03884e00]GL Driver Message (OpenGL, Performance, GL_CLOSE_PATH_NV, High): GPU stall due to ReadPixels
    [pid=14108][err] [0305/085336.177:ERROR:gles2_cmd_decoder_passthrough.cc(1053)] [GroupMarkerNotSet(crbug.com/242999)!:A070C600143E0000]Automatic fallback to software WebGL has been deprecated. Please use the --enable-unsafe-swiftshader flag to opt in to lower security guarantees for trusted content.
    [pid=14108][err] [0305/085336.187:ERROR:gles2_cmd_decoder_passthrough.cc(1053)] [GroupMarkerNotSet(crbug.com/242999)!:A0A0C600143E0000]Automatic fallback to software WebGL has been deprecated. Please use the --enable-unsafe-swiftshader flag to opt in to lower security guarantees for trusted content.
    [pid=14108][err] [0305/085336.650:ERROR:web_contents_delegate.cc(283)] WebContentsDelegate::CheckMediaAccessPermission: Not supported.
    [pid=14108][err] [0305/085336.650:ERROR:web_contents_delegate.cc(283)] WebContentsDelegate::CheckMediaAccessPermission: Not supported.
    [pid=14108][err] [0305/085336.708:ERROR:gles2_cmd_decoder_passthrough.cc(1053)] [GroupMarkerNotSet(crbug.com/242999)!:A0D0C600143E0000]Automatic fallback to software WebGL has been deprecated. Please use the --enable-unsafe-swiftshader flag to opt in to lower security guarantees for trusted content.
    [pid=14108][err] [0305/085336.749:ERROR:gles2_cmd_decoder_passthrough.cc(1053)] [GroupMarkerNotSet(crbug.com/242999)!:A080CA00143E0000]Automatic fallback to software WebGL has been deprecated. Please use the --enable-unsafe-swiftshader flag to opt in to lower security guarantees for trusted content.
    [pid=14108][err] [0305/085336.762:ERROR:gles2_cmd_decoder_passthrough.cc(1053)] [GroupMarkerNotSet(crbug.com/242999)!:A0B0CA00143E0000]Automatic fallback to software WebGL has been deprecated. Please use the --enable-unsafe-swiftshader flag to opt in to lower security guarantees for trusted content.
    [pid=14108][err] [0305/085336.778:ERROR:gl_utils.cc(426)] [.WebGL-0x4ebc068c2a00]GL Driver Message (OpenGL, Performance, GL_CLOSE_PATH_NV, High): GPU stall due to ReadPixels (this message will no longer repeat)
    [pid=14108][err] [0305/085336.813:ERROR:gles2_cmd_decoder_passthrough.cc(1053)] [GroupMarkerNotSet(crbug.com/242999)!:A0E0CA00143E0000]Automatic fallback to software WebGL has been deprecated. Please use the --enable-unsafe-swiftshader flag to opt in to lower security guarantees for trusted content.
    [pid=14108][err] [0305/085336.826:ERROR:gles2_cmd_decoder_passthrough.cc(1053)] [GroupMarkerNotSet(crbug.com/242999)!:A010CB00143E0000]Automatic fallback to software WebGL has been deprecated. Please use the --enable-unsafe-swiftshader flag to opt in to lower security guarantees for trusted content.
    [pid=14108][err] [0305/085336.966:ERROR:web_contents_delegate.cc(283)] WebContentsDelegate::CheckMediaAccessPermission: Not supported.
    [pid=14108][err] [0305/085336.966:ERROR:web_contents_delegate.cc(283)] WebContentsDelegate::CheckMediaAccessPermission: Not supported.
    [pid=14108][err] [0305/085541.703:ERROR:gles2_cmd_decoder_passthrough.cc(1053)] [GroupMarkerNotSet(crbug.com/242999)!:A070C600143E0000]Automatic fallback to software WebGL has been deprecated. Please use the --enable-unsafe-swiftshader flag to opt in to lower security guarantees for trusted content.
    [pid=14108][err] [0305/085543.071:ERROR:gles2_cmd_decoder_passthrough.cc(1053)] [GroupMarkerNotSet(crbug.com/242999)!:A0A0C600143E0000]Automatic fallback to software WebGL has been deprecated. Please use the --enable-unsafe-swiftshader flag to opt in to lower security guarantees for trusted content.
    [pid=14108][err] [0305/085543.951:ERROR:gles2_cmd_decoder_passthrough.cc(1053)] [GroupMarkerNotSet(crbug.com/242999)!:A0D0C600143E0000]Automatic fallback to software WebGL has been deprecated. Please use the --enable-unsafe-swiftshader flag to opt in to lower security guarantees for trusted content.
    [pid=14108][err] [0305/085544.074:ERROR:gles2_cmd_decoder_passthrough.cc(1053)] [GroupMarkerNotSet(crbug.com/242999)!:A080CA00143E0000]Automatic fallback to software WebGL has been deprecated. Please use the --enable-unsafe-swiftshader flag to opt in to lower security guarantees for trusted content.
    [pid=14108][err] [0305/085544.087:ERROR:gles2_cmd_decoder_passthrough.cc(1053)] [GroupMarkerNotSet(crbug.com/242999)!:A0B0CA00143E0000]Automatic fallback to software WebGL has been deprecated. Please use the --enable-unsafe-swiftshader flag to opt in to lower security guarantees for trusted content.
    [pid=14108][err] [0305/085544.136:ERROR:gles2_cmd_decoder_passthrough.cc(1053)] [GroupMarkerNotSet(crbug.com/242999)!:A0E0CA00143E0000]Automatic fallback to software WebGL has been deprecated. Please use the --enable-unsafe-swiftshader flag to opt in to lower security guarantees for trusted content.
[...]
    at runSingleTest [90m(C:\playwright-project\[39msrc\utils\test-framework.ts:675:17[90m)[39m
    at [90mC:\playwright-project\[39msrc\tests\NoExtraNoSeat.spec.ts:168:7
[ERROR] Error durante la ejecución de la prueba ROUND-TRIP: 13. Compra 1 adulto - Premium Comfort - Economy Extra: page.waitForTimeout: Target page, context or browser has been closed
    at action [90m(C:\playwright-project\[39msrc\utils\test-framework.ts:199:27[90m)[39m
    at LevelTestRunner.executeWithRetry [90m(C:\playwright-project\[39msrc\utils\test-framework.ts:570:22[90m)[39m
    at LevelTestRunner.selectFlightDates [90m(C:\playwright-project\[39msrc\utils\test-framework.ts:197:7[90m)[39m
    at LevelTestRunner.runCompleteTest [90m(C:\playwright-project\[39msrc\utils\test-framework.ts:611:7[90m)[39m
    at runSingleTest [90m(C:\playwright-project\[39msrc\utils\test-framework.ts:675:17[90m)[39m
    at [90mC:\playwright-project\[39msrc\tests\NoExtraNoSeat.spec.ts:168:7

</system-err>
</step><step name="Pruebas de cabinas Premium (Round-Trip)"><failure message="NoExtraNoSeat.spec.ts:171:9 14. Compra 1 adulto - Premium Extra - sin asistencia - sin asiento - sin extras (Round-Trip)" type="FAILURE">
  [chromium] › NoExtraNoSeat.spec.ts:171:9 › Pruebas de vuelos de ida y vuelta (Round-Trip) › Pruebas de cabinas Premium (Round-Trip) › 14. Compra 1 adulto - Premium Extra - sin asistencia - sin asiento - sin extras (Round-Trip) 

    Test timeout of 360000ms exceeded.

    Error: browserContext.close: Target page, context or browser has been closed

       at ..\utils\test-framework.ts:680

      678 |     } finally {
      679 |       await page.close();
    &gt; 680 |       await context.close();
          |       ^
      681 |     }
      682 |     
      683 |     if (success) {
        at runSingleTest (C:\playwright-project\src\utils\test-framework.ts:680:7)
        at C:\playwright-project\src\tests\NoExtraNoSeat.spec.ts:172:7

    attachment #1: screenshot (image/png) ──────────────────────────────────────────────────────────
    test-results\NoExtraNoSeat-Pruebas-de-v-3fbc8-to---sin-extras-Round-Trip--chromium\test-failed-1.png
    ────────────────────────────────────────────────────────────────────────────────────────────────

</failure>
<system-out>
[INFO] Ejecutando prueba: ROUND-TRIP: 14. Compra 1 adulto - Premium Extra
[INFO] Intento 1/5
[INFO] Iniciando prueba: ROUND-TRIP: 14. Compra 1 adulto - Premium Extra
[INFO] Inicializando test
[INFO] Cookies aceptadas
[INFO] Configurando idioma y moneda
[INFO] Intentando setLanguageAndCurrency (1/3)
[INFO] Idioma configurado a EN, Moneda configurada a USD
[INFO] Test inicializado correctamente
[INFO] Seleccionando origen: SCL, destino: BCN
[INFO] Origen y destino seleccionados correctamente
[INFO] Tipo de viaje se mantiene como ida y vuelta (por defecto)
[INFO] Seleccionando fechas de vuelo
[INFO] Intentando selectFlightDates (1/3)
[INFO] Intentando selectFlightDates (2/3)
[INFO] Intentando selectFlightDates (3/3)
[INFO] Captura de pantalla guardada en: test-results/screenshots/selectFlightDates-error-1741162216604.png
[INFO] Intento 2/5
[INFO] Iniciando prueba: ROUND-TRIP: 14. Compra 1 adulto - Premium Extra
[INFO] Inicializando test
[INFO] Cookies aceptadas
[INFO] Configurando idioma y moneda
[INFO] Intentando setLanguageAndCurrency (1/3)
[INFO] Idioma configurado a EN, Moneda configurada a USD
[INFO] Test inicializado correctamente
[INFO] Seleccionando origen: SCL, destino: BCN
[INFO] Origen y destino seleccionados correctamente
[INFO] Tipo de viaje se mantiene como ida y vuelta (por defecto)
[INFO] Seleccionando fechas de vuelo
[INFO] Intentando selectFlightDates (1/3)
[INFO] Intentando selectFlightDates (2/3)
[INFO] Intentando selectFlightDates (3/3)

</system-out>
<system-err>
Error managing round trip flow: Cannot read properties of undefined (reading 'click')
[WARN] selectFlightDates falló, reintentando... TypeError: Cannot read properties of undefined (reading 'click')
    at selectRoundTripDates [90m(C:\playwright-project\[39msrc\page-objects\searchPage.ts:140:51[90m)[39m
    at [90mC:\playwright-project\[39msrc\utils\test-framework.ts:200:11
    at LevelTestRunner.executeWithRetry [90m(C:\playwright-project\[39msrc\utils\test-framework.ts:570:16[90m)[39m
    at LevelTestRunner.selectFlightDates [90m(C:\playwright-project\[39msrc\utils\test-framework.ts:197:7[90m)[39m
    at LevelTestRunner.runCompleteTest [90m(C:\playwright-project\[39msrc\utils\test-framework.ts:611:7[90m)[39m
    at runSingleTest [90m(C:\playwright-project\[39msrc\utils\test-framework.ts:675:17[90m)[39m
    at [90mC:\playwright-project\[39msrc\tests\NoExtraNoSeat.spec.ts:172:7
    at [90mC:\playwright-project\[39mnode_modules\[4mplaywright[24m\lib\worker\workerMain.js:339:9
    at [90mC:\playwright-project\[39mnode_modules\[4mplaywright[24m\lib\worker\testInfo.js:286:11
    at TimeoutManager.withRunnable [90m(C:\playwright-project\[39mnode_modules\[4mplaywright[24m\lib\worker\timeoutManager.js:64:14[90m)[39m
    at TestInfoImpl._runAsStage [90m(C:\playwright-project\[39mnode_modules\[4mplaywright[24m\lib\worker\testInfo.js:284:7[90m)[39m
    at [90mC:\playwright-project\[39mnode_modules\[4mplaywright[24m\lib\worker\workerMain.js:331:7
    at [90mC:\playwright-project\[39mnode_modules\[4mplaywright[24m\lib\worker\testInfo.js:286:11
    at TimeoutManager.withRunnable [90m(C:\playwright-project\[39mnode_modules\[4mplaywright[24m\lib\worker\timeoutManager.js:52:27[90m)[39m
    at TestInfoImpl._runAsStage [90m(C:\playwright-project\[39mnode_modules\[4mplaywright[24m\lib\worker\testInfo.js:284:7[90m)[39m
    at WorkerMain._runTest [90m(C:\playwright-project\[39mnode_modules\[4mplaywright[24m\lib\worker\workerMain.js:281:5[90m)[39m
    at WorkerMain.runTestGroup [90m(C:\playwright-project\[39mnode_modules\[4mplaywright[24m\lib\worker\workerMain.js:205:11[90m)[39m
    at process.&lt;anonymous&gt; [90m(C:\playwright-project\[39mnode_modules\[4mplaywright[24m\lib\common\process.js:95:22[90m)[39m
Error managing round trip flow: Cannot read properties of undefined (reading 'click')
[WARN] selectFlightDates falló, reintentando... TypeError: Cannot read properties of undefined (reading 'click')
    at selectRoundTripDates [90m(C:\playwright-project\[39msrc\page-objects\searchPage.ts:96:45[90m)[39m
    at [90mC:\playwright-project\[39msrc\utils\test-framework.ts:200:11
    at LevelTestRunner.executeWithRetry [90m(C:\playwright-project\[39msrc\utils\test-framework.ts:570:16[90m)[39m
    at LevelTestRunner.selectFlightDates [90m(C:\playwright-project\[39msrc\utils\test-framework.ts:197:7[90m)[39m
    at LevelTestRunner.runCompleteTest [90m(C:\playwright-project\[39msrc\utils\test-framework.ts:611:7[90m)[39m
    at runSingleTest [90m(C:\playwright-project\[39msrc\utils\test-framework.ts:675:17[90m)[39m
    at [90mC:\playwright-project\[39msrc\tests\NoExtraNoSeat.spec.ts:172:7
    at [90mC:\playwright-project\[39mnode_modules\[4mplaywright[24m\lib\worker\workerMain.js:339:9
    at [90mC:\playwright-project\[39mnode_modules\[4mplaywright[24m\lib\worker\testInfo.js:286:11
    at TimeoutManager.withRunnable [90m(C:\playwright-project\[39mnode_modules\[4mplaywright[24m\lib\worker\timeoutManager.js:64:14[90m)[39m
    at TestInfoImpl._runAsStage [90m(C:\playwright-project\[39mnode_modules\[4mplaywright[24m\lib\worker\testInfo.js:284:7[90m)[39m
    at [90mC:\playwright-project\[39mnode_modules\[4mplaywright[24m\lib\worker\workerMain.js:331:7
    at [90mC:\playwright-project\[39mnode_modules\[4mplaywright[24m\lib\worker\testInfo.js:286:11
    at TimeoutManager.withRunnable [90m(C:\playwright-project\[39mnode_modules\[4mplaywright[24m\lib\worker\timeoutManager.js:52:27[90m)[39m
    at TestInfoImpl._runAsStage [90m(C:\playwright-project\[39mnode_modules\[4mplaywright[24m\lib\worker\testInfo.js:284:7[90m)[39m
    at WorkerMain._runTest [90m(C:\playwright-project\[39mnode_modules\[4mplaywright[24m\lib\worker\workerMain.js:281:5[90m)[39m
    at WorkerMain.runTestGroup [90m(C:\playwright-project\[39mnode_modules\[4mplaywright[24m\lib\worker\workerMain.js:205:11[90m)[39m
    at process.&lt;anonymous&gt; [90m(C:\playwright-project\[39mnode_modules\[4mplaywright[24m\lib\common\process.js:95:22[90m)[39m
Error managing round trip flow: Cannot read properties of undefined (reading 'click')
[ERROR] Error al seleccionar fechas de vuelo TypeError: Cannot read properties of undefined (reading 'click')
    at selectRoundTripDates [90m(C:\playwright-project\[39msrc\page-objects\searchPage.ts:96:45[90m)[39m
    at [90mC:\playwright-project\[39msrc\utils\test-framework.ts:200:11
    at LevelTestRunner.executeWithRetry [90m(C:\playwright-project\[39msrc\utils\test-framework.ts:570:16[90m)[39m
    at LevelTestRunner.selectFlightDates [90m(C:\playwright-project\[39msrc\utils\test-framework.ts:197:7[90m)[39m
    at LevelTestRunner.runCompleteTest [90m(C:\playwright-project\[39msrc\utils\test-framework.ts:611:7[90m)[39m
    at runSingleTest [90m(C:\playwright-project\[39msrc\utils\test-framework.ts:675:17[90m)[39m
    at [90mC:\playwright-project\[39msrc\tests\NoExtraNoSeat.spec.ts:172:7
    at [90mC:\playwright-project\[39mnode_modules\[4mplaywright[24m\lib\worker\workerMain.js:339:9
    at [90mC:\playwright-project\[39mnode_modules\[4mplaywright[24m\lib\worker\testInfo.js:286:11
    at TimeoutManager.withRunnable [90m(C:\playwright-project\[39mnode_modules\[4mplaywright[24m\lib\worker\timeoutManager.js:64:14[90m)[39m
    at TestInfoImpl._runAsStage [90m(C:\playwright-project\[39mnode_modules\[4mplaywright[24m\lib\worker\testInfo.js:284:7[90m)[39m
    at [90mC:\playwright-project\[39mnode_modules\[4mplaywright[24m\lib\worker\workerMain.js:331:7
    at [90mC:\playwright-project\[39mnode_modules\[4mplaywright[24m\lib\worker\testInfo.js:286:11
    at TimeoutManager.withRunnable [90m(C:\playwright-project\[39mnode_modules\[4mplaywright[24m\lib\worker\timeoutManager.js:52:27[90m)[39m
    at TestInfoImpl._runAsStage [90m(C:\playwright-project\[39mnode_modules\[4mplaywright[24m\lib\worker\testInfo.js:284:7[90m)[39m
    at WorkerMain._runTest [90m(C:\playwright-project\[39mnode_modules\[4mplaywright[24m\lib\worker\workerMain.js:281:5[90m)[39m
    at WorkerMain.runTestGroup [90m(C:\playwright-project\[39mnode_modules\[4mplaywright[24m\lib\worker\workerMain.js:205:11[90m)[39m
    at process.&lt;anonymous&gt; [90m(C:\playwright-project\[39mnode_modules\[4mplaywright[24m\lib\common\process.js:95:22[90m)[39m
[ERROR] Error durante la ejecución de la prueba ROUND-TRIP: 14. Compra 1 adulto - Premium Extra: TypeError: Cannot read properties of undefined (reading 'click')
    at selectRoundTripDates [90m(C:\playwright-project\[39msrc\page-objects\searchPage.ts:96:45[90m)[39m
    at [90mC:\playwright-project\[39msrc\utils\test-framework.ts:200:11
    at LevelTestRunner.executeWithRetry [90m(C:\playwright-project\[39msrc\utils\test-framework.ts:570:16[90m)[39m
    at LevelTestRunner.selectFlightDates [90m(C:\playwright-project\[39msrc\utils\test-framework.ts:197:7[90m)[39m
    at LevelTestRunner.runCompleteTest [90m(C:\playwright-project\[39msrc\utils\test-framework.ts:611:7[90m)[39m
    at runSingleTest [90m(C:\playwright-project\[39msrc\utils\test-framework.ts:675:17[90m)[39m
    at [90mC:\playwright-project\[39msrc\tests\NoExtraNoSeat.spec.ts:172:7
    at [90mC:\playwright-project\[39mnode_modules\[4mplaywright[24m\lib\worker\workerMain.js:339:9
    at [90mC:\playwright-project\[39mnode_modules\[4mplaywright[24m\lib\worker\testInfo.js:286:11
    at TimeoutManager.withRunnable [90m(C:\playwright-project\[39mnode_modules\[4mplaywright[24m\lib\worker\timeoutManager.js:64:14[90m)[39m
    at TestInfoImpl._runAsStage [90m(C:\playwright-project\[39mnode_modules\[4mplaywright[24m\lib\worker\testInfo.js:284:7[90m)[39m
    at [90mC:\playwright-project\[39mnode_modules\[4mplaywright[24m\lib\worker\workerMain.js:331:7
    at [90mC:\playwright-project\[39mnode_modules\[4mplaywright[24m\lib\worker\testInfo.js:286:11
    at TimeoutManager.withRunnable [90m(C:\playwright-project\[39mnode_modules\[4mplaywright[24m\lib\worker\timeoutManager.js:52:27[90m)[39m
    at TestInfoImpl._runAsStage [90m(C:\playwright-project\[39mnode_modules\[4mplaywright[24m\lib\worker\testInfo.js:284:7[90m)[39m
    at WorkerMain._runTest [90m(C:\playwright-project\[39mnode_modules\[4mplaywright[24m\lib\worker\workerMain.js:281:5[90m)[39m
    at WorkerMain.runTestGroup [90m(C:\playwright-project\[39mnode_modules\[4mplaywright[24m\lib\worker\workerMain.js:205:11[90m)[39m
    at process.&lt;anonymous&gt; [90m(C:\playwright-project\[39mnode_modules\[4mplaywright[24m\lib\common\process.js:95:22[90m)[39m
Error managing round trip flow: Cannot read properties of undefined (reading 'click')
[WARN] selectFlightDates falló, reintentando... TypeError: Cannot read properties of undefined (reading 'click')
    at selectRoundTripDates [90m(C:\playwright-project\[39msrc\page-objects\searchPage.ts:140:51[90m)[39m
    at [90mC:\playwright-project\[39msrc\utils\test-framework.ts:200:11
    at LevelTestRunner.executeWithRetry [90m(C:\playwright-project\[39msrc\utils\test-framework.ts:570:16[90m)[39m
    at LevelTestRunner.selectFlightDates [90m(C:\playwright-project\[39msrc\utils\test-framework.ts:197:7[90m)[39m
    at LevelTestRunner.runCompleteTest [90m(C:\playwright-project\[39msrc\utils\test-framework.ts:611:7[90m)[39m
    at runSingleTest [90m(C:\playwright-project\[39msrc\utils\test-framework.ts:675:17[90m)[39m
    at [90mC:\playwright-project\[39msrc\tests\NoExtraNoSeat.spec.ts:172:7
    at [90mC:\playwright-project\[39mnode_modules\[4mplaywright[24m\lib\worker\workerMain.js:339:9
    at [90mC:\playwright-project\[39mnode_modules\[4mplaywright[24m\lib\worker\testInfo.js:286:11
    at TimeoutManager.withRunnable [90m(C:\playwright-project\[39mnode_modules\[4mplaywright[24m\lib\worker\timeoutManager.js:64:14[90m)[39m
    at TestInfoImpl._runAsStage [90m(C:\playwright-project\[39mnode_modules\[4mplaywright[24m\lib\worker\testInfo.js:284:7[90m)[39m
    at [90mC:\playwright-project\[39mnode_modules\[4mplaywright[24m\lib\worker\workerMain.js:331:7
    at [90mC:\playwright-project\[39mnode_modules\[4mplaywright[24m\lib\worker\testInfo.js:286:11
    at TimeoutManager.withRunnable [90m(C:\playwright-project\[39mnode_modules\[4mplaywright[24m\lib\worker\timeoutManager.js:52:27[90m)[39m
    at TestInfoImpl._runAsStage [90m(C:\playwright-project\[39mnode_modules\[4mplaywright[24m\lib\worker\testInfo.js:284:7[90m)[39m
    at WorkerMain._runTest [90m(C:\playwright-project\[39mnode_modules\[4mplaywright[24m\lib\worker\workerMain.js:281:5[90m)[39m
    at WorkerMain.runTestGroup [90m(C:\playwright-project\[39mnode_modules\[4mplaywright[24m\lib\worker\workerMain.js:205:11[90m)[39m
    at process.&lt;anonymous&gt; [90m(C:\playwright-project\[39mnode_modules\[4mplaywright[24m\lib\common\process.js:95:22[90m)[39m
Error managing round trip flow: locator.click: Test ended.
Call log:
[2m  - waiting for getByLabel('Choose Saturday, July 26th,').nth(1)[22m
[2m    - locator resolved to &lt;div title="" tabindex="-1" role="option" aria-disabled="false" aria-selected="false" aria-label="Choose Saturday, July 26th, 2025" class="react-datepicker__day react-datepicker__day react-datepicker__day--026 react-datepicker__day--weekend"&gt;…&lt;/div&gt;[22m
[2m  - attempting click action[22m
[2m    2 × waiting for element to be visible, enabled and stable[22m
[2m      - element is not visible[22m
[2m    - retrying click action[22m
[2m    - waiting 20ms[22m
[2m    2 × waiting for element to be visible, enabled and stable[22m
[2m      - element is not visible[22m
[2m    - retrying click action[22m
[2m      - waiting 100ms[22m
[2m    318 × waiting for element to be visible, enabled and stable[22m
[2m        - element is not visible[22m
[2m      - retrying click action[22m
[2m        - waiting 500ms[22m

[WARN] selectFlightDates falló, reintentando... locator.click: Test ended.
Call log:
[2m  - waiting for getByLabel('Choose Saturday, July 26th,').nth(1)[22m
[2m    - locator resolved to &lt;div title="" tabindex="-1" role="option" aria-disabled="false" aria-selected="false" aria-label="Choose Saturday, July 26th, 2025" class="react-datepicker__day react-datepicker__day react-datepicker__day--026 react-datepicker__day--weekend"&gt;…&lt;/div&gt;[22m
[2m  - attempting click action[22m
[2m    2 × waiting for element to be visible, enabled and stable[22m
[2m      - element is not visible[22m
[2m    - retrying click action[22m
[2m    - waiting 20ms[22m
[2m    2 × waiting for element to be visible, enabled and stable[22m
[2m      - element is not visible[22m
[2m    - retrying click action[22m
[2m      - waiting 100ms[22m
[2m    318 × waiting for element to be visible, enabled and stable[22m
[2m        - element is not visible[22m
[2m      - retrying click action[22m
[2m        - waiting 500ms[22m

    at selectRoundTripDates [90m(C:\playwright-project\[39msrc\page-objects\searchPage.ts:140:51[90m)[39m
    at [90mC:\playwright-project\[39msrc\utils\test-framework.ts:200:11
    at LevelTestRunner.executeWithRetry [90m(C:\playwright-project\[39msrc\utils\test-framework.ts:570:16[90m)[39m
    at LevelTestRunner.selectFlightDates [90m(C:\playwright-project\[39msrc\utils\test-framework.ts:197:7[90m)[39m
    at LevelTestRunner.runCompleteTest [90m(C:\playwright-project\[39msrc\utils\test-framework.ts:611:7[90m)[39m
    at runSingleTest [90m(C:\playwright-project\[39msrc\utils\test-framework.ts:675:17[90m)[39m
    at [90mC:\playwright-project\[39msrc\tests\NoExtraNoSeat.spec.ts:172:7
[ERROR] Error al tomar captura de pantalla para selectFlightDates page.screenshot: Target page, context or browser has been closed
    at LevelTestRunner.takeErrorScreenshot [90m(C:\playwright-project\[39msrc\utils\test-framework.ts:588:23[90m)[39m
    at LevelTestRunner.executeWithRetry [90m(C:\playwright-project\[39msrc\utils\test-framework.ts:573:22[90m)[39m
    at LevelTestRunner.selectFlightDates [90m(C:\playwright-project\[39msrc\utils\test-framework.ts:197:7[90m)[39m
    at LevelTestRunner.runCompleteTest [90m(C:\playwright-project\[39msrc\utils\test-framework.ts:611:7[90m)[39m
    at runSingleTest [90m(C:\playwright-project\[39msrc\utils\test-framework.ts:675:17[90m)[39m
    at [90mC:\playwright-project\[39msrc\tests\NoExtraNoSeat.spec.ts:172:7
[ERROR] Error al seleccionar fechas de vuelo page.waitForTimeout: Target page, context or browser has been closed
    at action [90m(C:\playwright-project\[39msrc\utils\test-framework.ts:199:27[90m)[39m
    at LevelTestRunner.executeWithRetry [90m(C:\playwright-project\[39msrc\utils\test-framework.ts:570:22[90m)[39m
    at LevelTestRunner.selectFlightDates [90m(C:\playwright-project\[39msrc\utils\test-framework.ts:197:7[90m)[39m
    at LevelTestRunner.runCompleteTest [90m(C:\playwright-project\[39msrc\utils\test-framework.ts:611:7[90m)[39m
    at runSingleTest [90m(C:\playwright-project\[39msrc\utils\test-framework.ts:675:17[90m)[39m
    at [90mC:\playwright-project\[39msrc\tests\NoExtraNoSeat.spec.ts:172:7
[ERROR] Error durante la ejecución de la prueba ROUND-TRIP: 14. Compra 1 adulto - Premium Extra: page.waitForTimeout: Target page, context or browser has been closed
    at action [90m(C:\playwright-project\[39msrc\utils\test-framework.ts:199:27[90m)[39m
    at LevelTestRunner.executeWithRetry [90m(C:\playwright-project\[39msrc\utils\test-framework.ts:570:22[90m)[39m
    at LevelTestRunner.selectFlightDates [90m(C:\playwright-project\[39msrc\utils\test-framework.ts:197:7[90m)[39m
    at LevelTestRunner.runCompleteTest [90m(C:\playwright-project\[39msrc\utils\test-framework.ts:611:7[90m)[39m
    at runSingleTest [90m(C:\playwright-project\[39msrc\utils\test-framework.ts:675:17[90m)[39m
    at [90mC:\playwright-project\[39msrc\tests\NoExtraNoSeat.spec.ts:172:7

Warning: attachment NoExtraNoSeat-Pruebas-de-v-3fbc8-to---sin-extras-Round-Trip--chromium\test-failed-1.png is missing
</system-err>
</step></steps></testcase></testsuite></testsuites>